mode: set
github.com/lukcba/club-pulse-system-api/backend/internal/modules/facilities/application/semantic_search.go:23.86,28.2 1 0
github.com/lukcba/club-pulse-system-api/backend/internal/modules/facilities/application/semantic_search.go:32.128,33.16 1 0
github.com/lukcba/club-pulse-system-api/backend/internal/modules/facilities/application/semantic_search.go:33.16,35.3 1 0
github.com/lukcba/club-pulse-system-api/backend/internal/modules/facilities/application/semantic_search.go:38.2,42.16 3 0
github.com/lukcba/club-pulse-system-api/backend/internal/modules/facilities/application/semantic_search.go:42.16,44.3 1 0
github.com/lukcba/club-pulse-system-api/backend/internal/modules/facilities/application/semantic_search.go:47.2,48.28 2 0
github.com/lukcba/club-pulse-system-api/backend/internal/modules/facilities/application/semantic_search.go:48.28,53.3 1 0
github.com/lukcba/club-pulse-system-api/backend/internal/modules/facilities/application/semantic_search.go:55.2,55.27 1 0
github.com/lukcba/club-pulse-system-api/backend/internal/modules/facilities/application/semantic_search.go:59.114,68.2 3 0
github.com/lukcba/club-pulse-system-api/backend/internal/modules/facilities/application/semantic_search.go:71.105,73.16 2 0
github.com/lukcba/club-pulse-system-api/backend/internal/modules/facilities/application/semantic_search.go:73.16,75.3 1 0
github.com/lukcba/club-pulse-system-api/backend/internal/modules/facilities/application/semantic_search.go:77.2,78.33 2 0
github.com/lukcba/club-pulse-system-api/backend/internal/modules/facilities/application/semantic_search.go:78.33,79.64 1 0
github.com/lukcba/club-pulse-system-api/backend/internal/modules/facilities/application/semantic_search.go:79.64,81.12 1 0
github.com/lukcba/club-pulse-system-api/backend/internal/modules/facilities/application/semantic_search.go:83.3,83.10 1 0
github.com/lukcba/club-pulse-system-api/backend/internal/modules/facilities/application/semantic_search.go:86.2,86.19 1 0
github.com/lukcba/club-pulse-system-api/backend/internal/modules/facilities/application/semantic_search.go:90.51,95.41 3 0
github.com/lukcba/club-pulse-system-api/backend/internal/modules/facilities/application/semantic_search.go:95.41,97.3 1 0
github.com/lukcba/club-pulse-system-api/backend/internal/modules/facilities/application/semantic_search.go:98.2,98.31 1 0
github.com/lukcba/club-pulse-system-api/backend/internal/modules/facilities/application/semantic_search.go:98.31,100.3 1 0
github.com/lukcba/club-pulse-system-api/backend/internal/modules/facilities/application/semantic_search.go:101.2,101.30 1 0
github.com/lukcba/club-pulse-system-api/backend/internal/modules/facilities/application/semantic_search.go:101.30,103.3 1 0
github.com/lukcba/club-pulse-system-api/backend/internal/modules/facilities/application/semantic_search.go:104.2,104.48 1 0
github.com/lukcba/club-pulse-system-api/backend/internal/modules/facilities/application/semantic_search.go:104.48,106.3 1 0
github.com/lukcba/club-pulse-system-api/backend/internal/modules/facilities/application/semantic_search.go:109.2,112.13 3 0
github.com/lukcba/club-pulse-system-api/backend/internal/modules/facilities/application/usecases.go:17.108,22.2 1 1
github.com/lukcba/club-pulse-system-api/backend/internal/modules/facilities/application/usecases.go:35.129,38.18 2 1
github.com/lukcba/club-pulse-system-api/backend/internal/modules/facilities/application/usecases.go:38.18,40.3 1 1
github.com/lukcba/club-pulse-system-api/backend/internal/modules/facilities/application/usecases.go:41.2,42.18 2 1
github.com/lukcba/club-pulse-system-api/backend/internal/modules/facilities/application/usecases.go:42.18,44.3 1 1
github.com/lukcba/club-pulse-system-api/backend/internal/modules/facilities/application/usecases.go:46.2,62.54 2 1
github.com/lukcba/club-pulse-system-api/backend/internal/modules/facilities/application/usecases.go:62.54,64.3 1 1
github.com/lukcba/club-pulse-system-api/backend/internal/modules/facilities/application/usecases.go:66.2,66.22 1 1
github.com/lukcba/club-pulse-system-api/backend/internal/modules/facilities/application/usecases.go:69.127,70.16 1 0
github.com/lukcba/club-pulse-system-api/backend/internal/modules/facilities/application/usecases.go:70.16,72.3 1 0
github.com/lukcba/club-pulse-system-api/backend/internal/modules/facilities/application/usecases.go:73.2,73.49 1 0
github.com/lukcba/club-pulse-system-api/backend/internal/modules/facilities/application/usecases.go:76.107,77.14 1 0
github.com/lukcba/club-pulse-system-api/backend/internal/modules/facilities/application/usecases.go:77.14,79.3 1 0
github.com/lukcba/club-pulse-system-api/backend/internal/modules/facilities/application/usecases.go:80.2,80.41 1 0
github.com/lukcba/club-pulse-system-api/backend/internal/modules/facilities/application/usecases.go:91.133,93.16 2 1
github.com/lukcba/club-pulse-system-api/backend/internal/modules/facilities/application/usecases.go:93.16,95.3 1 0
github.com/lukcba/club-pulse-system-api/backend/internal/modules/facilities/application/usecases.go:96.2,96.21 1 1
github.com/lukcba/club-pulse-system-api/backend/internal/modules/facilities/application/usecases.go:96.21,98.3 1 1
github.com/lukcba/club-pulse-system-api/backend/internal/modules/facilities/application/usecases.go:100.2,100.21 1 1
github.com/lukcba/club-pulse-system-api/backend/internal/modules/facilities/application/usecases.go:100.21,102.3 1 1
github.com/lukcba/club-pulse-system-api/backend/internal/modules/facilities/application/usecases.go:103.2,103.23 1 1
github.com/lukcba/club-pulse-system-api/backend/internal/modules/facilities/application/usecases.go:103.23,105.3 1 0
github.com/lukcba/club-pulse-system-api/backend/internal/modules/facilities/application/usecases.go:106.2,106.28 1 1
github.com/lukcba/club-pulse-system-api/backend/internal/modules/facilities/application/usecases.go:106.28,108.3 1 0
github.com/lukcba/club-pulse-system-api/backend/internal/modules/facilities/application/usecases.go:109.2,109.28 1 1
github.com/lukcba/club-pulse-system-api/backend/internal/modules/facilities/application/usecases.go:109.28,111.3 1 0
github.com/lukcba/club-pulse-system-api/backend/internal/modules/facilities/application/usecases.go:112.2,112.31 1 1
github.com/lukcba/club-pulse-system-api/backend/internal/modules/facilities/application/usecases.go:112.31,119.3 1 0
github.com/lukcba/club-pulse-system-api/backend/internal/modules/facilities/application/usecases.go:121.2,121.54 1 1
github.com/lukcba/club-pulse-system-api/backend/internal/modules/facilities/application/usecases.go:121.54,123.3 1 0
github.com/lukcba/club-pulse-system-api/backend/internal/modules/facilities/application/usecases.go:125.2,125.22 1 1
github.com/lukcba/club-pulse-system-api/backend/internal/modules/facilities/application/usecases.go:136.138,139.16 2 0
github.com/lukcba/club-pulse-system-api/backend/internal/modules/facilities/application/usecases.go:139.16,141.3 1 0
github.com/lukcba/club-pulse-system-api/backend/internal/modules/facilities/application/usecases.go:142.2,142.16 1 0
github.com/lukcba/club-pulse-system-api/backend/internal/modules/facilities/application/usecases.go:142.16,144.3 1 0
github.com/lukcba/club-pulse-system-api/backend/internal/modules/facilities/application/usecases.go:146.2,157.64 2 0
github.com/lukcba/club-pulse-system-api/backend/internal/modules/facilities/application/usecases.go:157.64,159.3 1 0
github.com/lukcba/club-pulse-system-api/backend/internal/modules/facilities/application/usecases.go:160.2,160.23 1 0
github.com/lukcba/club-pulse-system-api/backend/internal/modules/facilities/application/usecases.go:163.120,167.16 2 0
github.com/lukcba/club-pulse-system-api/backend/internal/modules/facilities/application/usecases.go:167.16,169.3 1 0
github.com/lukcba/club-pulse-system-api/backend/internal/modules/facilities/application/usecases.go:170.2,170.16 1 0
github.com/lukcba/club-pulse-system-api/backend/internal/modules/facilities/application/usecases.go:170.16,172.3 1 0
github.com/lukcba/club-pulse-system-api/backend/internal/modules/facilities/application/usecases.go:174.2,174.57 1 0
github.com/lukcba/club-pulse-system-api/backend/internal/modules/facilities/application/usecases.go:177.157,182.16 2 1
github.com/lukcba/club-pulse-system-api/backend/internal/modules/facilities/application/usecases.go:182.16,184.3 1 0
github.com/lukcba/club-pulse-system-api/backend/internal/modules/facilities/application/usecases.go:185.2,185.15 1 1
github.com/lukcba/club-pulse-system-api/backend/internal/modules/facilities/application/usecases.go:185.15,187.3 1 0
github.com/lukcba/club-pulse-system-api/backend/internal/modules/facilities/application/usecases.go:190.2,191.30 2 1
github.com/lukcba/club-pulse-system-api/backend/internal/modules/facilities/application/usecases.go:191.30,193.3 1 1
github.com/lukcba/club-pulse-system-api/backend/internal/modules/facilities/application/usecases.go:195.2,195.30 1 1
github.com/lukcba/club-pulse-system-api/backend/internal/modules/facilities/application/usecases.go:195.30,197.3 1 1
github.com/lukcba/club-pulse-system-api/backend/internal/modules/facilities/application/usecases.go:199.2,211.76 2 1
github.com/lukcba/club-pulse-system-api/backend/internal/modules/facilities/application/usecases.go:211.76,213.3 1 0
github.com/lukcba/club-pulse-system-api/backend/internal/modules/facilities/application/usecases.go:216.2,216.18 1 1
github.com/lukcba/club-pulse-system-api/backend/internal/modules/facilities/application/usecases.go:219.101,221.16 2 0
github.com/lukcba/club-pulse-system-api/backend/internal/modules/facilities/application/usecases.go:221.16,223.3 1 0
github.com/lukcba/club-pulse-system-api/backend/internal/modules/facilities/application/usecases.go:224.2,224.17 1 0
github.com/lukcba/club-pulse-system-api/backend/internal/modules/facilities/application/usecases.go:224.17,226.3 1 0
github.com/lukcba/club-pulse-system-api/backend/internal/modules/facilities/application/usecases.go:229.2,230.29 2 0
github.com/lukcba/club-pulse-system-api/backend/internal/modules/facilities/application/usecases.go:230.29,232.3 1 0
github.com/lukcba/club-pulse-system-api/backend/internal/modules/facilities/application/usecases.go:233.2,234.30 2 0
github.com/lukcba/club-pulse-system-api/backend/internal/modules/facilities/application/usecases.go:234.30,236.3 1 0
github.com/lukcba/club-pulse-system-api/backend/internal/modules/facilities/application/usecases.go:238.2,238.87 1 0
github.com/lukcba/club-pulse-system-api/backend/internal/modules/facilities/application/usecases.go:238.87,240.3 1 0
github.com/lukcba/club-pulse-system-api/backend/internal/modules/facilities/application/usecases.go:242.2,248.54 6 0
github.com/lukcba/club-pulse-system-api/backend/internal/modules/facilities/application/usecases.go:248.54,250.3 1 0
github.com/lukcba/club-pulse-system-api/backend/internal/modules/facilities/application/usecases.go:253.2,254.21 2 0
github.com/lukcba/club-pulse-system-api/backend/internal/modules/facilities/application/usecases.go:254.21,256.3 1 0
github.com/lukcba/club-pulse-system-api/backend/internal/modules/facilities/application/usecases.go:257.2,257.57 1 0
github.com/lukcba/club-pulse-system-api/backend/internal/modules/facilities/application/usecases.go:257.57,259.3 1 0
github.com/lukcba/club-pulse-system-api/backend/internal/modules/facilities/application/usecases.go:261.2,261.12 1 0
