mode: set
github.com/lukcba/club-pulse-system-api/backend/internal/modules/booking/infrastructure/http/handler.go:20.79,24.2 1 1
github.com/lukcba/club-pulse-system-api/backend/internal/modules/booking/infrastructure/http/handler.go:28.49,32.9 3 0
github.com/lukcba/club-pulse-system-api/backend/internal/modules/booking/infrastructure/http/handler.go:33.46,34.78 1 0
github.com/lukcba/club-pulse-system-api/backend/internal/modules/booking/infrastructure/http/handler.go:35.57,36.91 1 0
github.com/lukcba/club-pulse-system-api/backend/internal/modules/booking/infrastructure/http/handler.go:37.47,38.71 1 0
github.com/lukcba/club-pulse-system-api/backend/internal/modules/booking/infrastructure/http/handler.go:39.50,40.82 1 0
github.com/lukcba/club-pulse-system-api/backend/internal/modules/booking/infrastructure/http/handler.go:41.48,42.81 1 0
github.com/lukcba/club-pulse-system-api/backend/internal/modules/booking/infrastructure/http/handler.go:43.10,44.78 1 0
github.com/lukcba/club-pulse-system-api/backend/internal/modules/booking/infrastructure/http/handler.go:60.49,62.13 2 1
github.com/lukcba/club-pulse-system-api/backend/internal/modules/booking/infrastructure/http/handler.go:62.13,65.3 2 0
github.com/lukcba/club-pulse-system-api/backend/internal/modules/booking/infrastructure/http/handler.go:67.2,68.47 2 1
github.com/lukcba/club-pulse-system-api/backend/internal/modules/booking/infrastructure/http/handler.go:68.47,71.3 2 1
github.com/lukcba/club-pulse-system-api/backend/internal/modules/booking/infrastructure/http/handler.go:74.2,78.16 4 1
github.com/lukcba/club-pulse-system-api/backend/internal/modules/booking/infrastructure/http/handler.go:78.16,82.3 3 0
github.com/lukcba/club-pulse-system-api/backend/internal/modules/booking/infrastructure/http/handler.go:87.2,91.37 4 1
github.com/lukcba/club-pulse-system-api/backend/internal/modules/booking/infrastructure/http/handler.go:102.47,104.13 2 1
github.com/lukcba/club-pulse-system-api/backend/internal/modules/booking/infrastructure/http/handler.go:104.13,107.3 2 0
github.com/lukcba/club-pulse-system-api/backend/internal/modules/booking/infrastructure/http/handler.go:111.2,113.16 3 1
github.com/lukcba/club-pulse-system-api/backend/internal/modules/booking/infrastructure/http/handler.go:113.16,116.3 2 0
github.com/lukcba/club-pulse-system-api/backend/internal/modules/booking/infrastructure/http/handler.go:118.2,118.48 1 1
github.com/lukcba/club-pulse-system-api/backend/internal/modules/booking/infrastructure/http/handler.go:127.50,130.59 2 1
github.com/lukcba/club-pulse-system-api/backend/internal/modules/booking/infrastructure/http/handler.go:130.59,133.3 2 1
github.com/lukcba/club-pulse-system-api/backend/internal/modules/booking/infrastructure/http/handler.go:135.2,140.47 4 1
github.com/lukcba/club-pulse-system-api/backend/internal/modules/booking/infrastructure/http/handler.go:140.47,141.62 1 0
github.com/lukcba/club-pulse-system-api/backend/internal/modules/booking/infrastructure/http/handler.go:141.62,143.4 1 0
github.com/lukcba/club-pulse-system-api/backend/internal/modules/booking/infrastructure/http/handler.go:145.2,145.41 1 1
github.com/lukcba/club-pulse-system-api/backend/internal/modules/booking/infrastructure/http/handler.go:145.41,146.60 1 0
github.com/lukcba/club-pulse-system-api/backend/internal/modules/booking/infrastructure/http/handler.go:146.60,153.4 1 0
github.com/lukcba/club-pulse-system-api/backend/internal/modules/booking/infrastructure/http/handler.go:156.2,157.16 2 1
github.com/lukcba/club-pulse-system-api/backend/internal/modules/booking/infrastructure/http/handler.go:157.16,160.3 2 0
github.com/lukcba/club-pulse-system-api/backend/internal/modules/booking/infrastructure/http/handler.go:162.2,162.48 1 1
github.com/lukcba/club-pulse-system-api/backend/internal/modules/booking/infrastructure/http/handler.go:174.49,176.13 2 1
github.com/lukcba/club-pulse-system-api/backend/internal/modules/booking/infrastructure/http/handler.go:176.13,179.3 2 0
github.com/lukcba/club-pulse-system-api/backend/internal/modules/booking/infrastructure/http/handler.go:181.2,182.21 2 1
github.com/lukcba/club-pulse-system-api/backend/internal/modules/booking/infrastructure/http/handler.go:182.21,185.3 2 0
github.com/lukcba/club-pulse-system-api/backend/internal/modules/booking/infrastructure/http/handler.go:187.2,188.106 2 1
github.com/lukcba/club-pulse-system-api/backend/internal/modules/booking/infrastructure/http/handler.go:188.106,191.3 2 1
github.com/lukcba/club-pulse-system-api/backend/internal/modules/booking/infrastructure/http/handler.go:193.2,193.62 1 1
github.com/lukcba/club-pulse-system-api/backend/internal/modules/booking/infrastructure/http/handler.go:206.58,211.39 3 1
github.com/lukcba/club-pulse-system-api/backend/internal/modules/booking/infrastructure/http/handler.go:211.39,214.3 2 1
github.com/lukcba/club-pulse-system-api/backend/internal/modules/booking/infrastructure/http/handler.go:216.2,222.32 5 1
github.com/lukcba/club-pulse-system-api/backend/internal/modules/booking/infrastructure/http/handler.go:222.32,227.3 4 0
github.com/lukcba/club-pulse-system-api/backend/internal/modules/booking/infrastructure/http/handler.go:229.2,230.16 2 1
github.com/lukcba/club-pulse-system-api/backend/internal/modules/booking/infrastructure/http/handler.go:230.16,233.3 2 1
github.com/lukcba/club-pulse-system-api/backend/internal/modules/booking/infrastructure/http/handler.go:236.2,237.16 2 1
github.com/lukcba/club-pulse-system-api/backend/internal/modules/booking/infrastructure/http/handler.go:237.16,240.3 2 0
github.com/lukcba/club-pulse-system-api/backend/internal/modules/booking/infrastructure/http/handler.go:243.2,248.29 5 1
github.com/lukcba/club-pulse-system-api/backend/internal/modules/booking/infrastructure/http/handler.go:261.62,264.84 2 1
github.com/lukcba/club-pulse-system-api/backend/internal/modules/booking/infrastructure/http/handler.go:264.84,267.3 2 0
github.com/lukcba/club-pulse-system-api/backend/internal/modules/booking/infrastructure/http/handler.go:269.2,270.47 2 1
github.com/lukcba/club-pulse-system-api/backend/internal/modules/booking/infrastructure/http/handler.go:270.47,273.3 2 1
github.com/lukcba/club-pulse-system-api/backend/internal/modules/booking/infrastructure/http/handler.go:275.2,277.16 3 1
github.com/lukcba/club-pulse-system-api/backend/internal/modules/booking/infrastructure/http/handler.go:277.16,280.3 2 0
github.com/lukcba/club-pulse-system-api/backend/internal/modules/booking/infrastructure/http/handler.go:282.2,282.34 1 1
github.com/lukcba/club-pulse-system-api/backend/internal/modules/booking/infrastructure/http/handler.go:292.59,295.84 2 1
github.com/lukcba/club-pulse-system-api/backend/internal/modules/booking/infrastructure/http/handler.go:295.84,298.3 2 1
github.com/lukcba/club-pulse-system-api/backend/internal/modules/booking/infrastructure/http/handler.go:300.2,302.93 2 1
github.com/lukcba/club-pulse-system-api/backend/internal/modules/booking/infrastructure/http/handler.go:302.93,305.3 2 0
github.com/lukcba/club-pulse-system-api/backend/internal/modules/booking/infrastructure/http/handler.go:307.2,307.76 1 1
github.com/lukcba/club-pulse-system-api/backend/internal/modules/booking/infrastructure/http/handler.go:320.55,322.47 2 1
github.com/lukcba/club-pulse-system-api/backend/internal/modules/booking/infrastructure/http/handler.go:322.47,325.3 2 0
github.com/lukcba/club-pulse-system-api/backend/internal/modules/booking/infrastructure/http/handler.go:327.2,330.12 3 1
github.com/lukcba/club-pulse-system-api/backend/internal/modules/booking/infrastructure/http/handler.go:330.12,332.3 1 1
github.com/lukcba/club-pulse-system-api/backend/internal/modules/booking/infrastructure/http/handler.go:334.2,335.16 2 1
github.com/lukcba/club-pulse-system-api/backend/internal/modules/booking/infrastructure/http/handler.go:335.16,338.3 2 0
github.com/lukcba/club-pulse-system-api/backend/internal/modules/booking/infrastructure/http/handler.go:340.2,340.35 1 1
github.com/lukcba/club-pulse-system-api/backend/internal/modules/booking/infrastructure/http/handler.go:343.116,346.2 3 1
github.com/lukcba/club-pulse-system-api/backend/internal/modules/booking/infrastructure/http/handler.go:346.2,355.3 8 1
