mode: set
github.com/lukcba/club-pulse-system-api/backend/internal/modules/booking/domain/booking.go:42.53,43.14 1 1
github.com/lukcba/club-pulse-system-api/backend/internal/modules/booking/domain/booking.go:43.14,45.3 1 1
github.com/lukcba/club-pulse-system-api/backend/internal/modules/booking/domain/booking.go:46.2,47.16 2 1
github.com/lukcba/club-pulse-system-api/backend/internal/modules/booking/domain/booking.go:47.16,49.3 1 0
github.com/lukcba/club-pulse-system-api/backend/internal/modules/booking/domain/booking.go:50.2,50.23 1 1
github.com/lukcba/club-pulse-system-api/backend/internal/modules/booking/domain/booking.go:53.54,54.18 1 1
github.com/lukcba/club-pulse-system-api/backend/internal/modules/booking/domain/booking.go:54.18,57.3 2 1
github.com/lukcba/club-pulse-system-api/backend/internal/modules/booking/domain/booking.go:58.2,59.27 2 1
github.com/lukcba/club-pulse-system-api/backend/internal/modules/booking/domain/booking.go:60.14,61.12 1 0
github.com/lukcba/club-pulse-system-api/backend/internal/modules/booking/domain/booking.go:62.14,63.20 1 1
github.com/lukcba/club-pulse-system-api/backend/internal/modules/booking/domain/booking.go:64.10,65.65 1 1
github.com/lukcba/club-pulse-system-api/backend/internal/modules/booking/domain/booking.go:67.2,67.33 1 1
github.com/lukcba/club-pulse-system-api/backend/internal/modules/booking/application/usecases.go:55.20,64.2 1 1
github.com/lukcba/club-pulse-system-api/backend/internal/modules/booking/application/usecases.go:67.132,70.16 2 1
github.com/lukcba/club-pulse-system-api/backend/internal/modules/booking/application/usecases.go:70.16,72.3 1 0
github.com/lukcba/club-pulse-system-api/backend/internal/modules/booking/application/usecases.go:74.2,74.38 1 1
github.com/lukcba/club-pulse-system-api/backend/internal/modules/booking/application/usecases.go:74.38,76.3 1 1
github.com/lukcba/club-pulse-system-api/backend/internal/modules/booking/application/usecases.go:79.2,80.16 2 1
github.com/lukcba/club-pulse-system-api/backend/internal/modules/booking/application/usecases.go:80.16,82.3 1 1
github.com/lukcba/club-pulse-system-api/backend/internal/modules/booking/application/usecases.go:85.2,85.76 1 1
github.com/lukcba/club-pulse-system-api/backend/internal/modules/booking/application/usecases.go:85.76,87.3 1 1
github.com/lukcba/club-pulse-system-api/backend/internal/modules/booking/application/usecases.go:90.2,99.20 7 1
github.com/lukcba/club-pulse-system-api/backend/internal/modules/booking/application/usecases.go:99.20,104.3 3 1
github.com/lukcba/club-pulse-system-api/backend/internal/modules/booking/application/usecases.go:106.2,122.53 2 1
github.com/lukcba/club-pulse-system-api/backend/internal/modules/booking/application/usecases.go:122.53,124.3 1 0
github.com/lukcba/club-pulse-system-api/backend/internal/modules/booking/application/usecases.go:127.2,127.59 1 1
github.com/lukcba/club-pulse-system-api/backend/internal/modules/booking/application/usecases.go:127.59,129.3 1 1
github.com/lukcba/club-pulse-system-api/backend/internal/modules/booking/application/usecases.go:131.2,131.21 1 1
github.com/lukcba/club-pulse-system-api/backend/internal/modules/booking/application/usecases.go:135.125,137.18 2 1
github.com/lukcba/club-pulse-system-api/backend/internal/modules/booking/application/usecases.go:137.18,138.49 1 1
github.com/lukcba/club-pulse-system-api/backend/internal/modules/booking/application/usecases.go:138.49,140.4 1 1
github.com/lukcba/club-pulse-system-api/backend/internal/modules/booking/application/usecases.go:142.2,142.42 1 1
github.com/lukcba/club-pulse-system-api/backend/internal/modules/booking/application/usecases.go:147.154,150.22 2 1
github.com/lukcba/club-pulse-system-api/backend/internal/modules/booking/application/usecases.go:150.22,151.53 1 0
github.com/lukcba/club-pulse-system-api/backend/internal/modules/booking/application/usecases.go:151.53,153.4 1 0
github.com/lukcba/club-pulse-system-api/backend/internal/modules/booking/application/usecases.go:156.2,156.55 1 1
github.com/lukcba/club-pulse-system-api/backend/internal/modules/booking/application/usecases.go:160.113,162.16 2 1
github.com/lukcba/club-pulse-system-api/backend/internal/modules/booking/application/usecases.go:162.16,164.3 1 0
github.com/lukcba/club-pulse-system-api/backend/internal/modules/booking/application/usecases.go:166.2,167.16 2 1
github.com/lukcba/club-pulse-system-api/backend/internal/modules/booking/application/usecases.go:167.16,169.3 1 0
github.com/lukcba/club-pulse-system-api/backend/internal/modules/booking/application/usecases.go:170.2,170.20 1 1
github.com/lukcba/club-pulse-system-api/backend/internal/modules/booking/application/usecases.go:170.20,172.3 1 0
github.com/lukcba/club-pulse-system-api/backend/internal/modules/booking/application/usecases.go:175.2,175.75 1 1
github.com/lukcba/club-pulse-system-api/backend/internal/modules/booking/application/usecases.go:175.75,177.3 1 1
github.com/lukcba/club-pulse-system-api/backend/internal/modules/booking/application/usecases.go:179.2,182.53 3 1
github.com/lukcba/club-pulse-system-api/backend/internal/modules/booking/application/usecases.go:182.53,184.3 1 0
github.com/lukcba/club-pulse-system-api/backend/internal/modules/booking/application/usecases.go:187.2,187.25 1 1
github.com/lukcba/club-pulse-system-api/backend/internal/modules/booking/application/usecases.go:187.25,189.3 1 1
github.com/lukcba/club-pulse-system-api/backend/internal/modules/booking/application/usecases.go:192.2,193.31 2 1
github.com/lukcba/club-pulse-system-api/backend/internal/modules/booking/application/usecases.go:193.31,200.3 1 0
github.com/lukcba/club-pulse-system-api/backend/internal/modules/booking/application/usecases.go:202.2,202.12 1 1
github.com/lukcba/club-pulse-system-api/backend/internal/modules/booking/application/usecases.go:206.152,208.16 2 1
github.com/lukcba/club-pulse-system-api/backend/internal/modules/booking/application/usecases.go:208.16,210.3 1 1
github.com/lukcba/club-pulse-system-api/backend/internal/modules/booking/application/usecases.go:211.2,211.20 1 1
github.com/lukcba/club-pulse-system-api/backend/internal/modules/booking/application/usecases.go:211.20,213.3 1 0
github.com/lukcba/club-pulse-system-api/backend/internal/modules/booking/application/usecases.go:215.2,215.52 1 1
github.com/lukcba/club-pulse-system-api/backend/internal/modules/booking/application/usecases.go:215.52,222.3 4 1
github.com/lukcba/club-pulse-system-api/backend/internal/modules/booking/application/usecases.go:224.2,225.37 2 1
github.com/lukcba/club-pulse-system-api/backend/internal/modules/booking/application/usecases.go:230.66,232.31 2 1
github.com/lukcba/club-pulse-system-api/backend/internal/modules/booking/application/usecases.go:232.31,234.3 1 0
github.com/lukcba/club-pulse-system-api/backend/internal/modules/booking/application/usecases.go:236.2,236.23 1 1
github.com/lukcba/club-pulse-system-api/backend/internal/modules/booking/application/usecases.go:236.23,252.3 2 1
github.com/lukcba/club-pulse-system-api/backend/internal/modules/booking/application/usecases.go:255.2,259.46 3 1
github.com/lukcba/club-pulse-system-api/backend/internal/modules/booking/application/usecases.go:259.46,262.3 2 1
github.com/lukcba/club-pulse-system-api/backend/internal/modules/booking/application/usecases.go:264.2,271.6 4 1
github.com/lukcba/club-pulse-system-api/backend/internal/modules/booking/application/usecases.go:271.6,273.42 2 1
github.com/lukcba/club-pulse-system-api/backend/internal/modules/booking/application/usecases.go:273.42,276.4 2 0
github.com/lukcba/club-pulse-system-api/backend/internal/modules/booking/application/usecases.go:276.9,277.9 1 1
github.com/lukcba/club-pulse-system-api/backend/internal/modules/booking/application/usecases.go:281.2,282.52 2 1
github.com/lukcba/club-pulse-system-api/backend/internal/modules/booking/application/usecases.go:286.78,288.16 2 1
github.com/lukcba/club-pulse-system-api/backend/internal/modules/booking/application/usecases.go:288.16,290.3 1 0
github.com/lukcba/club-pulse-system-api/backend/internal/modules/booking/application/usecases.go:292.2,299.16 5 1
github.com/lukcba/club-pulse-system-api/backend/internal/modules/booking/application/usecases.go:299.16,301.3 1 1
github.com/lukcba/club-pulse-system-api/backend/internal/modules/booking/application/usecases.go:304.2,304.27 1 1
github.com/lukcba/club-pulse-system-api/backend/internal/modules/booking/application/usecases.go:308.74,311.35 2 1
github.com/lukcba/club-pulse-system-api/backend/internal/modules/booking/application/usecases.go:311.35,316.3 4 1
github.com/lukcba/club-pulse-system-api/backend/internal/modules/booking/application/usecases.go:318.2,321.19 3 1
github.com/lukcba/club-pulse-system-api/backend/internal/modules/booking/application/usecases.go:322.9,323.9 1 1
github.com/lukcba/club-pulse-system-api/backend/internal/modules/booking/application/usecases.go:324.9,326.48 2 0
github.com/lukcba/club-pulse-system-api/backend/internal/modules/booking/application/usecases.go:326.48,328.4 1 0
github.com/lukcba/club-pulse-system-api/backend/internal/modules/booking/application/usecases.go:329.10,330.26 1 0
github.com/lukcba/club-pulse-system-api/backend/internal/modules/booking/application/usecases.go:333.2,333.33 1 0
github.com/lukcba/club-pulse-system-api/backend/internal/modules/booking/application/usecases.go:337.37,339.32 2 1
github.com/lukcba/club-pulse-system-api/backend/internal/modules/booking/application/usecases.go:339.32,341.3 1 1
github.com/lukcba/club-pulse-system-api/backend/internal/modules/booking/application/usecases.go:343.2,343.30 1 1
github.com/lukcba/club-pulse-system-api/backend/internal/modules/booking/application/usecases.go:343.30,346.3 1 0
github.com/lukcba/club-pulse-system-api/backend/internal/modules/booking/application/usecases.go:347.2,347.15 1 1
github.com/lukcba/club-pulse-system-api/backend/internal/modules/booking/application/usecases.go:351.142,353.16 2 1
github.com/lukcba/club-pulse-system-api/backend/internal/modules/booking/application/usecases.go:353.16,355.3 1 0
github.com/lukcba/club-pulse-system-api/backend/internal/modules/booking/application/usecases.go:359.2,360.16 2 1
github.com/lukcba/club-pulse-system-api/backend/internal/modules/booking/application/usecases.go:360.16,362.3 1 1
github.com/lukcba/club-pulse-system-api/backend/internal/modules/booking/application/usecases.go:363.2,363.21 1 1
github.com/lukcba/club-pulse-system-api/backend/internal/modules/booking/application/usecases.go:363.21,365.3 1 0
github.com/lukcba/club-pulse-system-api/backend/internal/modules/booking/application/usecases.go:367.2,368.16 2 1
github.com/lukcba/club-pulse-system-api/backend/internal/modules/booking/application/usecases.go:368.16,370.3 1 0
github.com/lukcba/club-pulse-system-api/backend/internal/modules/booking/application/usecases.go:373.2,374.16 2 1
github.com/lukcba/club-pulse-system-api/backend/internal/modules/booking/application/usecases.go:374.16,376.3 1 0
github.com/lukcba/club-pulse-system-api/backend/internal/modules/booking/application/usecases.go:380.2,384.35 4 1
github.com/lukcba/club-pulse-system-api/backend/internal/modules/booking/application/usecases.go:384.35,386.118 1 1
github.com/lukcba/club-pulse-system-api/backend/internal/modules/booking/application/usecases.go:386.118,388.63 1 0
github.com/lukcba/club-pulse-system-api/backend/internal/modules/booking/application/usecases.go:388.63,390.5 1 0
github.com/lukcba/club-pulse-system-api/backend/internal/modules/booking/application/usecases.go:395.2,399.36 3 1
github.com/lukcba/club-pulse-system-api/backend/internal/modules/booking/application/usecases.go:399.36,402.3 2 0
github.com/lukcba/club-pulse-system-api/backend/internal/modules/booking/application/usecases.go:404.2,406.39 2 1
github.com/lukcba/club-pulse-system-api/backend/internal/modules/booking/application/usecases.go:406.39,419.3 4 1
github.com/lukcba/club-pulse-system-api/backend/internal/modules/booking/application/usecases.go:421.2,421.19 1 1
github.com/lukcba/club-pulse-system-api/backend/internal/modules/booking/application/usecases.go:425.150,427.16 2 1
github.com/lukcba/club-pulse-system-api/backend/internal/modules/booking/application/usecases.go:427.16,429.3 1 1
github.com/lukcba/club-pulse-system-api/backend/internal/modules/booking/application/usecases.go:431.2,432.16 2 1
github.com/lukcba/club-pulse-system-api/backend/internal/modules/booking/application/usecases.go:432.16,434.3 1 1
github.com/lukcba/club-pulse-system-api/backend/internal/modules/booking/application/usecases.go:435.2,436.16 2 1
github.com/lukcba/club-pulse-system-api/backend/internal/modules/booking/application/usecases.go:436.16,438.3 1 0
github.com/lukcba/club-pulse-system-api/backend/internal/modules/booking/application/usecases.go:440.2,440.25 1 1
github.com/lukcba/club-pulse-system-api/backend/internal/modules/booking/application/usecases.go:440.25,442.3 1 1
github.com/lukcba/club-pulse-system-api/backend/internal/modules/booking/application/usecases.go:444.2,444.39 1 1
github.com/lukcba/club-pulse-system-api/backend/internal/modules/booking/application/usecases.go:444.39,446.3 1 1
github.com/lukcba/club-pulse-system-api/backend/internal/modules/booking/application/usecases.go:448.2,460.59 2 1
github.com/lukcba/club-pulse-system-api/backend/internal/modules/booking/application/usecases.go:460.59,462.3 1 0
github.com/lukcba/club-pulse-system-api/backend/internal/modules/booking/application/usecases.go:464.2,464.18 1 1
github.com/lukcba/club-pulse-system-api/backend/internal/modules/booking/application/usecases.go:469.107,471.16 2 1
github.com/lukcba/club-pulse-system-api/backend/internal/modules/booking/application/usecases.go:471.16,473.3 1 1
github.com/lukcba/club-pulse-system-api/backend/internal/modules/booking/application/usecases.go:475.2,478.29 3 1
github.com/lukcba/club-pulse-system-api/backend/internal/modules/booking/application/usecases.go:478.29,480.31 2 1
github.com/lukcba/club-pulse-system-api/backend/internal/modules/booking/application/usecases.go:480.31,483.17 2 1
github.com/lukcba/club-pulse-system-api/backend/internal/modules/booking/application/usecases.go:483.17,484.52 1 1
github.com/lukcba/club-pulse-system-api/backend/internal/modules/booking/application/usecases.go:484.52,486.6 1 1
github.com/lukcba/club-pulse-system-api/backend/internal/modules/booking/application/usecases.go:490.2,490.12 1 1
github.com/lukcba/club-pulse-system-api/backend/internal/modules/booking/application/usecases.go:495.74,497.16 2 1
github.com/lukcba/club-pulse-system-api/backend/internal/modules/booking/application/usecases.go:497.16,499.3 1 0
github.com/lukcba/club-pulse-system-api/backend/internal/modules/booking/application/usecases.go:500.2,501.16 2 1
github.com/lukcba/club-pulse-system-api/backend/internal/modules/booking/application/usecases.go:501.16,503.3 1 0
github.com/lukcba/club-pulse-system-api/backend/internal/modules/booking/application/usecases.go:504.2,504.26 1 1
github.com/lukcba/club-pulse-system-api/backend/internal/modules/booking/application/usecases.go:507.178,510.16 2 1
github.com/lukcba/club-pulse-system-api/backend/internal/modules/booking/application/usecases.go:510.16,512.3 1 0
github.com/lukcba/club-pulse-system-api/backend/internal/modules/booking/application/usecases.go:513.2,513.21 1 1
github.com/lukcba/club-pulse-system-api/backend/internal/modules/booking/application/usecases.go:513.21,515.3 1 1
github.com/lukcba/club-pulse-system-api/backend/internal/modules/booking/application/usecases.go:516.2,516.60 1 1
github.com/lukcba/club-pulse-system-api/backend/internal/modules/booking/application/usecases.go:516.60,518.3 1 0
github.com/lukcba/club-pulse-system-api/backend/internal/modules/booking/application/usecases.go:521.2,522.16 2 1
github.com/lukcba/club-pulse-system-api/backend/internal/modules/booking/application/usecases.go:522.16,524.3 1 0
github.com/lukcba/club-pulse-system-api/backend/internal/modules/booking/application/usecases.go:525.2,525.14 1 1
github.com/lukcba/club-pulse-system-api/backend/internal/modules/booking/application/usecases.go:525.14,527.3 1 1
github.com/lukcba/club-pulse-system-api/backend/internal/modules/booking/application/usecases.go:530.2,531.16 2 1
github.com/lukcba/club-pulse-system-api/backend/internal/modules/booking/application/usecases.go:531.16,533.3 1 1
github.com/lukcba/club-pulse-system-api/backend/internal/modules/booking/application/usecases.go:534.2,534.19 1 1
github.com/lukcba/club-pulse-system-api/backend/internal/modules/booking/application/usecases.go:534.19,536.3 1 1
github.com/lukcba/club-pulse-system-api/backend/internal/modules/booking/application/usecases.go:538.2,538.22 1 1
github.com/lukcba/club-pulse-system-api/backend/internal/modules/booking/application/usecases.go:541.97,543.16 2 1
github.com/lukcba/club-pulse-system-api/backend/internal/modules/booking/application/usecases.go:543.16,545.3 1 0
github.com/lukcba/club-pulse-system-api/backend/internal/modules/booking/application/usecases.go:546.2,546.17 1 1
github.com/lukcba/club-pulse-system-api/backend/internal/modules/booking/application/usecases.go:546.17,548.3 1 0
github.com/lukcba/club-pulse-system-api/backend/internal/modules/booking/application/usecases.go:550.2,550.99 1 1
github.com/lukcba/club-pulse-system-api/backend/internal/modules/booking/application/usecases.go:550.99,552.3 1 1
github.com/lukcba/club-pulse-system-api/backend/internal/modules/booking/application/usecases.go:554.2,554.80 1 1
github.com/lukcba/club-pulse-system-api/backend/internal/modules/booking/application/usecases.go:554.80,556.3 1 1
github.com/lukcba/club-pulse-system-api/backend/internal/modules/booking/application/usecases.go:558.2,558.12 1 1
github.com/lukcba/club-pulse-system-api/backend/internal/modules/booking/application/usecases.go:561.66,562.12 1 1
github.com/lukcba/club-pulse-system-api/backend/internal/modules/booking/application/usecases.go:562.12,569.17 2 1
github.com/lukcba/club-pulse-system-api/backend/internal/modules/booking/application/usecases.go:569.17,572.4 1 0
github.com/lukcba/club-pulse-system-api/backend/internal/modules/booking/application/usecases.go:576.165,578.29 1 1
github.com/lukcba/club-pulse-system-api/backend/internal/modules/booking/application/usecases.go:578.29,579.56 1 1
github.com/lukcba/club-pulse-system-api/backend/internal/modules/booking/application/usecases.go:579.56,581.4 1 1
github.com/lukcba/club-pulse-system-api/backend/internal/modules/booking/application/usecases.go:585.2,585.32 1 1
github.com/lukcba/club-pulse-system-api/backend/internal/modules/booking/application/usecases.go:585.32,586.56 1 0
github.com/lukcba/club-pulse-system-api/backend/internal/modules/booking/application/usecases.go:586.56,588.4 1 0
github.com/lukcba/club-pulse-system-api/backend/internal/modules/booking/application/usecases.go:591.2,591.20 1 1
github.com/lukcba/club-pulse-system-api/backend/internal/modules/booking/application/usecases.go:594.132,600.23 4 1
github.com/lukcba/club-pulse-system-api/backend/internal/modules/booking/application/usecases.go:600.23,602.3 1 1
github.com/lukcba/club-pulse-system-api/backend/internal/modules/booking/application/usecases.go:603.2,604.24 2 1
github.com/lukcba/club-pulse-system-api/backend/internal/modules/booking/application/usecases.go:604.24,606.3 1 1
github.com/lukcba/club-pulse-system-api/backend/internal/modules/booking/application/usecases.go:609.2,612.26 3 1
github.com/lukcba/club-pulse-system-api/backend/internal/modules/booking/application/usecases.go:612.26,613.47 1 1
github.com/lukcba/club-pulse-system-api/backend/internal/modules/booking/application/usecases.go:613.47,634.4 6 1
github.com/lukcba/club-pulse-system-api/backend/internal/modules/booking/application/usecases.go:635.3,635.37 1 1
github.com/lukcba/club-pulse-system-api/backend/internal/modules/booking/application/usecases.go:638.2,638.17 1 1
github.com/lukcba/club-pulse-system-api/backend/internal/modules/booking/application/usecases.go:647.131,649.16 2 1
github.com/lukcba/club-pulse-system-api/backend/internal/modules/booking/application/usecases.go:649.16,651.3 1 0
github.com/lukcba/club-pulse-system-api/backend/internal/modules/booking/application/usecases.go:652.2,653.16 2 1
github.com/lukcba/club-pulse-system-api/backend/internal/modules/booking/application/usecases.go:653.16,655.3 1 0
github.com/lukcba/club-pulse-system-api/backend/internal/modules/booking/application/usecases.go:657.2,668.58 2 1
github.com/lukcba/club-pulse-system-api/backend/internal/modules/booking/application/usecases.go:668.58,670.3 1 1
github.com/lukcba/club-pulse-system-api/backend/internal/modules/booking/application/usecases.go:671.2,671.19 1 1
github.com/lukcba/club-pulse-system-api/backend/internal/modules/booking/infrastructure/repository/postgres.go:16.73,19.2 2 1
github.com/lukcba/club-pulse-system-api/backend/internal/modules/booking/infrastructure/repository/postgres.go:21.96,23.2 1 1
github.com/lukcba/club-pulse-system-api/backend/internal/modules/booking/infrastructure/repository/postgres.go:25.120,27.106 2 1
github.com/lukcba/club-pulse-system-api/backend/internal/modules/booking/infrastructure/repository/postgres.go:27.106,28.36 1 1
github.com/lukcba/club-pulse-system-api/backend/internal/modules/booking/infrastructure/repository/postgres.go:28.36,30.4 1 1
github.com/lukcba/club-pulse-system-api/backend/internal/modules/booking/infrastructure/repository/postgres.go:31.3,31.18 1 0
github.com/lukcba/club-pulse-system-api/backend/internal/modules/booking/infrastructure/repository/postgres.go:33.2,33.22 1 1
github.com/lukcba/club-pulse-system-api/backend/internal/modules/booking/infrastructure/repository/postgres.go:36.135,40.33 3 1
github.com/lukcba/club-pulse-system-api/backend/internal/modules/booking/infrastructure/repository/postgres.go:40.33,42.3 1 1
github.com/lukcba/club-pulse-system-api/backend/internal/modules/booking/infrastructure/repository/postgres.go:44.2,46.52 2 1
github.com/lukcba/club-pulse-system-api/backend/internal/modules/booking/infrastructure/repository/postgres.go:46.52,48.3 1 0
github.com/lukcba/club-pulse-system-api/backend/internal/modules/booking/infrastructure/repository/postgres.go:49.2,49.22 1 1
github.com/lukcba/club-pulse-system-api/backend/internal/modules/booking/infrastructure/repository/postgres.go:52.96,54.2 1 1
github.com/lukcba/club-pulse-system-api/backend/internal/modules/booking/infrastructure/repository/postgres.go:56.147,68.16 3 1
github.com/lukcba/club-pulse-system-api/backend/internal/modules/booking/infrastructure/repository/postgres.go:68.16,70.3 1 0
github.com/lukcba/club-pulse-system-api/backend/internal/modules/booking/infrastructure/repository/postgres.go:71.2,71.23 1 1
github.com/lukcba/club-pulse-system-api/backend/internal/modules/booking/infrastructure/repository/postgres.go:74.159,92.2 5 1
github.com/lukcba/club-pulse-system-api/backend/internal/modules/booking/infrastructure/repository/postgres.go:94.159,98.33 3 1
github.com/lukcba/club-pulse-system-api/backend/internal/modules/booking/infrastructure/repository/postgres.go:98.33,100.3 1 1
github.com/lukcba/club-pulse-system-api/backend/internal/modules/booking/infrastructure/repository/postgres.go:102.2,102.17 1 1
github.com/lukcba/club-pulse-system-api/backend/internal/modules/booking/infrastructure/repository/postgres.go:102.17,104.3 1 1
github.com/lukcba/club-pulse-system-api/backend/internal/modules/booking/infrastructure/repository/postgres.go:105.2,105.15 1 1
github.com/lukcba/club-pulse-system-api/backend/internal/modules/booking/infrastructure/repository/postgres.go:105.15,107.3 1 1
github.com/lukcba/club-pulse-system-api/backend/internal/modules/booking/infrastructure/repository/postgres.go:109.2,111.52 2 1
github.com/lukcba/club-pulse-system-api/backend/internal/modules/booking/infrastructure/repository/postgres.go:111.52,113.3 1 0
github.com/lukcba/club-pulse-system-api/backend/internal/modules/booking/infrastructure/repository/postgres.go:114.2,114.22 1 1
github.com/lukcba/club-pulse-system-api/backend/internal/modules/booking/infrastructure/repository/postgres.go:117.102,119.2 1 1
github.com/lukcba/club-pulse-system-api/backend/internal/modules/booking/infrastructure/repository/postgres.go:121.151,131.16 3 1
github.com/lukcba/club-pulse-system-api/backend/internal/modules/booking/infrastructure/repository/postgres.go:131.16,132.36 1 1
github.com/lukcba/club-pulse-system-api/backend/internal/modules/booking/infrastructure/repository/postgres.go:132.36,134.4 1 1
github.com/lukcba/club-pulse-system-api/backend/internal/modules/booking/infrastructure/repository/postgres.go:135.3,135.18 1 0
github.com/lukcba/club-pulse-system-api/backend/internal/modules/booking/infrastructure/repository/postgres.go:137.2,137.20 1 1
github.com/lukcba/club-pulse-system-api/backend/internal/modules/booking/infrastructure/repository/postgres_recurring.go:16.79,18.2 1 1
github.com/lukcba/club-pulse-system-api/backend/internal/modules/booking/infrastructure/repository/postgres_recurring.go:20.101,22.2 1 1
github.com/lukcba/club-pulse-system-api/backend/internal/modules/booking/infrastructure/repository/postgres_recurring.go:24.143,30.2 3 1
github.com/lukcba/club-pulse-system-api/backend/internal/modules/booking/infrastructure/repository/postgres_recurring.go:33.120,40.2 4 1
github.com/lukcba/club-pulse-system-api/backend/internal/modules/booking/infrastructure/repository/postgres_recurring.go:42.102,44.2 1 1
github.com/lukcba/club-pulse-system-api/backend/internal/modules/booking/infrastructure/cache/reservation_lock.go:31.61,36.2 1 1
github.com/lukcba/club-pulse-system-api/backend/internal/modules/booking/infrastructure/cache/reservation_lock.go:39.62,41.2 1 1
github.com/lukcba/club-pulse-system-api/backend/internal/modules/booking/infrastructure/cache/reservation_lock.go:45.121,51.16 4 1
github.com/lukcba/club-pulse-system-api/backend/internal/modules/booking/infrastructure/cache/reservation_lock.go:51.16,53.3 1 1
github.com/lukcba/club-pulse-system-api/backend/internal/modules/booking/infrastructure/cache/reservation_lock.go:55.2,55.15 1 1
github.com/lukcba/club-pulse-system-api/backend/internal/modules/booking/infrastructure/cache/reservation_lock.go:55.15,57.3 1 1
github.com/lukcba/club-pulse-system-api/backend/internal/modules/booking/infrastructure/cache/reservation_lock.go:60.2,65.20 4 1
github.com/lukcba/club-pulse-system-api/backend/internal/modules/booking/infrastructure/cache/reservation_lock.go:69.103,72.2 2 1
github.com/lukcba/club-pulse-system-api/backend/internal/modules/booking/infrastructure/cache/reservation_lock.go:75.115,80.16 3 1
github.com/lukcba/club-pulse-system-api/backend/internal/modules/booking/infrastructure/cache/reservation_lock.go:80.16,82.3 1 0
github.com/lukcba/club-pulse-system-api/backend/internal/modules/booking/infrastructure/cache/reservation_lock.go:85.2,85.27 1 1
github.com/lukcba/club-pulse-system-api/backend/internal/modules/booking/infrastructure/cache/reservation_lock.go:85.27,87.3 1 1
github.com/lukcba/club-pulse-system-api/backend/internal/modules/booking/infrastructure/cache/reservation_lock.go:90.2,90.46 1 1
github.com/lukcba/club-pulse-system-api/backend/internal/modules/booking/infrastructure/cache/reservation_lock.go:90.46,92.3 1 0
github.com/lukcba/club-pulse-system-api/backend/internal/modules/booking/infrastructure/cache/reservation_lock.go:95.2,98.12 3 1
github.com/lukcba/club-pulse-system-api/backend/internal/modules/booking/infrastructure/cache/reservation_lock.go:102.112,105.16 3 1
github.com/lukcba/club-pulse-system-api/backend/internal/modules/booking/infrastructure/cache/reservation_lock.go:105.16,108.3 1 1
github.com/lukcba/club-pulse-system-api/backend/internal/modules/booking/infrastructure/cache/reservation_lock.go:109.2,109.20 1 1
github.com/lukcba/club-pulse-system-api/backend/internal/modules/booking/infrastructure/cache/reservation_lock.go:113.114,118.16 3 1
github.com/lukcba/club-pulse-system-api/backend/internal/modules/booking/infrastructure/cache/reservation_lock.go:118.16,120.3 1 0
github.com/lukcba/club-pulse-system-api/backend/internal/modules/booking/infrastructure/cache/reservation_lock.go:123.2,123.27 1 1
github.com/lukcba/club-pulse-system-api/backend/internal/modules/booking/infrastructure/cache/reservation_lock.go:123.27,125.3 1 0
github.com/lukcba/club-pulse-system-api/backend/internal/modules/booking/infrastructure/cache/reservation_lock.go:128.2,128.40 1 1
github.com/lukcba/club-pulse-system-api/backend/internal/modules/booking/infrastructure/lock/booking_lock.go:18.36,22.2 1 1
github.com/lukcba/club-pulse-system-api/backend/internal/modules/booking/infrastructure/lock/booking_lock.go:25.62,31.2 1 1
github.com/lukcba/club-pulse-system-api/backend/internal/modules/booking/infrastructure/lock/booking_lock.go:36.145,41.16 3 1
github.com/lukcba/club-pulse-system-api/backend/internal/modules/booking/infrastructure/lock/booking_lock.go:41.16,43.3 1 0
github.com/lukcba/club-pulse-system-api/backend/internal/modules/booking/infrastructure/lock/booking_lock.go:45.2,45.22 1 1
github.com/lukcba/club-pulse-system-api/backend/internal/modules/booking/infrastructure/lock/booking_lock.go:49.103,52.2 2 1
github.com/lukcba/club-pulse-system-api/backend/internal/modules/booking/infrastructure/lock/booking_lock.go:55.108,58.2 2 1
github.com/lukcba/club-pulse-system-api/backend/internal/modules/booking/infrastructure/lock/booking_lock.go:61.115,64.16 3 1
github.com/lukcba/club-pulse-system-api/backend/internal/modules/booking/infrastructure/lock/booking_lock.go:64.16,67.3 1 0
github.com/lukcba/club-pulse-system-api/backend/internal/modules/booking/infrastructure/lock/booking_lock.go:68.2,68.20 1 1
github.com/lukcba/club-pulse-system-api/backend/internal/modules/booking/infrastructure/lock/booking_lock.go:73.146,93.16 4 1
github.com/lukcba/club-pulse-system-api/backend/internal/modules/booking/infrastructure/lock/booking_lock.go:93.16,95.3 1 0
github.com/lukcba/club-pulse-system-api/backend/internal/modules/booking/infrastructure/lock/booking_lock.go:101.2,102.9 2 1
github.com/lukcba/club-pulse-system-api/backend/internal/modules/booking/infrastructure/lock/booking_lock.go:102.9,107.3 1 0
github.com/lukcba/club-pulse-system-api/backend/internal/modules/booking/infrastructure/lock/booking_lock.go:109.2,109.14 1 1
github.com/lukcba/club-pulse-system-api/backend/internal/modules/booking/infrastructure/lock/booking_lock.go:109.14,111.3 1 1
github.com/lukcba/club-pulse-system-api/backend/internal/modules/booking/infrastructure/lock/booking_lock.go:113.2,113.12 1 1
github.com/lukcba/club-pulse-system-api/backend/internal/modules/booking/infrastructure/http/handler.go:20.79,24.2 1 1
github.com/lukcba/club-pulse-system-api/backend/internal/modules/booking/infrastructure/http/handler.go:28.49,32.9 3 1
github.com/lukcba/club-pulse-system-api/backend/internal/modules/booking/infrastructure/http/handler.go:33.46,34.78 1 1
github.com/lukcba/club-pulse-system-api/backend/internal/modules/booking/infrastructure/http/handler.go:35.57,36.91 1 1
github.com/lukcba/club-pulse-system-api/backend/internal/modules/booking/infrastructure/http/handler.go:37.47,38.71 1 0
github.com/lukcba/club-pulse-system-api/backend/internal/modules/booking/infrastructure/http/handler.go:39.50,40.82 1 0
github.com/lukcba/club-pulse-system-api/backend/internal/modules/booking/infrastructure/http/handler.go:41.48,42.81 1 1
github.com/lukcba/club-pulse-system-api/backend/internal/modules/booking/infrastructure/http/handler.go:43.10,44.78 1 0
github.com/lukcba/club-pulse-system-api/backend/internal/modules/booking/infrastructure/http/handler.go:60.49,62.13 2 1
github.com/lukcba/club-pulse-system-api/backend/internal/modules/booking/infrastructure/http/handler.go:62.13,65.3 2 0
github.com/lukcba/club-pulse-system-api/backend/internal/modules/booking/infrastructure/http/handler.go:67.2,68.47 2 1
github.com/lukcba/club-pulse-system-api/backend/internal/modules/booking/infrastructure/http/handler.go:68.47,71.3 2 1
github.com/lukcba/club-pulse-system-api/backend/internal/modules/booking/infrastructure/http/handler.go:74.2,78.16 4 1
github.com/lukcba/club-pulse-system-api/backend/internal/modules/booking/infrastructure/http/handler.go:78.16,82.3 3 1
github.com/lukcba/club-pulse-system-api/backend/internal/modules/booking/infrastructure/http/handler.go:87.2,91.37 4 1
github.com/lukcba/club-pulse-system-api/backend/internal/modules/booking/infrastructure/http/handler.go:102.47,104.13 2 1
github.com/lukcba/club-pulse-system-api/backend/internal/modules/booking/infrastructure/http/handler.go:104.13,107.3 2 0
github.com/lukcba/club-pulse-system-api/backend/internal/modules/booking/infrastructure/http/handler.go:111.2,113.16 3 1
github.com/lukcba/club-pulse-system-api/backend/internal/modules/booking/infrastructure/http/handler.go:113.16,116.3 2 1
github.com/lukcba/club-pulse-system-api/backend/internal/modules/booking/infrastructure/http/handler.go:118.2,118.48 1 1
github.com/lukcba/club-pulse-system-api/backend/internal/modules/booking/infrastructure/http/handler.go:127.50,130.59 2 1
github.com/lukcba/club-pulse-system-api/backend/internal/modules/booking/infrastructure/http/handler.go:130.59,133.3 2 1
github.com/lukcba/club-pulse-system-api/backend/internal/modules/booking/infrastructure/http/handler.go:135.2,140.47 4 1
github.com/lukcba/club-pulse-system-api/backend/internal/modules/booking/infrastructure/http/handler.go:140.47,141.62 1 1
github.com/lukcba/club-pulse-system-api/backend/internal/modules/booking/infrastructure/http/handler.go:141.62,143.4 1 1
github.com/lukcba/club-pulse-system-api/backend/internal/modules/booking/infrastructure/http/handler.go:145.2,145.41 1 1
github.com/lukcba/club-pulse-system-api/backend/internal/modules/booking/infrastructure/http/handler.go:145.41,146.60 1 1
github.com/lukcba/club-pulse-system-api/backend/internal/modules/booking/infrastructure/http/handler.go:146.60,153.4 1 1
github.com/lukcba/club-pulse-system-api/backend/internal/modules/booking/infrastructure/http/handler.go:156.2,157.16 2 1
github.com/lukcba/club-pulse-system-api/backend/internal/modules/booking/infrastructure/http/handler.go:157.16,160.3 2 0
github.com/lukcba/club-pulse-system-api/backend/internal/modules/booking/infrastructure/http/handler.go:162.2,162.48 1 1
github.com/lukcba/club-pulse-system-api/backend/internal/modules/booking/infrastructure/http/handler.go:174.49,176.13 2 1
github.com/lukcba/club-pulse-system-api/backend/internal/modules/booking/infrastructure/http/handler.go:176.13,179.3 2 0
github.com/lukcba/club-pulse-system-api/backend/internal/modules/booking/infrastructure/http/handler.go:181.2,182.21 2 1
github.com/lukcba/club-pulse-system-api/backend/internal/modules/booking/infrastructure/http/handler.go:182.21,185.3 2 0
github.com/lukcba/club-pulse-system-api/backend/internal/modules/booking/infrastructure/http/handler.go:187.2,188.106 2 1
github.com/lukcba/club-pulse-system-api/backend/internal/modules/booking/infrastructure/http/handler.go:188.106,191.3 2 1
github.com/lukcba/club-pulse-system-api/backend/internal/modules/booking/infrastructure/http/handler.go:193.2,193.62 1 1
github.com/lukcba/club-pulse-system-api/backend/internal/modules/booking/infrastructure/http/handler.go:206.58,211.39 3 1
github.com/lukcba/club-pulse-system-api/backend/internal/modules/booking/infrastructure/http/handler.go:211.39,214.3 2 1
github.com/lukcba/club-pulse-system-api/backend/internal/modules/booking/infrastructure/http/handler.go:216.2,222.32 5 1
github.com/lukcba/club-pulse-system-api/backend/internal/modules/booking/infrastructure/http/handler.go:222.32,227.3 4 0
github.com/lukcba/club-pulse-system-api/backend/internal/modules/booking/infrastructure/http/handler.go:229.2,230.16 2 1
github.com/lukcba/club-pulse-system-api/backend/internal/modules/booking/infrastructure/http/handler.go:230.16,233.3 2 1
github.com/lukcba/club-pulse-system-api/backend/internal/modules/booking/infrastructure/http/handler.go:236.2,237.16 2 1
github.com/lukcba/club-pulse-system-api/backend/internal/modules/booking/infrastructure/http/handler.go:237.16,240.3 2 0
github.com/lukcba/club-pulse-system-api/backend/internal/modules/booking/infrastructure/http/handler.go:243.2,248.29 5 1
github.com/lukcba/club-pulse-system-api/backend/internal/modules/booking/infrastructure/http/handler.go:261.62,264.84 2 1
github.com/lukcba/club-pulse-system-api/backend/internal/modules/booking/infrastructure/http/handler.go:264.84,267.3 2 1
github.com/lukcba/club-pulse-system-api/backend/internal/modules/booking/infrastructure/http/handler.go:269.2,270.47 2 1
github.com/lukcba/club-pulse-system-api/backend/internal/modules/booking/infrastructure/http/handler.go:270.47,273.3 2 1
github.com/lukcba/club-pulse-system-api/backend/internal/modules/booking/infrastructure/http/handler.go:275.2,277.16 3 1
github.com/lukcba/club-pulse-system-api/backend/internal/modules/booking/infrastructure/http/handler.go:277.16,280.3 2 0
github.com/lukcba/club-pulse-system-api/backend/internal/modules/booking/infrastructure/http/handler.go:282.2,282.34 1 1
github.com/lukcba/club-pulse-system-api/backend/internal/modules/booking/infrastructure/http/handler.go:292.59,295.84 2 1
github.com/lukcba/club-pulse-system-api/backend/internal/modules/booking/infrastructure/http/handler.go:295.84,298.3 2 1
github.com/lukcba/club-pulse-system-api/backend/internal/modules/booking/infrastructure/http/handler.go:300.2,302.93 2 1
github.com/lukcba/club-pulse-system-api/backend/internal/modules/booking/infrastructure/http/handler.go:302.93,305.3 2 0
github.com/lukcba/club-pulse-system-api/backend/internal/modules/booking/infrastructure/http/handler.go:307.2,307.76 1 1
github.com/lukcba/club-pulse-system-api/backend/internal/modules/booking/infrastructure/http/handler.go:320.55,322.47 2 1
github.com/lukcba/club-pulse-system-api/backend/internal/modules/booking/infrastructure/http/handler.go:322.47,325.3 2 1
github.com/lukcba/club-pulse-system-api/backend/internal/modules/booking/infrastructure/http/handler.go:327.2,330.12 3 1
github.com/lukcba/club-pulse-system-api/backend/internal/modules/booking/infrastructure/http/handler.go:330.12,332.3 1 1
github.com/lukcba/club-pulse-system-api/backend/internal/modules/booking/infrastructure/http/handler.go:334.2,335.16 2 1
github.com/lukcba/club-pulse-system-api/backend/internal/modules/booking/infrastructure/http/handler.go:335.16,338.3 2 1
github.com/lukcba/club-pulse-system-api/backend/internal/modules/booking/infrastructure/http/handler.go:340.2,340.35 1 1
github.com/lukcba/club-pulse-system-api/backend/internal/modules/booking/infrastructure/http/handler.go:343.116,346.2 3 1
github.com/lukcba/club-pulse-system-api/backend/internal/modules/booking/infrastructure/http/handler.go:346.2,355.3 8 1
