mode: set
github.com/lukcba/club-pulse-system-api/backend/internal/modules/booking/infrastructure/cache/reservation_lock.go:31.61,36.2 1 0
github.com/lukcba/club-pulse-system-api/backend/internal/modules/booking/infrastructure/cache/reservation_lock.go:39.62,41.2 1 0
github.com/lukcba/club-pulse-system-api/backend/internal/modules/booking/infrastructure/cache/reservation_lock.go:45.121,51.16 4 0
github.com/lukcba/club-pulse-system-api/backend/internal/modules/booking/infrastructure/cache/reservation_lock.go:51.16,53.3 1 0
github.com/lukcba/club-pulse-system-api/backend/internal/modules/booking/infrastructure/cache/reservation_lock.go:55.2,55.15 1 0
github.com/lukcba/club-pulse-system-api/backend/internal/modules/booking/infrastructure/cache/reservation_lock.go:55.15,57.3 1 0
github.com/lukcba/club-pulse-system-api/backend/internal/modules/booking/infrastructure/cache/reservation_lock.go:60.2,65.20 4 0
github.com/lukcba/club-pulse-system-api/backend/internal/modules/booking/infrastructure/cache/reservation_lock.go:69.103,72.2 2 0
github.com/lukcba/club-pulse-system-api/backend/internal/modules/booking/infrastructure/cache/reservation_lock.go:75.115,80.16 3 0
github.com/lukcba/club-pulse-system-api/backend/internal/modules/booking/infrastructure/cache/reservation_lock.go:80.16,82.3 1 0
github.com/lukcba/club-pulse-system-api/backend/internal/modules/booking/infrastructure/cache/reservation_lock.go:85.2,85.27 1 0
github.com/lukcba/club-pulse-system-api/backend/internal/modules/booking/infrastructure/cache/reservation_lock.go:85.27,87.3 1 0
github.com/lukcba/club-pulse-system-api/backend/internal/modules/booking/infrastructure/cache/reservation_lock.go:90.2,90.46 1 0
github.com/lukcba/club-pulse-system-api/backend/internal/modules/booking/infrastructure/cache/reservation_lock.go:90.46,92.3 1 0
github.com/lukcba/club-pulse-system-api/backend/internal/modules/booking/infrastructure/cache/reservation_lock.go:95.2,98.12 3 0
github.com/lukcba/club-pulse-system-api/backend/internal/modules/booking/infrastructure/cache/reservation_lock.go:102.112,105.16 3 0
github.com/lukcba/club-pulse-system-api/backend/internal/modules/booking/infrastructure/cache/reservation_lock.go:105.16,108.3 1 0
github.com/lukcba/club-pulse-system-api/backend/internal/modules/booking/infrastructure/cache/reservation_lock.go:109.2,109.20 1 0
github.com/lukcba/club-pulse-system-api/backend/internal/modules/booking/infrastructure/cache/reservation_lock.go:113.114,118.16 3 0
github.com/lukcba/club-pulse-system-api/backend/internal/modules/booking/infrastructure/cache/reservation_lock.go:118.16,120.3 1 0
github.com/lukcba/club-pulse-system-api/backend/internal/modules/booking/infrastructure/cache/reservation_lock.go:123.2,123.27 1 0
github.com/lukcba/club-pulse-system-api/backend/internal/modules/booking/infrastructure/cache/reservation_lock.go:123.27,125.3 1 0
github.com/lukcba/club-pulse-system-api/backend/internal/modules/booking/infrastructure/cache/reservation_lock.go:128.2,128.40 1 0
github.com/lukcba/club-pulse-system-api/backend/internal/modules/booking/infrastructure/lock/booking_lock.go:18.36,22.2 1 0
github.com/lukcba/club-pulse-system-api/backend/internal/modules/booking/infrastructure/lock/booking_lock.go:25.62,31.2 1 0
github.com/lukcba/club-pulse-system-api/backend/internal/modules/booking/infrastructure/lock/booking_lock.go:36.145,41.16 3 0
github.com/lukcba/club-pulse-system-api/backend/internal/modules/booking/infrastructure/lock/booking_lock.go:41.16,43.3 1 0
github.com/lukcba/club-pulse-system-api/backend/internal/modules/booking/infrastructure/lock/booking_lock.go:45.2,45.22 1 0
github.com/lukcba/club-pulse-system-api/backend/internal/modules/booking/infrastructure/lock/booking_lock.go:49.103,52.2 2 0
github.com/lukcba/club-pulse-system-api/backend/internal/modules/booking/infrastructure/lock/booking_lock.go:55.108,58.2 2 0
github.com/lukcba/club-pulse-system-api/backend/internal/modules/booking/infrastructure/lock/booking_lock.go:61.115,64.16 3 0
github.com/lukcba/club-pulse-system-api/backend/internal/modules/booking/infrastructure/lock/booking_lock.go:64.16,67.3 1 0
github.com/lukcba/club-pulse-system-api/backend/internal/modules/booking/infrastructure/lock/booking_lock.go:68.2,68.20 1 0
github.com/lukcba/club-pulse-system-api/backend/internal/modules/booking/infrastructure/lock/booking_lock.go:73.146,93.16 4 0
github.com/lukcba/club-pulse-system-api/backend/internal/modules/booking/infrastructure/lock/booking_lock.go:93.16,95.3 1 0
github.com/lukcba/club-pulse-system-api/backend/internal/modules/booking/infrastructure/lock/booking_lock.go:101.2,102.9 2 0
github.com/lukcba/club-pulse-system-api/backend/internal/modules/booking/infrastructure/lock/booking_lock.go:102.9,107.3 1 0
github.com/lukcba/club-pulse-system-api/backend/internal/modules/booking/infrastructure/lock/booking_lock.go:109.2,109.14 1 0
github.com/lukcba/club-pulse-system-api/backend/internal/modules/booking/infrastructure/lock/booking_lock.go:109.14,111.3 1 0
github.com/lukcba/club-pulse-system-api/backend/internal/modules/booking/infrastructure/lock/booking_lock.go:113.2,113.12 1 0
github.com/lukcba/club-pulse-system-api/backend/internal/modules/booking/infrastructure/repository/postgres.go:16.73,19.2 2 1
github.com/lukcba/club-pulse-system-api/backend/internal/modules/booking/infrastructure/repository/postgres.go:21.96,23.2 1 1
github.com/lukcba/club-pulse-system-api/backend/internal/modules/booking/infrastructure/repository/postgres.go:25.120,27.106 2 1
github.com/lukcba/club-pulse-system-api/backend/internal/modules/booking/infrastructure/repository/postgres.go:27.106,28.36 1 0
github.com/lukcba/club-pulse-system-api/backend/internal/modules/booking/infrastructure/repository/postgres.go:28.36,30.4 1 0
github.com/lukcba/club-pulse-system-api/backend/internal/modules/booking/infrastructure/repository/postgres.go:31.3,31.18 1 0
github.com/lukcba/club-pulse-system-api/backend/internal/modules/booking/infrastructure/repository/postgres.go:33.2,33.22 1 1
github.com/lukcba/club-pulse-system-api/backend/internal/modules/booking/infrastructure/repository/postgres.go:36.135,40.33 3 1
github.com/lukcba/club-pulse-system-api/backend/internal/modules/booking/infrastructure/repository/postgres.go:40.33,42.3 1 1
github.com/lukcba/club-pulse-system-api/backend/internal/modules/booking/infrastructure/repository/postgres.go:44.2,46.52 2 1
github.com/lukcba/club-pulse-system-api/backend/internal/modules/booking/infrastructure/repository/postgres.go:46.52,48.3 1 0
github.com/lukcba/club-pulse-system-api/backend/internal/modules/booking/infrastructure/repository/postgres.go:49.2,49.22 1 1
github.com/lukcba/club-pulse-system-api/backend/internal/modules/booking/infrastructure/repository/postgres.go:52.96,54.2 1 1
github.com/lukcba/club-pulse-system-api/backend/internal/modules/booking/infrastructure/repository/postgres.go:56.147,68.16 3 1
github.com/lukcba/club-pulse-system-api/backend/internal/modules/booking/infrastructure/repository/postgres.go:68.16,70.3 1 0
github.com/lukcba/club-pulse-system-api/backend/internal/modules/booking/infrastructure/repository/postgres.go:71.2,71.23 1 1
github.com/lukcba/club-pulse-system-api/backend/internal/modules/booking/infrastructure/repository/postgres.go:74.159,92.2 5 0
github.com/lukcba/club-pulse-system-api/backend/internal/modules/booking/infrastructure/repository/postgres.go:94.159,98.33 3 1
github.com/lukcba/club-pulse-system-api/backend/internal/modules/booking/infrastructure/repository/postgres.go:98.33,100.3 1 0
github.com/lukcba/club-pulse-system-api/backend/internal/modules/booking/infrastructure/repository/postgres.go:102.2,102.17 1 1
github.com/lukcba/club-pulse-system-api/backend/internal/modules/booking/infrastructure/repository/postgres.go:102.17,104.3 1 0
github.com/lukcba/club-pulse-system-api/backend/internal/modules/booking/infrastructure/repository/postgres.go:105.2,105.15 1 1
github.com/lukcba/club-pulse-system-api/backend/internal/modules/booking/infrastructure/repository/postgres.go:105.15,107.3 1 0
github.com/lukcba/club-pulse-system-api/backend/internal/modules/booking/infrastructure/repository/postgres.go:109.2,111.52 2 1
github.com/lukcba/club-pulse-system-api/backend/internal/modules/booking/infrastructure/repository/postgres.go:111.52,113.3 1 0
github.com/lukcba/club-pulse-system-api/backend/internal/modules/booking/infrastructure/repository/postgres.go:114.2,114.22 1 1
github.com/lukcba/club-pulse-system-api/backend/internal/modules/booking/infrastructure/repository/postgres.go:117.102,119.2 1 1
github.com/lukcba/club-pulse-system-api/backend/internal/modules/booking/infrastructure/repository/postgres.go:121.151,131.16 3 1
github.com/lukcba/club-pulse-system-api/backend/internal/modules/booking/infrastructure/repository/postgres.go:131.16,132.36 1 0
github.com/lukcba/club-pulse-system-api/backend/internal/modules/booking/infrastructure/repository/postgres.go:132.36,134.4 1 0
github.com/lukcba/club-pulse-system-api/backend/internal/modules/booking/infrastructure/repository/postgres.go:135.3,135.18 1 0
github.com/lukcba/club-pulse-system-api/backend/internal/modules/booking/infrastructure/repository/postgres.go:137.2,137.20 1 1
github.com/lukcba/club-pulse-system-api/backend/internal/modules/booking/infrastructure/repository/postgres_recurring.go:16.79,18.2 1 1
github.com/lukcba/club-pulse-system-api/backend/internal/modules/booking/infrastructure/repository/postgres_recurring.go:20.101,22.2 1 1
github.com/lukcba/club-pulse-system-api/backend/internal/modules/booking/infrastructure/repository/postgres_recurring.go:24.143,30.2 3 1
github.com/lukcba/club-pulse-system-api/backend/internal/modules/booking/infrastructure/repository/postgres_recurring.go:33.120,40.2 4 1
github.com/lukcba/club-pulse-system-api/backend/internal/modules/booking/infrastructure/repository/postgres_recurring.go:42.102,44.2 1 1
github.com/lukcba/club-pulse-system-api/backend/internal/modules/booking/infrastructure/http/handler.go:20.79,24.2 1 1
github.com/lukcba/club-pulse-system-api/backend/internal/modules/booking/infrastructure/http/handler.go:28.49,32.9 3 0
github.com/lukcba/club-pulse-system-api/backend/internal/modules/booking/infrastructure/http/handler.go:33.46,34.78 1 0
github.com/lukcba/club-pulse-system-api/backend/internal/modules/booking/infrastructure/http/handler.go:35.57,36.91 1 0
github.com/lukcba/club-pulse-system-api/backend/internal/modules/booking/infrastructure/http/handler.go:37.47,38.71 1 0
github.com/lukcba/club-pulse-system-api/backend/internal/modules/booking/infrastructure/http/handler.go:39.50,40.82 1 0
github.com/lukcba/club-pulse-system-api/backend/internal/modules/booking/infrastructure/http/handler.go:41.48,42.81 1 0
github.com/lukcba/club-pulse-system-api/backend/internal/modules/booking/infrastructure/http/handler.go:43.10,44.78 1 0
github.com/lukcba/club-pulse-system-api/backend/internal/modules/booking/infrastructure/http/handler.go:60.49,62.13 2 1
github.com/lukcba/club-pulse-system-api/backend/internal/modules/booking/infrastructure/http/handler.go:62.13,65.3 2 0
github.com/lukcba/club-pulse-system-api/backend/internal/modules/booking/infrastructure/http/handler.go:67.2,68.47 2 1
github.com/lukcba/club-pulse-system-api/backend/internal/modules/booking/infrastructure/http/handler.go:68.47,71.3 2 1
github.com/lukcba/club-pulse-system-api/backend/internal/modules/booking/infrastructure/http/handler.go:74.2,78.16 4 1
github.com/lukcba/club-pulse-system-api/backend/internal/modules/booking/infrastructure/http/handler.go:78.16,82.3 3 0
github.com/lukcba/club-pulse-system-api/backend/internal/modules/booking/infrastructure/http/handler.go:87.2,91.37 4 1
github.com/lukcba/club-pulse-system-api/backend/internal/modules/booking/infrastructure/http/handler.go:102.47,104.13 2 1
github.com/lukcba/club-pulse-system-api/backend/internal/modules/booking/infrastructure/http/handler.go:104.13,107.3 2 0
github.com/lukcba/club-pulse-system-api/backend/internal/modules/booking/infrastructure/http/handler.go:111.2,113.16 3 1
github.com/lukcba/club-pulse-system-api/backend/internal/modules/booking/infrastructure/http/handler.go:113.16,116.3 2 0
github.com/lukcba/club-pulse-system-api/backend/internal/modules/booking/infrastructure/http/handler.go:118.2,118.48 1 1
github.com/lukcba/club-pulse-system-api/backend/internal/modules/booking/infrastructure/http/handler.go:127.50,130.59 2 1
github.com/lukcba/club-pulse-system-api/backend/internal/modules/booking/infrastructure/http/handler.go:130.59,133.3 2 1
github.com/lukcba/club-pulse-system-api/backend/internal/modules/booking/infrastructure/http/handler.go:135.2,140.47 4 1
github.com/lukcba/club-pulse-system-api/backend/internal/modules/booking/infrastructure/http/handler.go:140.47,141.62 1 0
github.com/lukcba/club-pulse-system-api/backend/internal/modules/booking/infrastructure/http/handler.go:141.62,143.4 1 0
github.com/lukcba/club-pulse-system-api/backend/internal/modules/booking/infrastructure/http/handler.go:145.2,145.41 1 1
github.com/lukcba/club-pulse-system-api/backend/internal/modules/booking/infrastructure/http/handler.go:145.41,146.60 1 0
github.com/lukcba/club-pulse-system-api/backend/internal/modules/booking/infrastructure/http/handler.go:146.60,153.4 1 0
github.com/lukcba/club-pulse-system-api/backend/internal/modules/booking/infrastructure/http/handler.go:156.2,157.16 2 1
github.com/lukcba/club-pulse-system-api/backend/internal/modules/booking/infrastructure/http/handler.go:157.16,160.3 2 0
github.com/lukcba/club-pulse-system-api/backend/internal/modules/booking/infrastructure/http/handler.go:162.2,162.48 1 1
github.com/lukcba/club-pulse-system-api/backend/internal/modules/booking/infrastructure/http/handler.go:174.49,176.13 2 1
github.com/lukcba/club-pulse-system-api/backend/internal/modules/booking/infrastructure/http/handler.go:176.13,179.3 2 0
github.com/lukcba/club-pulse-system-api/backend/internal/modules/booking/infrastructure/http/handler.go:181.2,182.21 2 1
github.com/lukcba/club-pulse-system-api/backend/internal/modules/booking/infrastructure/http/handler.go:182.21,185.3 2 0
github.com/lukcba/club-pulse-system-api/backend/internal/modules/booking/infrastructure/http/handler.go:187.2,188.106 2 1
github.com/lukcba/club-pulse-system-api/backend/internal/modules/booking/infrastructure/http/handler.go:188.106,191.3 2 0
github.com/lukcba/club-pulse-system-api/backend/internal/modules/booking/infrastructure/http/handler.go:193.2,193.62 1 1
github.com/lukcba/club-pulse-system-api/backend/internal/modules/booking/infrastructure/http/handler.go:206.58,211.39 3 1
github.com/lukcba/club-pulse-system-api/backend/internal/modules/booking/infrastructure/http/handler.go:211.39,214.3 2 0
github.com/lukcba/club-pulse-system-api/backend/internal/modules/booking/infrastructure/http/handler.go:216.2,222.32 5 1
github.com/lukcba/club-pulse-system-api/backend/internal/modules/booking/infrastructure/http/handler.go:222.32,227.3 4 0
github.com/lukcba/club-pulse-system-api/backend/internal/modules/booking/infrastructure/http/handler.go:229.2,230.16 2 1
github.com/lukcba/club-pulse-system-api/backend/internal/modules/booking/infrastructure/http/handler.go:230.16,233.3 2 0
github.com/lukcba/club-pulse-system-api/backend/internal/modules/booking/infrastructure/http/handler.go:236.2,237.16 2 1
github.com/lukcba/club-pulse-system-api/backend/internal/modules/booking/infrastructure/http/handler.go:237.16,240.3 2 0
github.com/lukcba/club-pulse-system-api/backend/internal/modules/booking/infrastructure/http/handler.go:243.2,248.29 5 1
github.com/lukcba/club-pulse-system-api/backend/internal/modules/booking/infrastructure/http/handler.go:261.62,264.84 2 1
github.com/lukcba/club-pulse-system-api/backend/internal/modules/booking/infrastructure/http/handler.go:264.84,267.3 2 0
github.com/lukcba/club-pulse-system-api/backend/internal/modules/booking/infrastructure/http/handler.go:269.2,270.47 2 1
github.com/lukcba/club-pulse-system-api/backend/internal/modules/booking/infrastructure/http/handler.go:270.47,273.3 2 0
github.com/lukcba/club-pulse-system-api/backend/internal/modules/booking/infrastructure/http/handler.go:275.2,277.16 3 1
github.com/lukcba/club-pulse-system-api/backend/internal/modules/booking/infrastructure/http/handler.go:277.16,280.3 2 0
github.com/lukcba/club-pulse-system-api/backend/internal/modules/booking/infrastructure/http/handler.go:282.2,282.34 1 1
github.com/lukcba/club-pulse-system-api/backend/internal/modules/booking/infrastructure/http/handler.go:292.59,295.84 2 0
github.com/lukcba/club-pulse-system-api/backend/internal/modules/booking/infrastructure/http/handler.go:295.84,298.3 2 0
github.com/lukcba/club-pulse-system-api/backend/internal/modules/booking/infrastructure/http/handler.go:300.2,302.93 2 0
github.com/lukcba/club-pulse-system-api/backend/internal/modules/booking/infrastructure/http/handler.go:302.93,305.3 2 0
github.com/lukcba/club-pulse-system-api/backend/internal/modules/booking/infrastructure/http/handler.go:307.2,307.76 1 0
github.com/lukcba/club-pulse-system-api/backend/internal/modules/booking/infrastructure/http/handler.go:320.55,322.47 2 1
github.com/lukcba/club-pulse-system-api/backend/internal/modules/booking/infrastructure/http/handler.go:322.47,325.3 2 0
github.com/lukcba/club-pulse-system-api/backend/internal/modules/booking/infrastructure/http/handler.go:327.2,330.12 3 1
github.com/lukcba/club-pulse-system-api/backend/internal/modules/booking/infrastructure/http/handler.go:330.12,332.3 1 1
github.com/lukcba/club-pulse-system-api/backend/internal/modules/booking/infrastructure/http/handler.go:334.2,335.16 2 1
github.com/lukcba/club-pulse-system-api/backend/internal/modules/booking/infrastructure/http/handler.go:335.16,338.3 2 0
github.com/lukcba/club-pulse-system-api/backend/internal/modules/booking/infrastructure/http/handler.go:340.2,340.35 1 1
github.com/lukcba/club-pulse-system-api/backend/internal/modules/booking/infrastructure/http/handler.go:343.116,346.2 3 1
github.com/lukcba/club-pulse-system-api/backend/internal/modules/booking/infrastructure/http/handler.go:346.2,355.3 8 1
