mode: set
github.com/lukcba/club-pulse-system-api/backend/internal/modules/booking/application/usecases.go:55.20,64.2 1 1
github.com/lukcba/club-pulse-system-api/backend/internal/modules/booking/application/usecases.go:67.132,70.16 2 1
github.com/lukcba/club-pulse-system-api/backend/internal/modules/booking/application/usecases.go:70.16,72.3 1 0
github.com/lukcba/club-pulse-system-api/backend/internal/modules/booking/application/usecases.go:74.2,74.38 1 1
github.com/lukcba/club-pulse-system-api/backend/internal/modules/booking/application/usecases.go:74.38,76.3 1 1
github.com/lukcba/club-pulse-system-api/backend/internal/modules/booking/application/usecases.go:79.2,80.16 2 1
github.com/lukcba/club-pulse-system-api/backend/internal/modules/booking/application/usecases.go:80.16,82.3 1 1
github.com/lukcba/club-pulse-system-api/backend/internal/modules/booking/application/usecases.go:85.2,85.76 1 1
github.com/lukcba/club-pulse-system-api/backend/internal/modules/booking/application/usecases.go:85.76,87.3 1 1
github.com/lukcba/club-pulse-system-api/backend/internal/modules/booking/application/usecases.go:90.2,99.20 7 1
github.com/lukcba/club-pulse-system-api/backend/internal/modules/booking/application/usecases.go:99.20,104.3 3 0
github.com/lukcba/club-pulse-system-api/backend/internal/modules/booking/application/usecases.go:106.2,122.53 2 1
github.com/lukcba/club-pulse-system-api/backend/internal/modules/booking/application/usecases.go:122.53,124.3 1 0
github.com/lukcba/club-pulse-system-api/backend/internal/modules/booking/application/usecases.go:127.2,127.59 1 1
github.com/lukcba/club-pulse-system-api/backend/internal/modules/booking/application/usecases.go:127.59,129.3 1 1
github.com/lukcba/club-pulse-system-api/backend/internal/modules/booking/application/usecases.go:131.2,131.21 1 1
github.com/lukcba/club-pulse-system-api/backend/internal/modules/booking/application/usecases.go:135.125,137.18 2 1
github.com/lukcba/club-pulse-system-api/backend/internal/modules/booking/application/usecases.go:137.18,138.49 1 1
github.com/lukcba/club-pulse-system-api/backend/internal/modules/booking/application/usecases.go:138.49,140.4 1 1
github.com/lukcba/club-pulse-system-api/backend/internal/modules/booking/application/usecases.go:142.2,142.42 1 1
github.com/lukcba/club-pulse-system-api/backend/internal/modules/booking/application/usecases.go:147.154,150.22 2 1
github.com/lukcba/club-pulse-system-api/backend/internal/modules/booking/application/usecases.go:150.22,151.53 1 0
github.com/lukcba/club-pulse-system-api/backend/internal/modules/booking/application/usecases.go:151.53,153.4 1 0
github.com/lukcba/club-pulse-system-api/backend/internal/modules/booking/application/usecases.go:156.2,156.55 1 1
github.com/lukcba/club-pulse-system-api/backend/internal/modules/booking/application/usecases.go:160.113,162.16 2 1
github.com/lukcba/club-pulse-system-api/backend/internal/modules/booking/application/usecases.go:162.16,164.3 1 0
github.com/lukcba/club-pulse-system-api/backend/internal/modules/booking/application/usecases.go:166.2,167.16 2 1
github.com/lukcba/club-pulse-system-api/backend/internal/modules/booking/application/usecases.go:167.16,169.3 1 0
github.com/lukcba/club-pulse-system-api/backend/internal/modules/booking/application/usecases.go:170.2,170.20 1 1
github.com/lukcba/club-pulse-system-api/backend/internal/modules/booking/application/usecases.go:170.20,172.3 1 0
github.com/lukcba/club-pulse-system-api/backend/internal/modules/booking/application/usecases.go:175.2,175.75 1 1
github.com/lukcba/club-pulse-system-api/backend/internal/modules/booking/application/usecases.go:175.75,177.3 1 1
github.com/lukcba/club-pulse-system-api/backend/internal/modules/booking/application/usecases.go:179.2,182.53 3 1
github.com/lukcba/club-pulse-system-api/backend/internal/modules/booking/application/usecases.go:182.53,184.3 1 0
github.com/lukcba/club-pulse-system-api/backend/internal/modules/booking/application/usecases.go:187.2,187.25 1 1
github.com/lukcba/club-pulse-system-api/backend/internal/modules/booking/application/usecases.go:187.25,189.3 1 1
github.com/lukcba/club-pulse-system-api/backend/internal/modules/booking/application/usecases.go:192.2,193.31 2 1
github.com/lukcba/club-pulse-system-api/backend/internal/modules/booking/application/usecases.go:193.31,200.3 1 0
github.com/lukcba/club-pulse-system-api/backend/internal/modules/booking/application/usecases.go:202.2,202.12 1 1
github.com/lukcba/club-pulse-system-api/backend/internal/modules/booking/application/usecases.go:206.152,208.16 2 1
github.com/lukcba/club-pulse-system-api/backend/internal/modules/booking/application/usecases.go:208.16,210.3 1 0
github.com/lukcba/club-pulse-system-api/backend/internal/modules/booking/application/usecases.go:211.2,211.20 1 1
github.com/lukcba/club-pulse-system-api/backend/internal/modules/booking/application/usecases.go:211.20,213.3 1 0
github.com/lukcba/club-pulse-system-api/backend/internal/modules/booking/application/usecases.go:215.2,215.52 1 1
github.com/lukcba/club-pulse-system-api/backend/internal/modules/booking/application/usecases.go:215.52,222.3 4 1
github.com/lukcba/club-pulse-system-api/backend/internal/modules/booking/application/usecases.go:224.2,225.37 2 1
github.com/lukcba/club-pulse-system-api/backend/internal/modules/booking/application/usecases.go:230.66,232.31 2 1
github.com/lukcba/club-pulse-system-api/backend/internal/modules/booking/application/usecases.go:232.31,234.3 1 0
github.com/lukcba/club-pulse-system-api/backend/internal/modules/booking/application/usecases.go:236.2,236.23 1 1
github.com/lukcba/club-pulse-system-api/backend/internal/modules/booking/application/usecases.go:236.23,252.3 2 1
github.com/lukcba/club-pulse-system-api/backend/internal/modules/booking/application/usecases.go:255.2,259.46 3 1
github.com/lukcba/club-pulse-system-api/backend/internal/modules/booking/application/usecases.go:259.46,262.3 2 1
github.com/lukcba/club-pulse-system-api/backend/internal/modules/booking/application/usecases.go:264.2,271.6 4 1
github.com/lukcba/club-pulse-system-api/backend/internal/modules/booking/application/usecases.go:271.6,273.42 2 1
github.com/lukcba/club-pulse-system-api/backend/internal/modules/booking/application/usecases.go:273.42,276.4 2 0
github.com/lukcba/club-pulse-system-api/backend/internal/modules/booking/application/usecases.go:276.9,277.9 1 1
github.com/lukcba/club-pulse-system-api/backend/internal/modules/booking/application/usecases.go:281.2,282.52 2 1
github.com/lukcba/club-pulse-system-api/backend/internal/modules/booking/application/usecases.go:286.78,288.16 2 1
github.com/lukcba/club-pulse-system-api/backend/internal/modules/booking/application/usecases.go:288.16,290.3 1 0
github.com/lukcba/club-pulse-system-api/backend/internal/modules/booking/application/usecases.go:292.2,299.16 5 1
github.com/lukcba/club-pulse-system-api/backend/internal/modules/booking/application/usecases.go:299.16,301.3 1 0
github.com/lukcba/club-pulse-system-api/backend/internal/modules/booking/application/usecases.go:304.2,304.27 1 1
github.com/lukcba/club-pulse-system-api/backend/internal/modules/booking/application/usecases.go:308.74,311.35 2 1
github.com/lukcba/club-pulse-system-api/backend/internal/modules/booking/application/usecases.go:311.35,316.3 4 1
github.com/lukcba/club-pulse-system-api/backend/internal/modules/booking/application/usecases.go:318.2,321.19 3 0
github.com/lukcba/club-pulse-system-api/backend/internal/modules/booking/application/usecases.go:322.9,323.9 1 0
github.com/lukcba/club-pulse-system-api/backend/internal/modules/booking/application/usecases.go:324.9,326.48 2 0
github.com/lukcba/club-pulse-system-api/backend/internal/modules/booking/application/usecases.go:326.48,328.4 1 0
github.com/lukcba/club-pulse-system-api/backend/internal/modules/booking/application/usecases.go:329.10,330.26 1 0
github.com/lukcba/club-pulse-system-api/backend/internal/modules/booking/application/usecases.go:333.2,333.33 1 0
github.com/lukcba/club-pulse-system-api/backend/internal/modules/booking/application/usecases.go:337.37,339.32 2 1
github.com/lukcba/club-pulse-system-api/backend/internal/modules/booking/application/usecases.go:339.32,341.3 1 1
github.com/lukcba/club-pulse-system-api/backend/internal/modules/booking/application/usecases.go:343.2,343.30 1 1
github.com/lukcba/club-pulse-system-api/backend/internal/modules/booking/application/usecases.go:343.30,346.3 1 0
github.com/lukcba/club-pulse-system-api/backend/internal/modules/booking/application/usecases.go:347.2,347.15 1 1
github.com/lukcba/club-pulse-system-api/backend/internal/modules/booking/application/usecases.go:351.142,353.16 2 1
github.com/lukcba/club-pulse-system-api/backend/internal/modules/booking/application/usecases.go:353.16,355.3 1 0
github.com/lukcba/club-pulse-system-api/backend/internal/modules/booking/application/usecases.go:359.2,360.16 2 1
github.com/lukcba/club-pulse-system-api/backend/internal/modules/booking/application/usecases.go:360.16,362.3 1 0
github.com/lukcba/club-pulse-system-api/backend/internal/modules/booking/application/usecases.go:363.2,363.21 1 1
github.com/lukcba/club-pulse-system-api/backend/internal/modules/booking/application/usecases.go:363.21,365.3 1 0
github.com/lukcba/club-pulse-system-api/backend/internal/modules/booking/application/usecases.go:367.2,368.16 2 1
github.com/lukcba/club-pulse-system-api/backend/internal/modules/booking/application/usecases.go:368.16,370.3 1 0
github.com/lukcba/club-pulse-system-api/backend/internal/modules/booking/application/usecases.go:373.2,374.16 2 1
github.com/lukcba/club-pulse-system-api/backend/internal/modules/booking/application/usecases.go:374.16,376.3 1 0
github.com/lukcba/club-pulse-system-api/backend/internal/modules/booking/application/usecases.go:380.2,384.35 4 1
github.com/lukcba/club-pulse-system-api/backend/internal/modules/booking/application/usecases.go:384.35,386.118 1 1
github.com/lukcba/club-pulse-system-api/backend/internal/modules/booking/application/usecases.go:386.118,388.63 1 0
github.com/lukcba/club-pulse-system-api/backend/internal/modules/booking/application/usecases.go:388.63,390.5 1 0
github.com/lukcba/club-pulse-system-api/backend/internal/modules/booking/application/usecases.go:395.2,399.36 3 1
github.com/lukcba/club-pulse-system-api/backend/internal/modules/booking/application/usecases.go:399.36,402.3 2 0
github.com/lukcba/club-pulse-system-api/backend/internal/modules/booking/application/usecases.go:404.2,406.39 2 1
github.com/lukcba/club-pulse-system-api/backend/internal/modules/booking/application/usecases.go:406.39,419.3 4 1
github.com/lukcba/club-pulse-system-api/backend/internal/modules/booking/application/usecases.go:421.2,421.19 1 1
github.com/lukcba/club-pulse-system-api/backend/internal/modules/booking/application/usecases.go:425.150,427.16 2 1
github.com/lukcba/club-pulse-system-api/backend/internal/modules/booking/application/usecases.go:427.16,429.3 1 0
github.com/lukcba/club-pulse-system-api/backend/internal/modules/booking/application/usecases.go:431.2,432.16 2 1
github.com/lukcba/club-pulse-system-api/backend/internal/modules/booking/application/usecases.go:432.16,434.3 1 0
github.com/lukcba/club-pulse-system-api/backend/internal/modules/booking/application/usecases.go:435.2,436.16 2 1
github.com/lukcba/club-pulse-system-api/backend/internal/modules/booking/application/usecases.go:436.16,438.3 1 0
github.com/lukcba/club-pulse-system-api/backend/internal/modules/booking/application/usecases.go:440.2,452.59 2 1
github.com/lukcba/club-pulse-system-api/backend/internal/modules/booking/application/usecases.go:452.59,454.3 1 0
github.com/lukcba/club-pulse-system-api/backend/internal/modules/booking/application/usecases.go:456.2,456.18 1 1
github.com/lukcba/club-pulse-system-api/backend/internal/modules/booking/application/usecases.go:461.107,463.16 2 1
github.com/lukcba/club-pulse-system-api/backend/internal/modules/booking/application/usecases.go:463.16,465.3 1 0
github.com/lukcba/club-pulse-system-api/backend/internal/modules/booking/application/usecases.go:467.2,470.29 3 1
github.com/lukcba/club-pulse-system-api/backend/internal/modules/booking/application/usecases.go:470.29,472.31 2 1
github.com/lukcba/club-pulse-system-api/backend/internal/modules/booking/application/usecases.go:472.31,475.17 2 1
github.com/lukcba/club-pulse-system-api/backend/internal/modules/booking/application/usecases.go:475.17,476.52 1 1
github.com/lukcba/club-pulse-system-api/backend/internal/modules/booking/application/usecases.go:476.52,478.6 1 1
github.com/lukcba/club-pulse-system-api/backend/internal/modules/booking/application/usecases.go:482.2,482.12 1 1
github.com/lukcba/club-pulse-system-api/backend/internal/modules/booking/application/usecases.go:487.74,489.16 2 1
github.com/lukcba/club-pulse-system-api/backend/internal/modules/booking/application/usecases.go:489.16,491.3 1 0
github.com/lukcba/club-pulse-system-api/backend/internal/modules/booking/application/usecases.go:492.2,493.16 2 1
github.com/lukcba/club-pulse-system-api/backend/internal/modules/booking/application/usecases.go:493.16,495.3 1 0
github.com/lukcba/club-pulse-system-api/backend/internal/modules/booking/application/usecases.go:496.2,496.26 1 1
github.com/lukcba/club-pulse-system-api/backend/internal/modules/booking/application/usecases.go:499.178,502.16 2 1
github.com/lukcba/club-pulse-system-api/backend/internal/modules/booking/application/usecases.go:502.16,504.3 1 0
github.com/lukcba/club-pulse-system-api/backend/internal/modules/booking/application/usecases.go:505.2,505.21 1 1
github.com/lukcba/club-pulse-system-api/backend/internal/modules/booking/application/usecases.go:505.21,507.3 1 1
github.com/lukcba/club-pulse-system-api/backend/internal/modules/booking/application/usecases.go:508.2,508.60 1 1
github.com/lukcba/club-pulse-system-api/backend/internal/modules/booking/application/usecases.go:508.60,510.3 1 0
github.com/lukcba/club-pulse-system-api/backend/internal/modules/booking/application/usecases.go:513.2,514.16 2 1
github.com/lukcba/club-pulse-system-api/backend/internal/modules/booking/application/usecases.go:514.16,516.3 1 0
github.com/lukcba/club-pulse-system-api/backend/internal/modules/booking/application/usecases.go:517.2,517.14 1 1
github.com/lukcba/club-pulse-system-api/backend/internal/modules/booking/application/usecases.go:517.14,519.3 1 1
github.com/lukcba/club-pulse-system-api/backend/internal/modules/booking/application/usecases.go:522.2,523.16 2 1
github.com/lukcba/club-pulse-system-api/backend/internal/modules/booking/application/usecases.go:523.16,525.3 1 0
github.com/lukcba/club-pulse-system-api/backend/internal/modules/booking/application/usecases.go:526.2,526.19 1 1
github.com/lukcba/club-pulse-system-api/backend/internal/modules/booking/application/usecases.go:526.19,528.3 1 1
github.com/lukcba/club-pulse-system-api/backend/internal/modules/booking/application/usecases.go:530.2,530.22 1 1
github.com/lukcba/club-pulse-system-api/backend/internal/modules/booking/application/usecases.go:533.97,535.16 2 1
github.com/lukcba/club-pulse-system-api/backend/internal/modules/booking/application/usecases.go:535.16,537.3 1 0
github.com/lukcba/club-pulse-system-api/backend/internal/modules/booking/application/usecases.go:538.2,538.17 1 1
github.com/lukcba/club-pulse-system-api/backend/internal/modules/booking/application/usecases.go:538.17,540.3 1 0
github.com/lukcba/club-pulse-system-api/backend/internal/modules/booking/application/usecases.go:542.2,542.99 1 1
github.com/lukcba/club-pulse-system-api/backend/internal/modules/booking/application/usecases.go:542.99,544.3 1 1
github.com/lukcba/club-pulse-system-api/backend/internal/modules/booking/application/usecases.go:546.2,546.80 1 1
github.com/lukcba/club-pulse-system-api/backend/internal/modules/booking/application/usecases.go:546.80,548.3 1 0
github.com/lukcba/club-pulse-system-api/backend/internal/modules/booking/application/usecases.go:550.2,550.12 1 1
github.com/lukcba/club-pulse-system-api/backend/internal/modules/booking/application/usecases.go:553.66,554.12 1 1
github.com/lukcba/club-pulse-system-api/backend/internal/modules/booking/application/usecases.go:554.12,561.17 2 1
github.com/lukcba/club-pulse-system-api/backend/internal/modules/booking/application/usecases.go:561.17,564.4 1 0
github.com/lukcba/club-pulse-system-api/backend/internal/modules/booking/application/usecases.go:568.165,570.29 1 1
github.com/lukcba/club-pulse-system-api/backend/internal/modules/booking/application/usecases.go:570.29,571.56 1 1
github.com/lukcba/club-pulse-system-api/backend/internal/modules/booking/application/usecases.go:571.56,573.4 1 0
github.com/lukcba/club-pulse-system-api/backend/internal/modules/booking/application/usecases.go:577.2,577.32 1 1
github.com/lukcba/club-pulse-system-api/backend/internal/modules/booking/application/usecases.go:577.32,578.56 1 0
github.com/lukcba/club-pulse-system-api/backend/internal/modules/booking/application/usecases.go:578.56,580.4 1 0
github.com/lukcba/club-pulse-system-api/backend/internal/modules/booking/application/usecases.go:583.2,583.20 1 1
github.com/lukcba/club-pulse-system-api/backend/internal/modules/booking/application/usecases.go:586.132,592.23 4 1
github.com/lukcba/club-pulse-system-api/backend/internal/modules/booking/application/usecases.go:592.23,594.3 1 1
github.com/lukcba/club-pulse-system-api/backend/internal/modules/booking/application/usecases.go:595.2,596.24 2 1
github.com/lukcba/club-pulse-system-api/backend/internal/modules/booking/application/usecases.go:596.24,598.3 1 1
github.com/lukcba/club-pulse-system-api/backend/internal/modules/booking/application/usecases.go:601.2,604.26 3 1
github.com/lukcba/club-pulse-system-api/backend/internal/modules/booking/application/usecases.go:604.26,605.47 1 1
github.com/lukcba/club-pulse-system-api/backend/internal/modules/booking/application/usecases.go:605.47,626.4 6 1
github.com/lukcba/club-pulse-system-api/backend/internal/modules/booking/application/usecases.go:627.3,627.37 1 1
github.com/lukcba/club-pulse-system-api/backend/internal/modules/booking/application/usecases.go:630.2,630.17 1 1
github.com/lukcba/club-pulse-system-api/backend/internal/modules/booking/application/usecases.go:639.131,641.16 2 1
github.com/lukcba/club-pulse-system-api/backend/internal/modules/booking/application/usecases.go:641.16,643.3 1 0
github.com/lukcba/club-pulse-system-api/backend/internal/modules/booking/application/usecases.go:644.2,645.16 2 1
github.com/lukcba/club-pulse-system-api/backend/internal/modules/booking/application/usecases.go:645.16,647.3 1 0
github.com/lukcba/club-pulse-system-api/backend/internal/modules/booking/application/usecases.go:649.2,660.58 2 1
github.com/lukcba/club-pulse-system-api/backend/internal/modules/booking/application/usecases.go:660.58,662.3 1 0
github.com/lukcba/club-pulse-system-api/backend/internal/modules/booking/application/usecases.go:663.2,663.19 1 1
