mode: set
github.com/lukcba/club-pulse-system-api/backend/internal/modules/championship/domain/championship.go:34.38,36.2 1 0
github.com/lukcba/club-pulse-system-api/backend/internal/modules/championship/domain/championship.go:127.43,129.2 1 0
github.com/lukcba/club-pulse-system-api/backend/internal/modules/championship/infrastructure/service/booking_adapter.go:16.103,18.2 1 0
github.com/lukcba/club-pulse-system-api/backend/internal/modules/championship/infrastructure/service/booking_adapter.go:20.146,36.16 4 0
github.com/lukcba/club-pulse-system-api/backend/internal/modules/championship/infrastructure/service/booking_adapter.go:36.16,38.3 1 0
github.com/lukcba/club-pulse-system-api/backend/internal/modules/championship/infrastructure/service/booking_adapter.go:40.2,40.25 1 0
github.com/lukcba/club-pulse-system-api/backend/internal/modules/championship/application/usecases.go:27.144,33.2 1 1
github.com/lukcba/club-pulse-system-api/backend/internal/modules/championship/application/usecases.go:43.107,54.61 2 1
github.com/lukcba/club-pulse-system-api/backend/internal/modules/championship/application/usecases.go:54.61,56.3 1 0
github.com/lukcba/club-pulse-system-api/backend/internal/modules/championship/application/usecases.go:58.2,58.24 1 1
github.com/lukcba/club-pulse-system-api/backend/internal/modules/championship/application/usecases.go:61.93,63.2 1 1
github.com/lukcba/club-pulse-system-api/backend/internal/modules/championship/application/usecases.go:65.94,67.2 1 1
github.com/lukcba/club-pulse-system-api/backend/internal/modules/championship/application/usecases.go:69.97,71.2 1 0
github.com/lukcba/club-pulse-system-api/backend/internal/modules/championship/application/usecases.go:73.109,75.2 1 0
github.com/lukcba/club-pulse-system-api/backend/internal/modules/championship/application/usecases.go:85.117,87.77 1 1
github.com/lukcba/club-pulse-system-api/backend/internal/modules/championship/application/usecases.go:87.77,89.3 1 0
github.com/lukcba/club-pulse-system-api/backend/internal/modules/championship/application/usecases.go:91.2,100.51 2 1
github.com/lukcba/club-pulse-system-api/backend/internal/modules/championship/application/usecases.go:100.51,102.3 1 0
github.com/lukcba/club-pulse-system-api/backend/internal/modules/championship/application/usecases.go:103.2,103.19 1 1
github.com/lukcba/club-pulse-system-api/backend/internal/modules/championship/application/usecases.go:112.102,114.67 1 1
github.com/lukcba/club-pulse-system-api/backend/internal/modules/championship/application/usecases.go:114.67,116.3 1 0
github.com/lukcba/club-pulse-system-api/backend/internal/modules/championship/application/usecases.go:118.2,123.51 2 1
github.com/lukcba/club-pulse-system-api/backend/internal/modules/championship/application/usecases.go:123.51,125.3 1 0
github.com/lukcba/club-pulse-system-api/backend/internal/modules/championship/application/usecases.go:126.2,126.19 1 1
github.com/lukcba/club-pulse-system-api/backend/internal/modules/championship/application/usecases.go:133.121,135.61 1 0
github.com/lukcba/club-pulse-system-api/backend/internal/modules/championship/application/usecases.go:135.61,137.3 1 0
github.com/lukcba/club-pulse-system-api/backend/internal/modules/championship/application/usecases.go:140.2,147.55 2 0
github.com/lukcba/club-pulse-system-api/backend/internal/modules/championship/application/usecases.go:147.55,149.3 1 0
github.com/lukcba/club-pulse-system-api/backend/internal/modules/championship/application/usecases.go:150.2,150.22 1 0
github.com/lukcba/club-pulse-system-api/backend/internal/modules/championship/application/usecases.go:153.112,156.16 2 1
github.com/lukcba/club-pulse-system-api/backend/internal/modules/championship/application/usecases.go:156.16,158.3 1 0
github.com/lukcba/club-pulse-system-api/backend/internal/modules/championship/application/usecases.go:160.2,161.30 2 1
github.com/lukcba/club-pulse-system-api/backend/internal/modules/championship/application/usecases.go:161.30,163.3 1 1
github.com/lukcba/club-pulse-system-api/backend/internal/modules/championship/application/usecases.go:165.2,165.22 1 1
github.com/lukcba/club-pulse-system-api/backend/internal/modules/championship/application/usecases.go:165.22,167.3 1 0
github.com/lukcba/club-pulse-system-api/backend/internal/modules/championship/application/usecases.go:169.2,172.16 3 1
github.com/lukcba/club-pulse-system-api/backend/internal/modules/championship/application/usecases.go:172.16,174.3 1 0
github.com/lukcba/club-pulse-system-api/backend/internal/modules/championship/application/usecases.go:176.2,177.16 2 1
github.com/lukcba/club-pulse-system-api/backend/internal/modules/championship/application/usecases.go:177.16,179.3 1 0
github.com/lukcba/club-pulse-system-api/backend/internal/modules/championship/application/usecases.go:181.2,182.25 2 1
github.com/lukcba/club-pulse-system-api/backend/internal/modules/championship/application/usecases.go:182.25,183.30 1 1
github.com/lukcba/club-pulse-system-api/backend/internal/modules/championship/application/usecases.go:183.30,196.4 3 1
github.com/lukcba/club-pulse-system-api/backend/internal/modules/championship/application/usecases.go:200.2,200.60 1 1
github.com/lukcba/club-pulse-system-api/backend/internal/modules/championship/application/usecases.go:200.60,202.3 1 0
github.com/lukcba/club-pulse-system-api/backend/internal/modules/championship/application/usecases.go:204.2,204.21 1 1
github.com/lukcba/club-pulse-system-api/backend/internal/modules/championship/application/usecases.go:214.87,215.113 1 1
github.com/lukcba/club-pulse-system-api/backend/internal/modules/championship/application/usecases.go:215.113,217.3 1 0
github.com/lukcba/club-pulse-system-api/backend/internal/modules/championship/application/usecases.go:221.2,222.16 2 1
github.com/lukcba/club-pulse-system-api/backend/internal/modules/championship/application/usecases.go:222.16,224.3 1 0
github.com/lukcba/club-pulse-system-api/backend/internal/modules/championship/application/usecases.go:225.2,225.18 1 1
github.com/lukcba/club-pulse-system-api/backend/internal/modules/championship/application/usecases.go:225.18,227.3 1 0
github.com/lukcba/club-pulse-system-api/backend/internal/modules/championship/application/usecases.go:230.2,230.27 1 1
github.com/lukcba/club-pulse-system-api/backend/internal/modules/championship/application/usecases.go:230.27,232.17 2 1
github.com/lukcba/club-pulse-system-api/backend/internal/modules/championship/application/usecases.go:232.17,242.39 6 1
github.com/lukcba/club-pulse-system-api/backend/internal/modules/championship/application/usecases.go:242.39,244.5 1 1
github.com/lukcba/club-pulse-system-api/backend/internal/modules/championship/application/usecases.go:247.4,248.39 2 1
github.com/lukcba/club-pulse-system-api/backend/internal/modules/championship/application/usecases.go:248.39,250.5 1 1
github.com/lukcba/club-pulse-system-api/backend/internal/modules/championship/application/usecases.go:254.2,254.26 1 1
github.com/lukcba/club-pulse-system-api/backend/internal/modules/championship/application/usecases.go:254.26,256.3 1 0
github.com/lukcba/club-pulse-system-api/backend/internal/modules/championship/application/usecases.go:258.2,258.70 1 1
github.com/lukcba/club-pulse-system-api/backend/internal/modules/championship/application/usecases.go:261.84,263.16 2 1
github.com/lukcba/club-pulse-system-api/backend/internal/modules/championship/application/usecases.go:263.16,265.3 1 0
github.com/lukcba/club-pulse-system-api/backend/internal/modules/championship/application/usecases.go:267.2,268.16 2 1
github.com/lukcba/club-pulse-system-api/backend/internal/modules/championship/application/usecases.go:268.16,270.3 1 0
github.com/lukcba/club-pulse-system-api/backend/internal/modules/championship/application/usecases.go:272.2,273.27 2 1
github.com/lukcba/club-pulse-system-api/backend/internal/modules/championship/application/usecases.go:273.27,284.3 10 1
github.com/lukcba/club-pulse-system-api/backend/internal/modules/championship/application/usecases.go:286.2,286.28 1 1
github.com/lukcba/club-pulse-system-api/backend/internal/modules/championship/application/usecases.go:286.28,287.40 1 1
github.com/lukcba/club-pulse-system-api/backend/internal/modules/championship/application/usecases.go:287.40,288.12 1 0
github.com/lukcba/club-pulse-system-api/backend/internal/modules/championship/application/usecases.go:290.3,290.47 1 1
github.com/lukcba/club-pulse-system-api/backend/internal/modules/championship/application/usecases.go:290.47,291.12 1 0
github.com/lukcba/club-pulse-system-api/backend/internal/modules/championship/application/usecases.go:294.3,297.17 3 1
github.com/lukcba/club-pulse-system-api/backend/internal/modules/championship/application/usecases.go:297.17,311.29 11 1
github.com/lukcba/club-pulse-system-api/backend/internal/modules/championship/application/usecases.go:311.29,315.5 3 1
github.com/lukcba/club-pulse-system-api/backend/internal/modules/championship/application/usecases.go:315.10,315.36 1 0
github.com/lukcba/club-pulse-system-api/backend/internal/modules/championship/application/usecases.go:315.36,319.5 3 0
github.com/lukcba/club-pulse-system-api/backend/internal/modules/championship/application/usecases.go:319.10,324.5 4 0
github.com/lukcba/club-pulse-system-api/backend/internal/modules/championship/application/usecases.go:329.2,330.26 2 1
github.com/lukcba/club-pulse-system-api/backend/internal/modules/championship/application/usecases.go:330.26,332.3 1 1
github.com/lukcba/club-pulse-system-api/backend/internal/modules/championship/application/usecases.go:334.2,334.32 1 1
github.com/lukcba/club-pulse-system-api/backend/internal/modules/championship/application/usecases.go:334.32,335.73 1 1
github.com/lukcba/club-pulse-system-api/backend/internal/modules/championship/application/usecases.go:335.73,337.4 1 0
github.com/lukcba/club-pulse-system-api/backend/internal/modules/championship/application/usecases.go:340.2,340.12 1 1
github.com/lukcba/club-pulse-system-api/backend/internal/modules/championship/application/usecases.go:351.79,355.16 3 1
github.com/lukcba/club-pulse-system-api/backend/internal/modules/championship/application/usecases.go:355.16,357.3 1 0
github.com/lukcba/club-pulse-system-api/backend/internal/modules/championship/application/usecases.go:360.2,360.96 1 1
github.com/lukcba/club-pulse-system-api/backend/internal/modules/championship/application/usecases.go:373.127,376.16 2 1
github.com/lukcba/club-pulse-system-api/backend/internal/modules/championship/application/usecases.go:376.16,378.3 1 0
github.com/lukcba/club-pulse-system-api/backend/internal/modules/championship/application/usecases.go:379.2,379.18 1 1
github.com/lukcba/club-pulse-system-api/backend/internal/modules/championship/application/usecases.go:379.18,381.3 1 0
github.com/lukcba/club-pulse-system-api/backend/internal/modules/championship/application/usecases.go:382.2,382.40 1 1
github.com/lukcba/club-pulse-system-api/backend/internal/modules/championship/application/usecases.go:382.40,384.3 1 0
github.com/lukcba/club-pulse-system-api/backend/internal/modules/championship/application/usecases.go:387.2,388.18 2 1
github.com/lukcba/club-pulse-system-api/backend/internal/modules/championship/application/usecases.go:388.18,390.3 1 0
github.com/lukcba/club-pulse-system-api/backend/internal/modules/championship/application/usecases.go:391.2,391.38 1 1
github.com/lukcba/club-pulse-system-api/backend/internal/modules/championship/application/usecases.go:391.38,393.3 1 1
github.com/lukcba/club-pulse-system-api/backend/internal/modules/championship/application/usecases.go:396.2,397.40 2 1
github.com/lukcba/club-pulse-system-api/backend/internal/modules/championship/application/usecases.go:397.40,399.17 2 1
github.com/lukcba/club-pulse-system-api/backend/internal/modules/championship/application/usecases.go:399.17,401.4 1 0
github.com/lukcba/club-pulse-system-api/backend/internal/modules/championship/application/usecases.go:402.3,402.18 1 1
github.com/lukcba/club-pulse-system-api/backend/internal/modules/championship/application/usecases.go:406.2,409.34 3 1
github.com/lukcba/club-pulse-system-api/backend/internal/modules/championship/application/usecases.go:409.34,424.3 4 1
github.com/lukcba/club-pulse-system-api/backend/internal/modules/championship/application/usecases.go:427.2,427.60 1 1
github.com/lukcba/club-pulse-system-api/backend/internal/modules/championship/application/usecases.go:427.60,429.3 1 0
github.com/lukcba/club-pulse-system-api/backend/internal/modules/championship/application/usecases.go:431.2,431.21 1 1
github.com/lukcba/club-pulse-system-api/backend/internal/modules/championship/application/volunteer_service.go:18.86,22.2 1 0
github.com/lukcba/club-pulse-system-api/backend/internal/modules/championship/application/volunteer_service.go:25.180,37.2 2 0
github.com/lukcba/club-pulse-system-api/backend/internal/modules/championship/application/volunteer_service.go:40.140,42.2 1 0
github.com/lukcba/club-pulse-system-api/backend/internal/modules/championship/application/volunteer_service.go:45.137,47.16 2 0
github.com/lukcba/club-pulse-system-api/backend/internal/modules/championship/application/volunteer_service.go:47.16,49.3 1 0
github.com/lukcba/club-pulse-system-api/backend/internal/modules/championship/application/volunteer_service.go:51.2,59.31 2 0
github.com/lukcba/club-pulse-system-api/backend/internal/modules/championship/application/volunteer_service.go:59.31,61.3 1 0
github.com/lukcba/club-pulse-system-api/backend/internal/modules/championship/application/volunteer_service.go:63.2,63.21 1 0
github.com/lukcba/club-pulse-system-api/backend/internal/modules/championship/application/volunteer_service.go:67.110,69.2 1 0
github.com/lukcba/club-pulse-system-api/backend/internal/modules/championship/application/volunteer_service.go:72.129,74.2 1 0
github.com/lukcba/club-pulse-system-api/backend/internal/modules/championship/application/volunteer_service.go:77.151,79.16 2 0
github.com/lukcba/club-pulse-system-api/backend/internal/modules/championship/application/volunteer_service.go:79.16,81.3 1 0
github.com/lukcba/club-pulse-system-api/backend/internal/modules/championship/application/volunteer_service.go:83.2,83.33 1 0
github.com/lukcba/club-pulse-system-api/backend/internal/modules/championship/application/volunteer_service.go:83.33,85.3 1 0
github.com/lukcba/club-pulse-system-api/backend/internal/modules/championship/application/volunteer_service.go:87.2,87.12 1 0
github.com/lukcba/club-pulse-system-api/backend/internal/modules/championship/infrastructure/repository/postgres.go:17.85,19.2 1 1
github.com/lukcba/club-pulse-system-api/backend/internal/modules/championship/infrastructure/repository/postgres.go:21.96,23.2 1 1
github.com/lukcba/club-pulse-system-api/backend/internal/modules/championship/infrastructure/repository/postgres.go:25.103,27.117 2 1
github.com/lukcba/club-pulse-system-api/backend/internal/modules/championship/infrastructure/repository/postgres.go:27.117,29.3 1 0
github.com/lukcba/club-pulse-system-api/backend/internal/modules/championship/infrastructure/repository/postgres.go:30.2,30.25 1 1
github.com/lukcba/club-pulse-system-api/backend/internal/modules/championship/infrastructure/repository/postgres.go:33.102,35.108 2 1
github.com/lukcba/club-pulse-system-api/backend/internal/modules/championship/infrastructure/repository/postgres.go:35.108,37.3 1 0
github.com/lukcba/club-pulse-system-api/backend/internal/modules/championship/infrastructure/repository/postgres.go:38.2,38.25 1 1
github.com/lukcba/club-pulse-system-api/backend/internal/modules/championship/infrastructure/repository/postgres.go:41.91,43.2 1 1
github.com/lukcba/club-pulse-system-api/backend/internal/modules/championship/infrastructure/repository/postgres.go:45.103,52.2 3 0
github.com/lukcba/club-pulse-system-api/backend/internal/modules/championship/infrastructure/repository/postgres.go:54.81,56.2 1 1
github.com/lukcba/club-pulse-system-api/backend/internal/modules/championship/infrastructure/repository/postgres.go:58.93,70.2 3 1
github.com/lukcba/club-pulse-system-api/backend/internal/modules/championship/infrastructure/repository/postgres.go:72.91,74.2 1 0
github.com/lukcba/club-pulse-system-api/backend/internal/modules/championship/infrastructure/repository/postgres.go:78.101,79.50 1 1
github.com/lukcba/club-pulse-system-api/backend/internal/modules/championship/infrastructure/repository/postgres.go:79.50,80.26 1 1
github.com/lukcba/club-pulse-system-api/backend/internal/modules/championship/infrastructure/repository/postgres.go:80.26,81.55 1 1
github.com/lukcba/club-pulse-system-api/backend/internal/modules/championship/infrastructure/repository/postgres.go:81.55,83.5 1 0
github.com/lukcba/club-pulse-system-api/backend/internal/modules/championship/infrastructure/repository/postgres.go:85.3,85.13 1 1
github.com/lukcba/club-pulse-system-api/backend/internal/modules/championship/infrastructure/repository/postgres.go:89.103,96.2 3 1
github.com/lukcba/club-pulse-system-api/backend/internal/modules/championship/infrastructure/repository/postgres.go:98.118,109.2 3 0
github.com/lukcba/club-pulse-system-api/backend/internal/modules/championship/infrastructure/repository/postgres.go:111.116,119.16 3 1
github.com/lukcba/club-pulse-system-api/backend/internal/modules/championship/infrastructure/repository/postgres.go:119.16,121.3 1 0
github.com/lukcba/club-pulse-system-api/backend/internal/modules/championship/infrastructure/repository/postgres.go:123.2,127.10 1 1
github.com/lukcba/club-pulse-system-api/backend/internal/modules/championship/infrastructure/repository/postgres.go:130.131,138.16 3 0
github.com/lukcba/club-pulse-system-api/backend/internal/modules/championship/infrastructure/repository/postgres.go:138.16,140.3 1 0
github.com/lukcba/club-pulse-system-api/backend/internal/modules/championship/infrastructure/repository/postgres.go:142.2,146.10 1 0
github.com/lukcba/club-pulse-system-api/backend/internal/modules/championship/infrastructure/repository/postgres.go:149.106,162.2 3 1
github.com/lukcba/club-pulse-system-api/backend/internal/modules/championship/infrastructure/repository/postgres.go:164.88,166.2 1 1
github.com/lukcba/club-pulse-system-api/backend/internal/modules/championship/infrastructure/repository/postgres.go:168.90,170.2 1 0
github.com/lukcba/club-pulse-system-api/backend/internal/modules/championship/infrastructure/repository/postgres.go:172.98,179.2 1 1
github.com/lukcba/club-pulse-system-api/backend/internal/modules/championship/infrastructure/repository/postgres.go:181.90,189.2 3 0
github.com/lukcba/club-pulse-system-api/backend/internal/modules/championship/infrastructure/repository/volunteer_repository.go:15.79,17.2 1 0
github.com/lukcba/club-pulse-system-api/backend/internal/modules/championship/infrastructure/repository/volunteer_repository.go:20.92,22.2 1 0
github.com/lukcba/club-pulse-system-api/backend/internal/modules/championship/infrastructure/repository/volunteer_repository.go:25.124,31.2 3 0
github.com/lukcba/club-pulse-system-api/backend/internal/modules/championship/infrastructure/repository/volunteer_repository.go:34.112,40.2 3 0
github.com/lukcba/club-pulse-system-api/backend/internal/modules/championship/infrastructure/repository/volunteer_repository.go:43.81,46.2 1 0
github.com/lukcba/club-pulse-system-api/backend/internal/modules/championship/infrastructure/repository/volunteer_repository.go:49.156,55.2 3 0
github.com/lukcba/club-pulse-system-api/backend/internal/modules/championship/infrastructure/repository/volunteer_repository.go:58.92,60.2 1 0
github.com/lukcba/club-pulse-system-api/backend/internal/modules/championship/infrastructure/http/handler.go:20.178,26.2 1 1
github.com/lukcba/club-pulse-system-api/backend/internal/modules/championship/infrastructure/http/handler.go:28.132,32.2 3 1
github.com/lukcba/club-pulse-system-api/backend/internal/modules/championship/infrastructure/http/handler.go:32.2,48.3 14 1
github.com/lukcba/club-pulse-system-api/backend/internal/modules/championship/infrastructure/http/handler.go:51.2,52.2 2 1
github.com/lukcba/club-pulse-system-api/backend/internal/modules/championship/infrastructure/http/handler.go:52.2,57.3 4 1
github.com/lukcba/club-pulse-system-api/backend/internal/modules/championship/infrastructure/http/handler.go:60.68,63.16 3 1
github.com/lukcba/club-pulse-system-api/backend/internal/modules/championship/infrastructure/http/handler.go:63.16,66.3 2 0
github.com/lukcba/club-pulse-system-api/backend/internal/modules/championship/infrastructure/http/handler.go:68.2,69.16 2 1
github.com/lukcba/club-pulse-system-api/backend/internal/modules/championship/infrastructure/http/handler.go:69.16,72.3 2 0
github.com/lukcba/club-pulse-system-api/backend/internal/modules/championship/infrastructure/http/handler.go:73.2,73.36 1 1
github.com/lukcba/club-pulse-system-api/backend/internal/modules/championship/infrastructure/http/handler.go:76.67,90.16 4 0
github.com/lukcba/club-pulse-system-api/backend/internal/modules/championship/infrastructure/http/handler.go:90.16,93.3 2 0
github.com/lukcba/club-pulse-system-api/backend/internal/modules/championship/infrastructure/http/handler.go:95.2,96.16 2 0
github.com/lukcba/club-pulse-system-api/backend/internal/modules/championship/infrastructure/http/handler.go:96.16,99.3 2 0
github.com/lukcba/club-pulse-system-api/backend/internal/modules/championship/infrastructure/http/handler.go:100.2,100.35 1 0
github.com/lukcba/club-pulse-system-api/backend/internal/modules/championship/infrastructure/http/handler.go:105.63,108.84 2 1
github.com/lukcba/club-pulse-system-api/backend/internal/modules/championship/infrastructure/http/handler.go:108.84,111.3 2 0
github.com/lukcba/club-pulse-system-api/backend/internal/modules/championship/infrastructure/http/handler.go:113.2,115.16 3 1
github.com/lukcba/club-pulse-system-api/backend/internal/modules/championship/infrastructure/http/handler.go:115.16,118.3 2 0
github.com/lukcba/club-pulse-system-api/backend/internal/modules/championship/infrastructure/http/handler.go:120.2,126.49 2 1
github.com/lukcba/club-pulse-system-api/backend/internal/modules/championship/infrastructure/http/handler.go:126.49,129.3 2 0
github.com/lukcba/club-pulse-system-api/backend/internal/modules/championship/infrastructure/http/handler.go:132.2,133.18 2 1
github.com/lukcba/club-pulse-system-api/backend/internal/modules/championship/infrastructure/http/handler.go:133.18,136.3 2 0
github.com/lukcba/club-pulse-system-api/backend/internal/modules/championship/infrastructure/http/handler.go:137.2,139.157 2 1
github.com/lukcba/club-pulse-system-api/backend/internal/modules/championship/infrastructure/http/handler.go:139.157,142.3 2 0
github.com/lukcba/club-pulse-system-api/backend/internal/modules/championship/infrastructure/http/handler.go:144.2,144.67 1 1
github.com/lukcba/club-pulse-system-api/backend/internal/modules/championship/infrastructure/http/handler.go:147.66,150.16 3 1
github.com/lukcba/club-pulse-system-api/backend/internal/modules/championship/infrastructure/http/handler.go:150.16,153.3 2 0
github.com/lukcba/club-pulse-system-api/backend/internal/modules/championship/infrastructure/http/handler.go:156.2,157.18 2 1
github.com/lukcba/club-pulse-system-api/backend/internal/modules/championship/infrastructure/http/handler.go:157.18,160.3 2 0
github.com/lukcba/club-pulse-system-api/backend/internal/modules/championship/infrastructure/http/handler.go:162.2,163.16 2 1
github.com/lukcba/club-pulse-system-api/backend/internal/modules/championship/infrastructure/http/handler.go:163.16,166.3 2 0
github.com/lukcba/club-pulse-system-api/backend/internal/modules/championship/infrastructure/http/handler.go:168.2,168.32 1 1
github.com/lukcba/club-pulse-system-api/backend/internal/modules/championship/infrastructure/http/handler.go:171.63,174.84 2 0
github.com/lukcba/club-pulse-system-api/backend/internal/modules/championship/infrastructure/http/handler.go:174.84,177.3 2 0
github.com/lukcba/club-pulse-system-api/backend/internal/modules/championship/infrastructure/http/handler.go:179.2,181.16 3 0
github.com/lukcba/club-pulse-system-api/backend/internal/modules/championship/infrastructure/http/handler.go:181.16,184.3 2 0
github.com/lukcba/club-pulse-system-api/backend/internal/modules/championship/infrastructure/http/handler.go:187.2,188.18 2 0
github.com/lukcba/club-pulse-system-api/backend/internal/modules/championship/infrastructure/http/handler.go:188.18,191.3 2 0
github.com/lukcba/club-pulse-system-api/backend/internal/modules/championship/infrastructure/http/handler.go:193.2,193.102 1 0
github.com/lukcba/club-pulse-system-api/backend/internal/modules/championship/infrastructure/http/handler.go:193.102,196.3 2 0
github.com/lukcba/club-pulse-system-api/backend/internal/modules/championship/infrastructure/http/handler.go:198.2,198.61 1 0
github.com/lukcba/club-pulse-system-api/backend/internal/modules/championship/infrastructure/http/handler.go:201.63,205.18 2 1
github.com/lukcba/club-pulse-system-api/backend/internal/modules/championship/infrastructure/http/handler.go:205.18,211.3 1 0
github.com/lukcba/club-pulse-system-api/backend/internal/modules/championship/infrastructure/http/handler.go:213.2,213.18 1 1
github.com/lukcba/club-pulse-system-api/backend/internal/modules/championship/infrastructure/http/handler.go:213.18,216.3 2 0
github.com/lukcba/club-pulse-system-api/backend/internal/modules/championship/infrastructure/http/handler.go:218.2,219.16 2 1
github.com/lukcba/club-pulse-system-api/backend/internal/modules/championship/infrastructure/http/handler.go:219.16,222.3 2 0
github.com/lukcba/club-pulse-system-api/backend/internal/modules/championship/infrastructure/http/handler.go:223.2,223.36 1 1
github.com/lukcba/club-pulse-system-api/backend/internal/modules/championship/infrastructure/http/handler.go:226.60,230.16 4 1
github.com/lukcba/club-pulse-system-api/backend/internal/modules/championship/infrastructure/http/handler.go:230.16,233.3 2 0
github.com/lukcba/club-pulse-system-api/backend/internal/modules/championship/infrastructure/http/handler.go:234.2,234.34 1 1
github.com/lukcba/club-pulse-system-api/backend/internal/modules/championship/infrastructure/http/handler.go:237.65,241.16 4 0
github.com/lukcba/club-pulse-system-api/backend/internal/modules/championship/infrastructure/http/handler.go:241.16,244.3 2 0
github.com/lukcba/club-pulse-system-api/backend/internal/modules/championship/infrastructure/http/handler.go:245.2,245.32 1 0
github.com/lukcba/club-pulse-system-api/backend/internal/modules/championship/infrastructure/http/handler.go:248.61,251.84 2 0
github.com/lukcba/club-pulse-system-api/backend/internal/modules/championship/infrastructure/http/handler.go:251.84,254.3 2 0
github.com/lukcba/club-pulse-system-api/backend/internal/modules/championship/infrastructure/http/handler.go:256.2,257.49 2 0
github.com/lukcba/club-pulse-system-api/backend/internal/modules/championship/infrastructure/http/handler.go:257.49,260.3 2 0
github.com/lukcba/club-pulse-system-api/backend/internal/modules/championship/infrastructure/http/handler.go:262.2,262.56 1 0
github.com/lukcba/club-pulse-system-api/backend/internal/modules/championship/infrastructure/http/handler.go:262.56,265.3 2 0
github.com/lukcba/club-pulse-system-api/backend/internal/modules/championship/infrastructure/http/handler.go:267.2,267.59 1 0
github.com/lukcba/club-pulse-system-api/backend/internal/modules/championship/infrastructure/http/handler.go:270.65,273.103 2 0
github.com/lukcba/club-pulse-system-api/backend/internal/modules/championship/infrastructure/http/handler.go:273.103,276.3 2 0
github.com/lukcba/club-pulse-system-api/backend/internal/modules/championship/infrastructure/http/handler.go:278.2,279.49 2 0
github.com/lukcba/club-pulse-system-api/backend/internal/modules/championship/infrastructure/http/handler.go:279.49,282.3 2 0
github.com/lukcba/club-pulse-system-api/backend/internal/modules/championship/infrastructure/http/handler.go:284.2,284.60 1 0
github.com/lukcba/club-pulse-system-api/backend/internal/modules/championship/infrastructure/http/handler.go:284.60,287.3 2 0
github.com/lukcba/club-pulse-system-api/backend/internal/modules/championship/infrastructure/http/handler.go:289.2,289.51 1 0
github.com/lukcba/club-pulse-system-api/backend/internal/modules/championship/infrastructure/http/handler.go:292.64,295.84 2 1
github.com/lukcba/club-pulse-system-api/backend/internal/modules/championship/infrastructure/http/handler.go:295.84,298.3 2 0
github.com/lukcba/club-pulse-system-api/backend/internal/modules/championship/infrastructure/http/handler.go:300.2,301.49 2 1
github.com/lukcba/club-pulse-system-api/backend/internal/modules/championship/infrastructure/http/handler.go:301.49,304.3 2 0
github.com/lukcba/club-pulse-system-api/backend/internal/modules/championship/infrastructure/http/handler.go:306.2,307.16 2 1
github.com/lukcba/club-pulse-system-api/backend/internal/modules/championship/infrastructure/http/handler.go:307.16,310.3 2 0
github.com/lukcba/club-pulse-system-api/backend/internal/modules/championship/infrastructure/http/handler.go:312.2,312.40 1 1
github.com/lukcba/club-pulse-system-api/backend/internal/modules/championship/infrastructure/http/handler.go:315.56,318.84 2 0
github.com/lukcba/club-pulse-system-api/backend/internal/modules/championship/infrastructure/http/handler.go:318.84,321.3 2 0
github.com/lukcba/club-pulse-system-api/backend/internal/modules/championship/infrastructure/http/handler.go:323.2,324.49 2 0
github.com/lukcba/club-pulse-system-api/backend/internal/modules/championship/infrastructure/http/handler.go:324.49,327.3 2 0
github.com/lukcba/club-pulse-system-api/backend/internal/modules/championship/infrastructure/http/handler.go:328.2,330.24 2 0
github.com/lukcba/club-pulse-system-api/backend/internal/modules/championship/infrastructure/http/handler.go:330.24,332.3 1 0
github.com/lukcba/club-pulse-system-api/backend/internal/modules/championship/infrastructure/http/handler.go:334.2,335.16 2 0
github.com/lukcba/club-pulse-system-api/backend/internal/modules/championship/infrastructure/http/handler.go:335.16,338.3 2 0
github.com/lukcba/club-pulse-system-api/backend/internal/modules/championship/infrastructure/http/handler.go:340.2,340.35 1 0
github.com/lukcba/club-pulse-system-api/backend/internal/modules/championship/infrastructure/http/handler.go:343.56,346.84 2 0
github.com/lukcba/club-pulse-system-api/backend/internal/modules/championship/infrastructure/http/handler.go:346.84,349.3 2 0
github.com/lukcba/club-pulse-system-api/backend/internal/modules/championship/infrastructure/http/handler.go:351.2,352.49 2 0
github.com/lukcba/club-pulse-system-api/backend/internal/modules/championship/infrastructure/http/handler.go:352.49,355.3 2 0
github.com/lukcba/club-pulse-system-api/backend/internal/modules/championship/infrastructure/http/handler.go:356.2,358.24 2 0
github.com/lukcba/club-pulse-system-api/backend/internal/modules/championship/infrastructure/http/handler.go:358.24,360.3 1 0
github.com/lukcba/club-pulse-system-api/backend/internal/modules/championship/infrastructure/http/handler.go:362.2,363.16 2 0
github.com/lukcba/club-pulse-system-api/backend/internal/modules/championship/infrastructure/http/handler.go:363.16,366.3 2 0
github.com/lukcba/club-pulse-system-api/backend/internal/modules/championship/infrastructure/http/handler.go:368.2,368.35 1 0
github.com/lukcba/club-pulse-system-api/backend/internal/modules/championship/infrastructure/http/handler.go:371.60,374.84 2 0
github.com/lukcba/club-pulse-system-api/backend/internal/modules/championship/infrastructure/http/handler.go:374.84,377.3 2 0
github.com/lukcba/club-pulse-system-api/backend/internal/modules/championship/infrastructure/http/handler.go:379.2,381.49 3 0
github.com/lukcba/club-pulse-system-api/backend/internal/modules/championship/infrastructure/http/handler.go:381.49,384.3 2 0
github.com/lukcba/club-pulse-system-api/backend/internal/modules/championship/infrastructure/http/handler.go:385.2,387.16 3 0
github.com/lukcba/club-pulse-system-api/backend/internal/modules/championship/infrastructure/http/handler.go:387.16,390.3 2 0
github.com/lukcba/club-pulse-system-api/backend/internal/modules/championship/infrastructure/http/handler.go:392.2,392.38 1 0
github.com/lukcba/club-pulse-system-api/backend/internal/modules/championship/infrastructure/http/handler.go:395.63,398.84 2 1
github.com/lukcba/club-pulse-system-api/backend/internal/modules/championship/infrastructure/http/handler.go:398.84,401.3 2 0
github.com/lukcba/club-pulse-system-api/backend/internal/modules/championship/infrastructure/http/handler.go:403.2,406.16 4 1
github.com/lukcba/club-pulse-system-api/backend/internal/modules/championship/infrastructure/http/handler.go:406.16,409.3 2 0
github.com/lukcba/club-pulse-system-api/backend/internal/modules/championship/infrastructure/http/handler.go:411.2,411.37 1 1
github.com/lukcba/club-pulse-system-api/backend/internal/modules/championship/infrastructure/http/handler.go:427.71,430.84 2 0
github.com/lukcba/club-pulse-system-api/backend/internal/modules/championship/infrastructure/http/handler.go:430.84,433.3 2 0
github.com/lukcba/club-pulse-system-api/backend/internal/modules/championship/infrastructure/http/handler.go:435.2,436.49 2 0
github.com/lukcba/club-pulse-system-api/backend/internal/modules/championship/infrastructure/http/handler.go:436.49,439.3 2 0
github.com/lukcba/club-pulse-system-api/backend/internal/modules/championship/infrastructure/http/handler.go:441.2,442.24 2 0
github.com/lukcba/club-pulse-system-api/backend/internal/modules/championship/infrastructure/http/handler.go:442.24,444.3 1 0
github.com/lukcba/club-pulse-system-api/backend/internal/modules/championship/infrastructure/http/handler.go:446.2,447.16 2 0
github.com/lukcba/club-pulse-system-api/backend/internal/modules/championship/infrastructure/http/handler.go:447.16,450.3 2 0
github.com/lukcba/club-pulse-system-api/backend/internal/modules/championship/infrastructure/http/handler.go:452.2,452.78 1 0
