mode: set
github.com/lukcba/club-pulse-system-api/backend/internal/modules/disciplines/application/usecases.go:19.162,25.2 1 1
github.com/lukcba/club-pulse-system-api/backend/internal/modules/disciplines/application/usecases.go:27.117,35.52 2 1
github.com/lukcba/club-pulse-system-api/backend/internal/modules/disciplines/application/usecases.go:35.52,37.3 1 0
github.com/lukcba/club-pulse-system-api/backend/internal/modules/disciplines/application/usecases.go:38.2,38.15 1 1
github.com/lukcba/club-pulse-system-api/backend/internal/modules/disciplines/application/usecases.go:41.153,51.47 2 1
github.com/lukcba/club-pulse-system-api/backend/internal/modules/disciplines/application/usecases.go:51.47,53.3 1 0
github.com/lukcba/club-pulse-system-api/backend/internal/modules/disciplines/application/usecases.go:54.2,54.15 1 1
github.com/lukcba/club-pulse-system-api/backend/internal/modules/disciplines/application/usecases.go:57.91,59.2 1 1
github.com/lukcba/club-pulse-system-api/backend/internal/modules/disciplines/application/usecases.go:61.127,63.24 2 1
github.com/lukcba/club-pulse-system-api/backend/internal/modules/disciplines/application/usecases.go:63.24,65.17 2 1
github.com/lukcba/club-pulse-system-api/backend/internal/modules/disciplines/application/usecases.go:65.17,67.4 1 1
github.com/lukcba/club-pulse-system-api/backend/internal/modules/disciplines/application/usecases.go:69.2,69.20 1 1
github.com/lukcba/club-pulse-system-api/backend/internal/modules/disciplines/application/usecases.go:69.20,71.3 1 1
github.com/lukcba/club-pulse-system-api/backend/internal/modules/disciplines/application/usecases.go:72.2,72.43 1 1
github.com/lukcba/club-pulse-system-api/backend/internal/modules/disciplines/application/usecases.go:75.112,77.16 2 1
github.com/lukcba/club-pulse-system-api/backend/internal/modules/disciplines/application/usecases.go:77.16,79.3 1 0
github.com/lukcba/club-pulse-system-api/backend/internal/modules/disciplines/application/usecases.go:80.2,80.18 1 1
github.com/lukcba/club-pulse-system-api/backend/internal/modules/disciplines/application/usecases.go:80.18,82.3 1 0
github.com/lukcba/club-pulse-system-api/backend/internal/modules/disciplines/application/usecases.go:86.2,86.109 1 1
github.com/lukcba/club-pulse-system-api/backend/internal/modules/disciplines/application/usecases.go:91.163,93.16 2 1
github.com/lukcba/club-pulse-system-api/backend/internal/modules/disciplines/application/usecases.go:93.16,95.3 1 0
github.com/lukcba/club-pulse-system-api/backend/internal/modules/disciplines/application/usecases.go:96.2,106.62 2 1
github.com/lukcba/club-pulse-system-api/backend/internal/modules/disciplines/application/usecases.go:106.62,108.3 1 0
github.com/lukcba/club-pulse-system-api/backend/internal/modules/disciplines/application/usecases.go:109.2,109.15 1 1
github.com/lukcba/club-pulse-system-api/backend/internal/modules/disciplines/application/usecases.go:112.91,114.2 1 0
github.com/lukcba/club-pulse-system-api/backend/internal/modules/disciplines/application/usecases.go:116.146,118.16 2 1
github.com/lukcba/club-pulse-system-api/backend/internal/modules/disciplines/application/usecases.go:118.16,120.3 1 0
github.com/lukcba/club-pulse-system-api/backend/internal/modules/disciplines/application/usecases.go:122.2,129.21 2 1
github.com/lukcba/club-pulse-system-api/backend/internal/modules/disciplines/application/usecases.go:129.21,131.3 1 1
github.com/lukcba/club-pulse-system-api/backend/internal/modules/disciplines/application/usecases.go:133.2,133.59 1 1
github.com/lukcba/club-pulse-system-api/backend/internal/modules/disciplines/application/usecases.go:133.59,135.3 1 0
github.com/lukcba/club-pulse-system-api/backend/internal/modules/disciplines/application/usecases.go:136.2,136.18 1 1
github.com/lukcba/club-pulse-system-api/backend/internal/modules/disciplines/application/usecases.go:139.166,141.16 2 1
github.com/lukcba/club-pulse-system-api/backend/internal/modules/disciplines/application/usecases.go:141.16,143.3 1 0
github.com/lukcba/club-pulse-system-api/backend/internal/modules/disciplines/application/usecases.go:144.2,145.16 2 1
github.com/lukcba/club-pulse-system-api/backend/internal/modules/disciplines/application/usecases.go:145.16,147.3 1 0
github.com/lukcba/club-pulse-system-api/backend/internal/modules/disciplines/application/usecases.go:148.2,149.16 2 1
github.com/lukcba/club-pulse-system-api/backend/internal/modules/disciplines/application/usecases.go:149.16,151.3 1 0
github.com/lukcba/club-pulse-system-api/backend/internal/modules/disciplines/application/usecases.go:153.2,165.61 2 1
github.com/lukcba/club-pulse-system-api/backend/internal/modules/disciplines/application/usecases.go:165.61,167.3 1 0
github.com/lukcba/club-pulse-system-api/backend/internal/modules/disciplines/application/usecases.go:168.2,168.19 1 1
github.com/lukcba/club-pulse-system-api/backend/internal/modules/disciplines/application/usecases.go:171.122,173.16 2 1
github.com/lukcba/club-pulse-system-api/backend/internal/modules/disciplines/application/usecases.go:173.16,175.3 1 0
github.com/lukcba/club-pulse-system-api/backend/internal/modules/disciplines/application/usecases.go:177.2,178.16 2 1
github.com/lukcba/club-pulse-system-api/backend/internal/modules/disciplines/application/usecases.go:178.16,180.3 1 0
github.com/lukcba/club-pulse-system-api/backend/internal/modules/disciplines/application/usecases.go:181.2,181.18 1 1
github.com/lukcba/club-pulse-system-api/backend/internal/modules/disciplines/application/usecases.go:181.18,183.3 1 0
github.com/lukcba/club-pulse-system-api/backend/internal/modules/disciplines/application/usecases.go:185.2,190.61 5 1
github.com/lukcba/club-pulse-system-api/backend/internal/modules/disciplines/application/usecases.go:190.61,192.3 1 0
github.com/lukcba/club-pulse-system-api/backend/internal/modules/disciplines/application/usecases.go:193.2,193.19 1 1
github.com/lukcba/club-pulse-system-api/backend/internal/modules/disciplines/application/usecases.go:196.100,198.16 2 0
github.com/lukcba/club-pulse-system-api/backend/internal/modules/disciplines/application/usecases.go:198.16,200.3 1 0
github.com/lukcba/club-pulse-system-api/backend/internal/modules/disciplines/application/usecases.go:201.2,201.52 1 0
github.com/lukcba/club-pulse-system-api/backend/internal/modules/disciplines/application/usecases.go:204.96,206.16 2 0
github.com/lukcba/club-pulse-system-api/backend/internal/modules/disciplines/application/usecases.go:206.16,208.3 1 0
github.com/lukcba/club-pulse-system-api/backend/internal/modules/disciplines/application/usecases.go:209.2,209.51 1 0
github.com/lukcba/club-pulse-system-api/backend/internal/modules/disciplines/infrastructure/repository/postgres_championships.go:15.81,17.2 1 1
github.com/lukcba/club-pulse-system-api/backend/internal/modules/disciplines/infrastructure/repository/postgres_championships.go:21.94,23.2 1 1
github.com/lukcba/club-pulse-system-api/backend/internal/modules/disciplines/infrastructure/repository/postgres_championships.go:25.115,27.128 2 1
github.com/lukcba/club-pulse-system-api/backend/internal/modules/disciplines/infrastructure/repository/postgres_championships.go:27.128,28.45 1 0
github.com/lukcba/club-pulse-system-api/backend/internal/modules/disciplines/infrastructure/repository/postgres_championships.go:28.45,30.4 1 0
github.com/lukcba/club-pulse-system-api/backend/internal/modules/disciplines/infrastructure/repository/postgres_championships.go:31.3,31.18 1 0
github.com/lukcba/club-pulse-system-api/backend/internal/modules/disciplines/infrastructure/repository/postgres_championships.go:33.2,33.25 1 1
github.com/lukcba/club-pulse-system-api/backend/internal/modules/disciplines/infrastructure/repository/postgres_championships.go:36.100,40.2 3 0
github.com/lukcba/club-pulse-system-api/backend/internal/modules/disciplines/infrastructure/repository/postgres_championships.go:42.94,44.2 1 1
github.com/lukcba/club-pulse-system-api/backend/internal/modules/disciplines/infrastructure/repository/postgres_championships.go:48.76,50.2 1 1
github.com/lukcba/club-pulse-system-api/backend/internal/modules/disciplines/infrastructure/repository/postgres_championships.go:52.103,54.86 2 0
github.com/lukcba/club-pulse-system-api/backend/internal/modules/disciplines/infrastructure/repository/postgres_championships.go:54.86,55.45 1 0
github.com/lukcba/club-pulse-system-api/backend/internal/modules/disciplines/infrastructure/repository/postgres_championships.go:55.45,57.4 1 0
github.com/lukcba/club-pulse-system-api/backend/internal/modules/disciplines/infrastructure/repository/postgres_championships.go:58.3,58.18 1 0
github.com/lukcba/club-pulse-system-api/backend/internal/modules/disciplines/infrastructure/repository/postgres_championships.go:60.2,60.19 1 0
github.com/lukcba/club-pulse-system-api/backend/internal/modules/disciplines/infrastructure/repository/postgres_championships.go:63.112,67.2 3 1
github.com/lukcba/club-pulse-system-api/backend/internal/modules/disciplines/infrastructure/repository/postgres_championships.go:71.79,73.2 1 1
github.com/lukcba/club-pulse-system-api/backend/internal/modules/disciplines/infrastructure/repository/postgres_championships.go:75.79,77.2 1 0
github.com/lukcba/club-pulse-system-api/backend/internal/modules/disciplines/infrastructure/repository/postgres_championships.go:79.105,81.87 2 0
github.com/lukcba/club-pulse-system-api/backend/internal/modules/disciplines/infrastructure/repository/postgres_championships.go:81.87,82.45 1 0
github.com/lukcba/club-pulse-system-api/backend/internal/modules/disciplines/infrastructure/repository/postgres_championships.go:82.45,84.4 1 0
github.com/lukcba/club-pulse-system-api/backend/internal/modules/disciplines/infrastructure/repository/postgres_championships.go:85.3,85.18 1 0
github.com/lukcba/club-pulse-system-api/backend/internal/modules/disciplines/infrastructure/repository/postgres_championships.go:87.2,87.20 1 0
github.com/lukcba/club-pulse-system-api/backend/internal/modules/disciplines/infrastructure/repository/postgres_championships.go:90.115,94.2 3 1
github.com/lukcba/club-pulse-system-api/backend/internal/modules/disciplines/infrastructure/repository/postgres_championships.go:98.119,101.16 2 1
github.com/lukcba/club-pulse-system-api/backend/internal/modules/disciplines/infrastructure/repository/postgres_championships.go:101.16,103.3 1 0
github.com/lukcba/club-pulse-system-api/backend/internal/modules/disciplines/infrastructure/repository/postgres_championships.go:106.2,107.16 2 1
github.com/lukcba/club-pulse-system-api/backend/internal/modules/disciplines/infrastructure/repository/postgres_championships.go:107.16,109.3 1 0
github.com/lukcba/club-pulse-system-api/backend/internal/modules/disciplines/infrastructure/repository/postgres_championships.go:111.2,112.29 2 1
github.com/lukcba/club-pulse-system-api/backend/internal/modules/disciplines/infrastructure/repository/postgres_championships.go:112.29,118.3 1 1
github.com/lukcba/club-pulse-system-api/backend/internal/modules/disciplines/infrastructure/repository/postgres_championships.go:121.2,121.28 1 1
github.com/lukcba/club-pulse-system-api/backend/internal/modules/disciplines/infrastructure/repository/postgres_championships.go:121.28,122.43 1 1
github.com/lukcba/club-pulse-system-api/backend/internal/modules/disciplines/infrastructure/repository/postgres_championships.go:122.43,123.12 1 0
github.com/lukcba/club-pulse-system-api/backend/internal/modules/disciplines/infrastructure/repository/postgres_championships.go:126.3,130.33 3 1
github.com/lukcba/club-pulse-system-api/backend/internal/modules/disciplines/infrastructure/repository/postgres_championships.go:130.33,131.12 1 0
github.com/lukcba/club-pulse-system-api/backend/internal/modules/disciplines/infrastructure/repository/postgres_championships.go:134.3,141.32 7 1
github.com/lukcba/club-pulse-system-api/backend/internal/modules/disciplines/infrastructure/repository/postgres_championships.go:141.32,145.4 3 1
github.com/lukcba/club-pulse-system-api/backend/internal/modules/disciplines/infrastructure/repository/postgres_championships.go:145.9,145.39 1 0
github.com/lukcba/club-pulse-system-api/backend/internal/modules/disciplines/infrastructure/repository/postgres_championships.go:145.39,149.4 3 0
github.com/lukcba/club-pulse-system-api/backend/internal/modules/disciplines/infrastructure/repository/postgres_championships.go:149.9,154.4 4 0
github.com/lukcba/club-pulse-system-api/backend/internal/modules/disciplines/infrastructure/repository/postgres_championships.go:158.2,159.32 2 1
github.com/lukcba/club-pulse-system-api/backend/internal/modules/disciplines/infrastructure/repository/postgres_championships.go:159.32,161.3 1 1
github.com/lukcba/club-pulse-system-api/backend/internal/modules/disciplines/infrastructure/repository/postgres_championships.go:164.2,164.23 1 1
github.com/lukcba/club-pulse-system-api/backend/internal/modules/disciplines/infrastructure/repository/postgres_disciplines.go:15.81,17.2 1 1
github.com/lukcba/club-pulse-system-api/backend/internal/modules/disciplines/infrastructure/repository/postgres_disciplines.go:19.94,21.2 1 1
github.com/lukcba/club-pulse-system-api/backend/internal/modules/disciplines/infrastructure/repository/postgres_disciplines.go:23.100,27.2 3 1
github.com/lukcba/club-pulse-system-api/backend/internal/modules/disciplines/infrastructure/repository/postgres_disciplines.go:29.115,31.92 2 1
github.com/lukcba/club-pulse-system-api/backend/internal/modules/disciplines/infrastructure/repository/postgres_disciplines.go:31.92,32.45 1 0
github.com/lukcba/club-pulse-system-api/backend/internal/modules/disciplines/infrastructure/repository/postgres_disciplines.go:32.45,34.4 1 0
github.com/lukcba/club-pulse-system-api/backend/internal/modules/disciplines/infrastructure/repository/postgres_disciplines.go:35.3,35.18 1 0
github.com/lukcba/club-pulse-system-api/backend/internal/modules/disciplines/infrastructure/repository/postgres_disciplines.go:37.2,37.25 1 1
github.com/lukcba/club-pulse-system-api/backend/internal/modules/disciplines/infrastructure/repository/postgres_disciplines.go:40.87,42.2 1 1
github.com/lukcba/club-pulse-system-api/backend/internal/modules/disciplines/infrastructure/repository/postgres_disciplines.go:44.129,47.44 3 1
github.com/lukcba/club-pulse-system-api/backend/internal/modules/disciplines/infrastructure/repository/postgres_disciplines.go:47.44,49.3 1 0
github.com/lukcba/club-pulse-system-api/backend/internal/modules/disciplines/infrastructure/repository/postgres_disciplines.go:50.2,50.44 1 1
github.com/lukcba/club-pulse-system-api/backend/internal/modules/disciplines/infrastructure/repository/postgres_disciplines.go:50.44,52.3 1 1
github.com/lukcba/club-pulse-system-api/backend/internal/modules/disciplines/infrastructure/repository/postgres_disciplines.go:53.2,53.43 1 1
github.com/lukcba/club-pulse-system-api/backend/internal/modules/disciplines/infrastructure/repository/postgres_disciplines.go:53.43,55.3 1 0
github.com/lukcba/club-pulse-system-api/backend/internal/modules/disciplines/infrastructure/repository/postgres_disciplines.go:56.2,56.45 1 1
github.com/lukcba/club-pulse-system-api/backend/internal/modules/disciplines/infrastructure/repository/postgres_disciplines.go:56.45,58.3 1 0
github.com/lukcba/club-pulse-system-api/backend/internal/modules/disciplines/infrastructure/repository/postgres_disciplines.go:59.2,60.20 2 1
github.com/lukcba/club-pulse-system-api/backend/internal/modules/disciplines/infrastructure/repository/postgres_disciplines.go:63.113,65.109 2 1
github.com/lukcba/club-pulse-system-api/backend/internal/modules/disciplines/infrastructure/repository/postgres_disciplines.go:65.109,66.45 1 0
github.com/lukcba/club-pulse-system-api/backend/internal/modules/disciplines/infrastructure/repository/postgres_disciplines.go:66.45,68.4 1 0
github.com/lukcba/club-pulse-system-api/backend/internal/modules/disciplines/infrastructure/repository/postgres_disciplines.go:69.3,69.18 1 0
github.com/lukcba/club-pulse-system-api/backend/internal/modules/disciplines/infrastructure/repository/postgres_disciplines.go:71.2,71.20 1 1
github.com/lukcba/club-pulse-system-api/backend/internal/modules/disciplines/infrastructure/http/handler.go:17.88,19.2 1 1
github.com/lukcba/club-pulse-system-api/backend/internal/modules/disciplines/infrastructure/http/handler.go:21.61,24.16 3 1
github.com/lukcba/club-pulse-system-api/backend/internal/modules/disciplines/infrastructure/http/handler.go:24.16,27.3 2 0
github.com/lukcba/club-pulse-system-api/backend/internal/modules/disciplines/infrastructure/http/handler.go:28.2,28.36 1 1
github.com/lukcba/club-pulse-system-api/backend/internal/modules/disciplines/infrastructure/http/handler.go:31.56,36.16 5 1
github.com/lukcba/club-pulse-system-api/backend/internal/modules/disciplines/infrastructure/http/handler.go:36.16,39.3 2 0
github.com/lukcba/club-pulse-system-api/backend/internal/modules/disciplines/infrastructure/http/handler.go:40.2,40.31 1 1
github.com/lukcba/club-pulse-system-api/backend/internal/modules/disciplines/infrastructure/http/handler.go:43.65,46.16 3 0
github.com/lukcba/club-pulse-system-api/backend/internal/modules/disciplines/infrastructure/http/handler.go:46.16,49.3 2 0
github.com/lukcba/club-pulse-system-api/backend/internal/modules/disciplines/infrastructure/http/handler.go:51.2,53.16 3 0
github.com/lukcba/club-pulse-system-api/backend/internal/modules/disciplines/infrastructure/http/handler.go:53.16,56.3 2 0
github.com/lukcba/club-pulse-system-api/backend/internal/modules/disciplines/infrastructure/http/handler.go:57.2,57.33 1 0
github.com/lukcba/club-pulse-system-api/backend/internal/modules/disciplines/infrastructure/http/handler.go:70.62,73.84 2 1
github.com/lukcba/club-pulse-system-api/backend/internal/modules/disciplines/infrastructure/http/handler.go:73.84,76.3 2 0
github.com/lukcba/club-pulse-system-api/backend/internal/modules/disciplines/infrastructure/http/handler.go:78.2,79.47 2 1
github.com/lukcba/club-pulse-system-api/backend/internal/modules/disciplines/infrastructure/http/handler.go:79.47,82.3 2 0
github.com/lukcba/club-pulse-system-api/backend/internal/modules/disciplines/infrastructure/http/handler.go:83.2,84.16 2 1
github.com/lukcba/club-pulse-system-api/backend/internal/modules/disciplines/infrastructure/http/handler.go:84.16,87.3 2 0
github.com/lukcba/club-pulse-system-api/backend/internal/modules/disciplines/infrastructure/http/handler.go:88.2,89.16 2 1
github.com/lukcba/club-pulse-system-api/backend/internal/modules/disciplines/infrastructure/http/handler.go:89.16,92.3 2 0
github.com/lukcba/club-pulse-system-api/backend/internal/modules/disciplines/infrastructure/http/handler.go:94.2,96.16 3 1
github.com/lukcba/club-pulse-system-api/backend/internal/modules/disciplines/infrastructure/http/handler.go:96.16,99.3 2 0
github.com/lukcba/club-pulse-system-api/backend/internal/modules/disciplines/infrastructure/http/handler.go:100.2,100.31 1 1
github.com/lukcba/club-pulse-system-api/backend/internal/modules/disciplines/infrastructure/http/handler.go:103.61,106.16 3 0
github.com/lukcba/club-pulse-system-api/backend/internal/modules/disciplines/infrastructure/http/handler.go:106.16,109.3 2 0
github.com/lukcba/club-pulse-system-api/backend/internal/modules/disciplines/infrastructure/http/handler.go:110.2,110.36 1 0
github.com/lukcba/club-pulse-system-api/backend/internal/modules/disciplines/infrastructure/http/handler.go:119.58,122.47 3 0
github.com/lukcba/club-pulse-system-api/backend/internal/modules/disciplines/infrastructure/http/handler.go:122.47,125.3 2 0
github.com/lukcba/club-pulse-system-api/backend/internal/modules/disciplines/infrastructure/http/handler.go:127.2,129.16 3 0
github.com/lukcba/club-pulse-system-api/backend/internal/modules/disciplines/infrastructure/http/handler.go:129.16,132.3 2 0
github.com/lukcba/club-pulse-system-api/backend/internal/modules/disciplines/infrastructure/http/handler.go:133.2,133.34 1 0
github.com/lukcba/club-pulse-system-api/backend/internal/modules/disciplines/infrastructure/http/handler.go:144.59,147.84 2 0
github.com/lukcba/club-pulse-system-api/backend/internal/modules/disciplines/infrastructure/http/handler.go:147.84,150.3 2 0
github.com/lukcba/club-pulse-system-api/backend/internal/modules/disciplines/infrastructure/http/handler.go:152.2,154.47 3 0
github.com/lukcba/club-pulse-system-api/backend/internal/modules/disciplines/infrastructure/http/handler.go:154.47,157.3 2 0
github.com/lukcba/club-pulse-system-api/backend/internal/modules/disciplines/infrastructure/http/handler.go:159.2,161.16 3 0
github.com/lukcba/club-pulse-system-api/backend/internal/modules/disciplines/infrastructure/http/handler.go:161.16,164.3 2 0
github.com/lukcba/club-pulse-system-api/backend/internal/modules/disciplines/infrastructure/http/handler.go:165.2,165.35 1 0
github.com/lukcba/club-pulse-system-api/backend/internal/modules/disciplines/infrastructure/http/handler.go:168.57,172.16 4 0
github.com/lukcba/club-pulse-system-api/backend/internal/modules/disciplines/infrastructure/http/handler.go:172.16,175.3 2 0
github.com/lukcba/club-pulse-system-api/backend/internal/modules/disciplines/infrastructure/http/handler.go:176.2,176.32 1 0
github.com/lukcba/club-pulse-system-api/backend/internal/modules/disciplines/infrastructure/http/handler.go:184.63,187.84 2 1
github.com/lukcba/club-pulse-system-api/backend/internal/modules/disciplines/infrastructure/http/handler.go:187.84,190.3 2 0
github.com/lukcba/club-pulse-system-api/backend/internal/modules/disciplines/infrastructure/http/handler.go:192.2,194.47 3 1
github.com/lukcba/club-pulse-system-api/backend/internal/modules/disciplines/infrastructure/http/handler.go:194.47,197.3 2 0
github.com/lukcba/club-pulse-system-api/backend/internal/modules/disciplines/infrastructure/http/handler.go:199.2,201.16 3 1
github.com/lukcba/club-pulse-system-api/backend/internal/modules/disciplines/infrastructure/http/handler.go:201.16,204.3 2 0
github.com/lukcba/club-pulse-system-api/backend/internal/modules/disciplines/infrastructure/http/handler.go:205.2,205.30 1 1
github.com/lukcba/club-pulse-system-api/backend/internal/modules/disciplines/infrastructure/http/handler.go:208.58,212.16 4 1
github.com/lukcba/club-pulse-system-api/backend/internal/modules/disciplines/infrastructure/http/handler.go:212.16,215.3 2 0
github.com/lukcba/club-pulse-system-api/backend/internal/modules/disciplines/infrastructure/http/handler.go:216.2,216.34 1 1
github.com/lukcba/club-pulse-system-api/backend/internal/modules/disciplines/infrastructure/http/handler.go:219.119,222.2 3 1
github.com/lukcba/club-pulse-system-api/backend/internal/modules/disciplines/infrastructure/http/handler.go:222.2,224.3 1 1
github.com/lukcba/club-pulse-system-api/backend/internal/modules/disciplines/infrastructure/http/handler.go:226.2,227.2 2 1
github.com/lukcba/club-pulse-system-api/backend/internal/modules/disciplines/infrastructure/http/handler.go:227.2,230.3 2 1
github.com/lukcba/club-pulse-system-api/backend/internal/modules/disciplines/infrastructure/http/handler.go:232.2,233.2 2 1
github.com/lukcba/club-pulse-system-api/backend/internal/modules/disciplines/infrastructure/http/handler.go:233.2,240.3 6 1
github.com/lukcba/club-pulse-system-api/backend/internal/modules/disciplines/infrastructure/http/handler.go:242.2,243.2 2 1
github.com/lukcba/club-pulse-system-api/backend/internal/modules/disciplines/infrastructure/http/handler.go:243.2,245.3 1 1
