mode: set
github.com/lukcba/club-pulse-system-api/backend/internal/modules/membership/application/usecases.go:24.128,29.2 1 1
github.com/lukcba/club-pulse-system-api/backend/internal/modules/membership/application/usecases.go:33.57,39.33 3 1
github.com/lukcba/club-pulse-system-api/backend/internal/modules/membership/application/usecases.go:39.33,42.3 1 0
github.com/lukcba/club-pulse-system-api/backend/internal/modules/membership/application/usecases.go:43.2,43.15 1 1
github.com/lukcba/club-pulse-system-api/backend/internal/modules/membership/application/usecases.go:46.110,48.2 1 0
github.com/lukcba/club-pulse-system-api/backend/internal/modules/membership/application/usecases.go:50.141,53.16 2 1
github.com/lukcba/club-pulse-system-api/backend/internal/modules/membership/application/usecases.go:53.16,55.3 1 0
github.com/lukcba/club-pulse-system-api/backend/internal/modules/membership/application/usecases.go:58.2,62.26 4 1
github.com/lukcba/club-pulse-system-api/backend/internal/modules/membership/application/usecases.go:63.34,64.40 1 1
github.com/lukcba/club-pulse-system-api/backend/internal/modules/membership/application/usecases.go:65.36,66.40 1 0
github.com/lukcba/club-pulse-system-api/backend/internal/modules/membership/application/usecases.go:67.37,68.40 1 0
github.com/lukcba/club-pulse-system-api/backend/internal/modules/membership/application/usecases.go:69.33,70.41 1 0
github.com/lukcba/club-pulse-system-api/backend/internal/modules/membership/application/usecases.go:71.10,72.40 1 0
github.com/lukcba/club-pulse-system-api/backend/internal/modules/membership/application/usecases.go:75.2,86.56 2 1
github.com/lukcba/club-pulse-system-api/backend/internal/modules/membership/application/usecases.go:86.56,88.3 1 0
github.com/lukcba/club-pulse-system-api/backend/internal/modules/membership/application/usecases.go:90.2,90.24 1 1
github.com/lukcba/club-pulse-system-api/backend/internal/modules/membership/application/usecases.go:93.123,95.2 1 0
github.com/lukcba/club-pulse-system-api/backend/internal/modules/membership/application/usecases.go:97.134,99.2 1 0
github.com/lukcba/club-pulse-system-api/backend/internal/modules/membership/application/usecases.go:102.115,104.2 1 0
github.com/lukcba/club-pulse-system-api/backend/internal/modules/membership/application/usecases.go:108.161,111.16 2 1
github.com/lukcba/club-pulse-system-api/backend/internal/modules/membership/application/usecases.go:111.16,113.3 1 0
github.com/lukcba/club-pulse-system-api/backend/internal/modules/membership/application/usecases.go:114.2,114.23 1 1
github.com/lukcba/club-pulse-system-api/backend/internal/modules/membership/application/usecases.go:114.23,116.3 1 0
github.com/lukcba/club-pulse-system-api/backend/internal/modules/membership/application/usecases.go:120.2,120.52 1 1
github.com/lukcba/club-pulse-system-api/backend/internal/modules/membership/application/usecases.go:120.52,122.3 1 0
github.com/lukcba/club-pulse-system-api/backend/internal/modules/membership/application/usecases.go:125.2,125.59 1 1
github.com/lukcba/club-pulse-system-api/backend/internal/modules/membership/application/usecases.go:125.59,127.3 1 0
github.com/lukcba/club-pulse-system-api/backend/internal/modules/membership/application/usecases.go:130.2,135.56 4 1
github.com/lukcba/club-pulse-system-api/backend/internal/modules/membership/application/usecases.go:135.56,137.3 1 0
github.com/lukcba/club-pulse-system-api/backend/internal/modules/membership/application/usecases.go:139.2,139.24 1 1
github.com/lukcba/club-pulse-system-api/backend/internal/modules/membership/application/usecases.go:143.102,146.16 3 1
github.com/lukcba/club-pulse-system-api/backend/internal/modules/membership/application/usecases.go:146.16,148.3 1 0
github.com/lukcba/club-pulse-system-api/backend/internal/modules/membership/application/usecases.go:150.2,150.24 1 1
github.com/lukcba/club-pulse-system-api/backend/internal/modules/membership/application/usecases.go:150.24,152.3 1 0
github.com/lukcba/club-pulse-system-api/backend/internal/modules/membership/application/usecases.go:155.2,156.29 2 1
github.com/lukcba/club-pulse-system-api/backend/internal/modules/membership/application/usecases.go:156.29,158.3 1 1
github.com/lukcba/club-pulse-system-api/backend/internal/modules/membership/application/usecases.go:160.2,161.16 2 1
github.com/lukcba/club-pulse-system-api/backend/internal/modules/membership/application/usecases.go:161.16,163.3 1 0
github.com/lukcba/club-pulse-system-api/backend/internal/modules/membership/application/usecases.go:166.2,172.29 3 1
github.com/lukcba/club-pulse-system-api/backend/internal/modules/membership/application/usecases.go:172.29,177.51 2 1
github.com/lukcba/club-pulse-system-api/backend/internal/modules/membership/application/usecases.go:177.51,179.4 1 1
github.com/lukcba/club-pulse-system-api/backend/internal/modules/membership/application/usecases.go:182.3,194.19 4 1
github.com/lukcba/club-pulse-system-api/backend/internal/modules/membership/application/usecases.go:198.2,198.66 1 1
github.com/lukcba/club-pulse-system-api/backend/internal/modules/membership/application/usecases.go:198.66,200.3 1 0
github.com/lukcba/club-pulse-system-api/backend/internal/modules/membership/application/usecases.go:202.2,202.28 1 1
github.com/lukcba/club-pulse-system-api/backend/internal/modules/membership/application/usecases.go:212.162,226.68 2 1
github.com/lukcba/club-pulse-system-api/backend/internal/modules/membership/application/usecases.go:226.68,228.3 1 0
github.com/lukcba/club-pulse-system-api/backend/internal/modules/membership/application/usecases.go:229.2,229.25 1 1
github.com/lukcba/club-pulse-system-api/backend/internal/modules/membership/domain/membership.go:72.57,74.35 2 1
github.com/lukcba/club-pulse-system-api/backend/internal/modules/membership/domain/membership.go:74.35,76.3 1 1
github.com/lukcba/club-pulse-system-api/backend/internal/modules/membership/domain/membership.go:80.2,80.68 1 1
github.com/lukcba/club-pulse-system-api/backend/internal/modules/membership/domain/scholarship.go:31.77,32.17 1 0
github.com/lukcba/club-pulse-system-api/backend/internal/modules/membership/domain/scholarship.go:32.17,34.3 1 0
github.com/lukcba/club-pulse-system-api/backend/internal/modules/membership/domain/scholarship.go:35.2,35.60 1 0
github.com/lukcba/club-pulse-system-api/backend/internal/modules/membership/domain/scholarship.go:35.60,37.3 1 0
github.com/lukcba/club-pulse-system-api/backend/internal/modules/membership/domain/scholarship.go:39.2,40.29 2 0
github.com/lukcba/club-pulse-system-api/backend/internal/modules/membership/domain/subscription.go:36.123,49.2 1 0
github.com/lukcba/club-pulse-system-api/backend/internal/modules/membership/infrastructure/repository/postgres.go:18.81,20.87 1 1
github.com/lukcba/club-pulse-system-api/backend/internal/modules/membership/infrastructure/repository/postgres.go:20.87,22.63 1 0
github.com/lukcba/club-pulse-system-api/backend/internal/modules/membership/infrastructure/repository/postgres.go:24.2,24.46 1 1
github.com/lukcba/club-pulse-system-api/backend/internal/modules/membership/infrastructure/repository/postgres.go:27.105,29.2 1 1
github.com/lukcba/club-pulse-system-api/backend/internal/modules/membership/infrastructure/repository/postgres.go:31.126,33.135 2 1
github.com/lukcba/club-pulse-system-api/backend/internal/modules/membership/infrastructure/repository/postgres.go:33.135,34.45 1 0
github.com/lukcba/club-pulse-system-api/backend/internal/modules/membership/infrastructure/repository/postgres.go:34.45,36.4 1 0
github.com/lukcba/club-pulse-system-api/backend/internal/modules/membership/infrastructure/repository/postgres.go:37.3,37.18 1 0
github.com/lukcba/club-pulse-system-api/backend/internal/modules/membership/infrastructure/repository/postgres.go:39.2,39.25 1 1
github.com/lukcba/club-pulse-system-api/backend/internal/modules/membership/infrastructure/repository/postgres.go:42.135,44.150 2 0
github.com/lukcba/club-pulse-system-api/backend/internal/modules/membership/infrastructure/repository/postgres.go:44.150,46.3 1 0
github.com/lukcba/club-pulse-system-api/backend/internal/modules/membership/infrastructure/repository/postgres.go:47.2,47.25 1 0
github.com/lukcba/club-pulse-system-api/backend/internal/modules/membership/infrastructure/repository/postgres.go:50.139,51.23 1 0
github.com/lukcba/club-pulse-system-api/backend/internal/modules/membership/infrastructure/repository/postgres.go:51.23,53.3 1 0
github.com/lukcba/club-pulse-system-api/backend/internal/modules/membership/infrastructure/repository/postgres.go:54.2,55.152 2 0
github.com/lukcba/club-pulse-system-api/backend/internal/modules/membership/infrastructure/repository/postgres.go:55.152,57.3 1 0
github.com/lukcba/club-pulse-system-api/backend/internal/modules/membership/infrastructure/repository/postgres.go:58.2,58.25 1 0
github.com/lukcba/club-pulse-system-api/backend/internal/modules/membership/infrastructure/repository/postgres.go:61.119,63.143 2 0
github.com/lukcba/club-pulse-system-api/backend/internal/modules/membership/infrastructure/repository/postgres.go:63.143,65.3 1 0
github.com/lukcba/club-pulse-system-api/backend/internal/modules/membership/infrastructure/repository/postgres.go:66.2,66.19 1 0
github.com/lukcba/club-pulse-system-api/backend/internal/modules/membership/infrastructure/repository/postgres.go:69.134,71.103 2 0
github.com/lukcba/club-pulse-system-api/backend/internal/modules/membership/infrastructure/repository/postgres.go:71.103,72.45 1 0
github.com/lukcba/club-pulse-system-api/backend/internal/modules/membership/infrastructure/repository/postgres.go:72.45,74.4 1 0
github.com/lukcba/club-pulse-system-api/backend/internal/modules/membership/infrastructure/repository/postgres.go:75.3,75.18 1 0
github.com/lukcba/club-pulse-system-api/backend/internal/modules/membership/infrastructure/repository/postgres.go:77.2,77.19 1 0
github.com/lukcba/club-pulse-system-api/backend/internal/modules/membership/infrastructure/repository/postgres.go:80.134,86.40 2 1
github.com/lukcba/club-pulse-system-api/backend/internal/modules/membership/infrastructure/repository/postgres.go:86.40,88.3 1 0
github.com/lukcba/club-pulse-system-api/backend/internal/modules/membership/infrastructure/repository/postgres.go:89.2,89.25 1 1
github.com/lukcba/club-pulse-system-api/backend/internal/modules/membership/infrastructure/repository/postgres.go:92.171,99.2 2 1
github.com/lukcba/club-pulse-system-api/backend/internal/modules/membership/infrastructure/repository/postgres.go:101.113,109.2 3 0
github.com/lukcba/club-pulse-system-api/backend/internal/modules/membership/infrastructure/repository/postgres.go:112.105,114.2 1 0
github.com/lukcba/club-pulse-system-api/backend/internal/modules/membership/infrastructure/repository/postgres.go:119.10,120.23 1 0
github.com/lukcba/club-pulse-system-api/backend/internal/modules/membership/infrastructure/repository/postgres.go:120.23,122.3 1 0
github.com/lukcba/club-pulse-system-api/backend/internal/modules/membership/infrastructure/repository/postgres.go:136.2,148.41 4 0
github.com/lukcba/club-pulse-system-api/backend/internal/modules/membership/infrastructure/repository/postgres.go:148.41,149.51 1 0
github.com/lukcba/club-pulse-system-api/backend/internal/modules/membership/infrastructure/repository/postgres.go:149.51,150.36 1 0
github.com/lukcba/club-pulse-system-api/backend/internal/modules/membership/infrastructure/repository/postgres.go:150.36,156.19 2 0
github.com/lukcba/club-pulse-system-api/backend/internal/modules/membership/infrastructure/repository/postgres.go:156.19,158.6 1 0
github.com/lukcba/club-pulse-system-api/backend/internal/modules/membership/infrastructure/repository/postgres.go:160.4,160.14 1 0
github.com/lukcba/club-pulse-system-api/backend/internal/modules/membership/infrastructure/repository/postgres.go:165.2,166.34 2 0
github.com/lukcba/club-pulse-system-api/backend/internal/modules/membership/infrastructure/repository/postgres.go:166.34,167.12 1 0
github.com/lukcba/club-pulse-system-api/backend/internal/modules/membership/infrastructure/repository/postgres.go:167.12,169.4 1 0
github.com/lukcba/club-pulse-system-api/backend/internal/modules/membership/infrastructure/repository/postgres.go:173.3,175.6 3 0
github.com/lukcba/club-pulse-system-api/backend/internal/modules/membership/infrastructure/repository/postgres.go:178.2,180.57 2 0
github.com/lukcba/club-pulse-system-api/backend/internal/modules/membership/infrastructure/repository/postgres_scholarship.go:17.83,20.2 2 1
github.com/lukcba/club-pulse-system-api/backend/internal/modules/membership/infrastructure/repository/postgres_scholarship.go:34.44,36.2 1 1
github.com/lukcba/club-pulse-system-api/backend/internal/modules/membership/infrastructure/repository/postgres_scholarship.go:38.108,51.2 2 1
github.com/lukcba/club-pulse-system-api/backend/internal/modules/membership/infrastructure/repository/postgres_scholarship.go:53.120,55.95 2 1
github.com/lukcba/club-pulse-system-api/backend/internal/modules/membership/infrastructure/repository/postgres_scholarship.go:55.95,57.3 1 0
github.com/lukcba/club-pulse-system-api/backend/internal/modules/membership/infrastructure/repository/postgres_scholarship.go:58.2,59.27 2 1
github.com/lukcba/club-pulse-system-api/backend/internal/modules/membership/infrastructure/repository/postgres_scholarship.go:59.27,61.3 1 1
github.com/lukcba/club-pulse-system-api/backend/internal/modules/membership/infrastructure/repository/postgres_scholarship.go:62.2,62.26 1 1
github.com/lukcba/club-pulse-system-api/backend/internal/modules/membership/infrastructure/repository/postgres_scholarship.go:65.124,72.16 3 0
github.com/lukcba/club-pulse-system-api/backend/internal/modules/membership/infrastructure/repository/postgres_scholarship.go:72.16,73.45 1 0
github.com/lukcba/club-pulse-system-api/backend/internal/modules/membership/infrastructure/repository/postgres_scholarship.go:73.45,75.4 1 0
github.com/lukcba/club-pulse-system-api/backend/internal/modules/membership/infrastructure/repository/postgres_scholarship.go:76.3,76.18 1 0
github.com/lukcba/club-pulse-system-api/backend/internal/modules/membership/infrastructure/repository/postgres_scholarship.go:78.2,78.31 1 0
github.com/lukcba/club-pulse-system-api/backend/internal/modules/membership/infrastructure/repository/postgres_scholarship.go:81.140,82.23 1 0
github.com/lukcba/club-pulse-system-api/backend/internal/modules/membership/infrastructure/repository/postgres_scholarship.go:82.23,84.3 1 0
github.com/lukcba/club-pulse-system-api/backend/internal/modules/membership/infrastructure/repository/postgres_scholarship.go:86.2,91.16 3 0
github.com/lukcba/club-pulse-system-api/backend/internal/modules/membership/infrastructure/repository/postgres_scholarship.go:91.16,93.3 1 0
github.com/lukcba/club-pulse-system-api/backend/internal/modules/membership/infrastructure/repository/postgres_scholarship.go:95.2,96.27 2 0
github.com/lukcba/club-pulse-system-api/backend/internal/modules/membership/infrastructure/repository/postgres_scholarship.go:96.27,99.3 1 0
github.com/lukcba/club-pulse-system-api/backend/internal/modules/membership/infrastructure/repository/postgres_scholarship.go:100.2,100.20 1 0
github.com/lukcba/club-pulse-system-api/backend/internal/modules/membership/infrastructure/repository/postgres_scholarship.go:103.90,115.2 1 1
github.com/lukcba/club-pulse-system-api/backend/internal/modules/membership/infrastructure/repository/postgres_subscription.go:17.85,19.2 1 1
github.com/lukcba/club-pulse-system-api/backend/internal/modules/membership/infrastructure/repository/postgres_subscription.go:37.45,39.2 1 1
github.com/lukcba/club-pulse-system-api/backend/internal/modules/membership/infrastructure/repository/postgres_subscription.go:41.111,44.2 2 1
github.com/lukcba/club-pulse-system-api/backend/internal/modules/membership/infrastructure/repository/postgres_subscription.go:46.115,48.80 2 1
github.com/lukcba/club-pulse-system-api/backend/internal/modules/membership/infrastructure/repository/postgres_subscription.go:48.80,50.3 1 0
github.com/lukcba/club-pulse-system-api/backend/internal/modules/membership/infrastructure/repository/postgres_subscription.go:51.2,51.32 1 1
github.com/lukcba/club-pulse-system-api/backend/internal/modules/membership/infrastructure/repository/postgres_subscription.go:54.121,56.95 2 0
github.com/lukcba/club-pulse-system-api/backend/internal/modules/membership/infrastructure/repository/postgres_subscription.go:56.95,58.3 1 0
github.com/lukcba/club-pulse-system-api/backend/internal/modules/membership/infrastructure/repository/postgres_subscription.go:59.2,60.27 2 0
github.com/lukcba/club-pulse-system-api/backend/internal/modules/membership/infrastructure/repository/postgres_subscription.go:60.27,62.3 1 0
github.com/lukcba/club-pulse-system-api/backend/internal/modules/membership/infrastructure/repository/postgres_subscription.go:63.2,63.27 1 0
github.com/lukcba/club-pulse-system-api/backend/internal/modules/membership/infrastructure/repository/postgres_subscription.go:66.111,69.2 2 0
github.com/lukcba/club-pulse-system-api/backend/internal/modules/membership/infrastructure/repository/postgres_subscription.go:71.93,86.2 1 1
github.com/lukcba/club-pulse-system-api/backend/internal/modules/membership/infrastructure/repository/postgres_subscription.go:88.94,103.2 1 1
github.com/lukcba/club-pulse-system-api/backend/internal/modules/membership/infrastructure/http/handler.go:17.88,19.2 1 1
github.com/lukcba/club-pulse-system-api/backend/internal/modules/membership/infrastructure/http/handler.go:21.113,24.2 3 1
github.com/lukcba/club-pulse-system-api/backend/internal/modules/membership/infrastructure/http/handler.go:24.2,35.3 8 1
github.com/lukcba/club-pulse-system-api/backend/internal/modules/membership/infrastructure/http/handler.go:35.3,39.4 3 1
github.com/lukcba/club-pulse-system-api/backend/internal/modules/membership/infrastructure/http/handler.go:44.62,47.16 3 1
github.com/lukcba/club-pulse-system-api/backend/internal/modules/membership/infrastructure/http/handler.go:47.16,50.3 2 0
github.com/lukcba/club-pulse-system-api/backend/internal/modules/membership/infrastructure/http/handler.go:52.2,53.13 2 1
github.com/lukcba/club-pulse-system-api/backend/internal/modules/membership/infrastructure/http/handler.go:53.13,56.3 2 0
github.com/lukcba/club-pulse-system-api/backend/internal/modules/membership/infrastructure/http/handler.go:58.2,63.71 4 1
github.com/lukcba/club-pulse-system-api/backend/internal/modules/membership/infrastructure/http/handler.go:63.71,67.38 2 0
github.com/lukcba/club-pulse-system-api/backend/internal/modules/membership/infrastructure/http/handler.go:67.38,70.4 2 0
github.com/lukcba/club-pulse-system-api/backend/internal/modules/membership/infrastructure/http/handler.go:71.3,71.48 1 0
github.com/lukcba/club-pulse-system-api/backend/internal/modules/membership/infrastructure/http/handler.go:74.2,75.16 2 1
github.com/lukcba/club-pulse-system-api/backend/internal/modules/membership/infrastructure/http/handler.go:75.16,76.44 1 0
github.com/lukcba/club-pulse-system-api/backend/internal/modules/membership/infrastructure/http/handler.go:76.44,79.4 2 0
github.com/lukcba/club-pulse-system-api/backend/internal/modules/membership/infrastructure/http/handler.go:80.3,81.9 2 0
github.com/lukcba/club-pulse-system-api/backend/internal/modules/membership/infrastructure/http/handler.go:84.2,84.84 1 1
github.com/lukcba/club-pulse-system-api/backend/internal/modules/membership/infrastructure/http/handler.go:87.55,90.16 3 1
github.com/lukcba/club-pulse-system-api/backend/internal/modules/membership/infrastructure/http/handler.go:90.16,93.3 2 0
github.com/lukcba/club-pulse-system-api/backend/internal/modules/membership/infrastructure/http/handler.go:94.2,94.45 1 1
github.com/lukcba/club-pulse-system-api/backend/internal/modules/membership/infrastructure/http/handler.go:97.62,99.47 2 1
github.com/lukcba/club-pulse-system-api/backend/internal/modules/membership/infrastructure/http/handler.go:99.47,102.3 2 0
github.com/lukcba/club-pulse-system-api/backend/internal/modules/membership/infrastructure/http/handler.go:105.2,106.13 2 1
github.com/lukcba/club-pulse-system-api/backend/internal/modules/membership/infrastructure/http/handler.go:106.13,109.3 2 0
github.com/lukcba/club-pulse-system-api/backend/internal/modules/membership/infrastructure/http/handler.go:112.2,116.16 4 1
github.com/lukcba/club-pulse-system-api/backend/internal/modules/membership/infrastructure/http/handler.go:116.16,119.3 2 0
github.com/lukcba/club-pulse-system-api/backend/internal/modules/membership/infrastructure/http/handler.go:121.2,121.55 1 1
github.com/lukcba/club-pulse-system-api/backend/internal/modules/membership/infrastructure/http/handler.go:124.59,127.16 3 1
github.com/lukcba/club-pulse-system-api/backend/internal/modules/membership/infrastructure/http/handler.go:127.16,130.3 2 0
github.com/lukcba/club-pulse-system-api/backend/internal/modules/membership/infrastructure/http/handler.go:133.2,134.13 2 1
github.com/lukcba/club-pulse-system-api/backend/internal/modules/membership/infrastructure/http/handler.go:134.13,137.3 2 0
github.com/lukcba/club-pulse-system-api/backend/internal/modules/membership/infrastructure/http/handler.go:139.2,143.16 4 1
github.com/lukcba/club-pulse-system-api/backend/internal/modules/membership/infrastructure/http/handler.go:143.16,146.3 2 0
github.com/lukcba/club-pulse-system-api/backend/internal/modules/membership/infrastructure/http/handler.go:147.2,147.23 1 1
github.com/lukcba/club-pulse-system-api/backend/internal/modules/membership/infrastructure/http/handler.go:147.23,150.3 2 0
github.com/lukcba/club-pulse-system-api/backend/internal/modules/membership/infrastructure/http/handler.go:153.2,155.37 1 1
github.com/lukcba/club-pulse-system-api/backend/internal/modules/membership/infrastructure/http/handler.go:155.37,158.3 2 0
github.com/lukcba/club-pulse-system-api/backend/internal/modules/membership/infrastructure/http/handler.go:160.2,160.50 1 1
github.com/lukcba/club-pulse-system-api/backend/internal/modules/membership/infrastructure/http/handler.go:163.61,165.13 2 0
github.com/lukcba/club-pulse-system-api/backend/internal/modules/membership/infrastructure/http/handler.go:165.13,168.3 2 0
github.com/lukcba/club-pulse-system-api/backend/internal/modules/membership/infrastructure/http/handler.go:170.2,173.16 4 0
github.com/lukcba/club-pulse-system-api/backend/internal/modules/membership/infrastructure/http/handler.go:173.16,176.3 2 0
github.com/lukcba/club-pulse-system-api/backend/internal/modules/membership/infrastructure/http/handler.go:178.2,178.51 1 0
github.com/lukcba/club-pulse-system-api/backend/internal/modules/membership/infrastructure/http/handler.go:182.64,187.16 3 0
github.com/lukcba/club-pulse-system-api/backend/internal/modules/membership/infrastructure/http/handler.go:187.16,190.3 2 0
github.com/lukcba/club-pulse-system-api/backend/internal/modules/membership/infrastructure/http/handler.go:191.2,191.51 1 0
github.com/lukcba/club-pulse-system-api/backend/internal/modules/membership/infrastructure/http/handler.go:194.60,199.16 3 1
github.com/lukcba/club-pulse-system-api/backend/internal/modules/membership/infrastructure/http/handler.go:199.16,202.3 2 0
github.com/lukcba/club-pulse-system-api/backend/internal/modules/membership/infrastructure/http/handler.go:203.2,206.4 1 1
github.com/lukcba/club-pulse-system-api/backend/internal/modules/membership/infrastructure/http/handler.go:209.63,213.47 2 1
github.com/lukcba/club-pulse-system-api/backend/internal/modules/membership/infrastructure/http/handler.go:213.47,216.3 2 0
github.com/lukcba/club-pulse-system-api/backend/internal/modules/membership/infrastructure/http/handler.go:219.2,220.13 2 1
github.com/lukcba/club-pulse-system-api/backend/internal/modules/membership/infrastructure/http/handler.go:220.13,223.3 2 0
github.com/lukcba/club-pulse-system-api/backend/internal/modules/membership/infrastructure/http/handler.go:225.2,227.16 3 1
github.com/lukcba/club-pulse-system-api/backend/internal/modules/membership/infrastructure/http/handler.go:227.16,230.3 2 0
github.com/lukcba/club-pulse-system-api/backend/internal/modules/membership/infrastructure/http/handler.go:232.2,232.56 1 1
