mode: set
github.com/lukcba/club-pulse-system-api/backend/internal/modules/user/infrastructure/http/document_handler.go:20.133,25.2 1 0
github.com/lukcba/club-pulse-system-api/backend/internal/modules/user/infrastructure/http/document_handler.go:35.58,42.73 5 0
github.com/lukcba/club-pulse-system-api/backend/internal/modules/user/infrastructure/http/document_handler.go:42.73,45.3 2 0
github.com/lukcba/club-pulse-system-api/backend/internal/modules/user/infrastructure/http/document_handler.go:47.2,48.43 2 0
github.com/lukcba/club-pulse-system-api/backend/internal/modules/user/infrastructure/http/document_handler.go:48.43,51.3 2 0
github.com/lukcba/club-pulse-system-api/backend/internal/modules/user/infrastructure/http/document_handler.go:54.2,55.16 2 0
github.com/lukcba/club-pulse-system-api/backend/internal/modules/user/infrastructure/http/document_handler.go:55.16,58.3 2 0
github.com/lukcba/club-pulse-system-api/backend/internal/modules/user/infrastructure/http/document_handler.go:62.2,66.60 3 0
github.com/lukcba/club-pulse-system-api/backend/internal/modules/user/infrastructure/http/document_handler.go:66.60,68.17 2 0
github.com/lukcba/club-pulse-system-api/backend/internal/modules/user/infrastructure/http/document_handler.go:68.17,71.4 2 0
github.com/lukcba/club-pulse-system-api/backend/internal/modules/user/infrastructure/http/document_handler.go:72.3,72.27 1 0
github.com/lukcba/club-pulse-system-api/backend/internal/modules/user/infrastructure/http/document_handler.go:76.2,85.46 2 0
github.com/lukcba/club-pulse-system-api/backend/internal/modules/user/infrastructure/http/document_handler.go:85.46,88.3 2 0
github.com/lukcba/club-pulse-system-api/backend/internal/modules/user/infrastructure/http/document_handler.go:90.2,90.33 1 0
github.com/lukcba/club-pulse-system-api/backend/internal/modules/user/infrastructure/http/document_handler.go:95.57,100.16 4 0
github.com/lukcba/club-pulse-system-api/backend/internal/modules/user/infrastructure/http/document_handler.go:100.16,103.3 2 0
github.com/lukcba/club-pulse-system-api/backend/internal/modules/user/infrastructure/http/document_handler.go:105.2,105.29 1 0
github.com/lukcba/club-pulse-system-api/backend/internal/modules/user/infrastructure/http/document_handler.go:111.55,119.16 7 0
github.com/lukcba/club-pulse-system-api/backend/internal/modules/user/infrastructure/http/document_handler.go:119.16,122.3 2 0
github.com/lukcba/club-pulse-system-api/backend/internal/modules/user/infrastructure/http/document_handler.go:124.2,125.16 2 0
github.com/lukcba/club-pulse-system-api/backend/internal/modules/user/infrastructure/http/document_handler.go:125.16,128.3 2 0
github.com/lukcba/club-pulse-system-api/backend/internal/modules/user/infrastructure/http/document_handler.go:131.2,131.49 1 0
github.com/lukcba/club-pulse-system-api/backend/internal/modules/user/infrastructure/http/document_handler.go:131.49,140.51 4 0
github.com/lukcba/club-pulse-system-api/backend/internal/modules/user/infrastructure/http/document_handler.go:140.51,146.4 2 0
github.com/lukcba/club-pulse-system-api/backend/internal/modules/user/infrastructure/http/document_handler.go:152.2,152.28 1 0
github.com/lukcba/club-pulse-system-api/backend/internal/modules/user/infrastructure/http/document_handler.go:163.60,170.46 5 0
github.com/lukcba/club-pulse-system-api/backend/internal/modules/user/infrastructure/http/document_handler.go:170.46,173.3 2 0
github.com/lukcba/club-pulse-system-api/backend/internal/modules/user/infrastructure/http/document_handler.go:175.2,176.47 2 0
github.com/lukcba/club-pulse-system-api/backend/internal/modules/user/infrastructure/http/document_handler.go:176.47,179.3 2 0
github.com/lukcba/club-pulse-system-api/backend/internal/modules/user/infrastructure/http/document_handler.go:181.2,182.16 2 0
github.com/lukcba/club-pulse-system-api/backend/internal/modules/user/infrastructure/http/document_handler.go:182.16,185.3 2 0
github.com/lukcba/club-pulse-system-api/backend/internal/modules/user/infrastructure/http/document_handler.go:188.2,194.4 3 0
github.com/lukcba/club-pulse-system-api/backend/internal/modules/user/infrastructure/http/document_handler.go:199.58,207.73 6 0
github.com/lukcba/club-pulse-system-api/backend/internal/modules/user/infrastructure/http/document_handler.go:207.73,210.3 2 0
github.com/lukcba/club-pulse-system-api/backend/internal/modules/user/infrastructure/http/document_handler.go:212.2,213.16 2 0
github.com/lukcba/club-pulse-system-api/backend/internal/modules/user/infrastructure/http/document_handler.go:213.16,216.3 2 0
github.com/lukcba/club-pulse-system-api/backend/internal/modules/user/infrastructure/http/document_handler.go:218.2,218.58 1 0
github.com/lukcba/club-pulse-system-api/backend/internal/modules/user/infrastructure/http/document_handler.go:218.58,221.3 2 0
github.com/lukcba/club-pulse-system-api/backend/internal/modules/user/infrastructure/http/document_handler.go:223.2,223.77 1 0
github.com/lukcba/club-pulse-system-api/backend/internal/modules/user/infrastructure/http/document_handler.go:228.60,233.16 4 0
github.com/lukcba/club-pulse-system-api/backend/internal/modules/user/infrastructure/http/document_handler.go:233.16,236.3 2 0
github.com/lukcba/club-pulse-system-api/backend/internal/modules/user/infrastructure/http/document_handler.go:238.2,238.31 1 0
github.com/lukcba/club-pulse-system-api/backend/internal/modules/user/infrastructure/http/document_handler.go:243.62,248.16 4 0
github.com/lukcba/club-pulse-system-api/backend/internal/modules/user/infrastructure/http/document_handler.go:248.16,251.3 2 0
github.com/lukcba/club-pulse-system-api/backend/internal/modules/user/infrastructure/http/document_handler.go:253.2,253.32 1 0
github.com/lukcba/club-pulse-system-api/backend/internal/modules/user/infrastructure/http/document_handler.go:257.112,260.2 3 0
github.com/lukcba/club-pulse-system-api/backend/internal/modules/user/infrastructure/http/document_handler.go:260.2,271.3 7 0
github.com/lukcba/club-pulse-system-api/backend/internal/modules/user/infrastructure/http/handler.go:18.70,22.2 1 1
github.com/lukcba/club-pulse-system-api/backend/internal/modules/user/infrastructure/http/handler.go:29.50,31.13 2 1
github.com/lukcba/club-pulse-system-api/backend/internal/modules/user/infrastructure/http/handler.go:31.13,34.3 2 0
github.com/lukcba/club-pulse-system-api/backend/internal/modules/user/infrastructure/http/handler.go:37.2,41.35 3 1
github.com/lukcba/club-pulse-system-api/backend/internal/modules/user/infrastructure/http/handler.go:41.35,43.3 1 0
github.com/lukcba/club-pulse-system-api/backend/internal/modules/user/infrastructure/http/handler.go:45.2,45.18 1 1
github.com/lukcba/club-pulse-system-api/backend/internal/modules/user/infrastructure/http/handler.go:45.18,49.3 2 0
github.com/lukcba/club-pulse-system-api/backend/internal/modules/user/infrastructure/http/handler.go:51.2,52.16 2 1
github.com/lukcba/club-pulse-system-api/backend/internal/modules/user/infrastructure/http/handler.go:52.16,55.3 2 0
github.com/lukcba/club-pulse-system-api/backend/internal/modules/user/infrastructure/http/handler.go:56.2,56.17 1 1
github.com/lukcba/club-pulse-system-api/backend/internal/modules/user/infrastructure/http/handler.go:56.17,59.3 2 0
github.com/lukcba/club-pulse-system-api/backend/internal/modules/user/infrastructure/http/handler.go:61.2,66.33 2 1
github.com/lukcba/club-pulse-system-api/backend/internal/modules/user/infrastructure/http/handler.go:69.53,71.13 2 1
github.com/lukcba/club-pulse-system-api/backend/internal/modules/user/infrastructure/http/handler.go:71.13,74.3 2 0
github.com/lukcba/club-pulse-system-api/backend/internal/modules/user/infrastructure/http/handler.go:76.2,77.47 2 1
github.com/lukcba/club-pulse-system-api/backend/internal/modules/user/infrastructure/http/handler.go:77.47,80.3 2 0
github.com/lukcba/club-pulse-system-api/backend/internal/modules/user/infrastructure/http/handler.go:82.2,85.35 3 1
github.com/lukcba/club-pulse-system-api/backend/internal/modules/user/infrastructure/http/handler.go:85.35,87.3 1 0
github.com/lukcba/club-pulse-system-api/backend/internal/modules/user/infrastructure/http/handler.go:89.2,90.16 2 1
github.com/lukcba/club-pulse-system-api/backend/internal/modules/user/infrastructure/http/handler.go:90.16,93.3 2 0
github.com/lukcba/club-pulse-system-api/backend/internal/modules/user/infrastructure/http/handler.go:95.2,95.29 1 1
github.com/lukcba/club-pulse-system-api/backend/internal/modules/user/infrastructure/http/handler.go:98.49,109.16 6 0
github.com/lukcba/club-pulse-system-api/backend/internal/modules/user/infrastructure/http/handler.go:109.16,112.3 2 0
github.com/lukcba/club-pulse-system-api/backend/internal/modules/user/infrastructure/http/handler.go:113.2,113.45 1 0
github.com/lukcba/club-pulse-system-api/backend/internal/modules/user/infrastructure/http/handler.go:116.50,120.20 2 0
github.com/lukcba/club-pulse-system-api/backend/internal/modules/user/infrastructure/http/handler.go:120.20,123.3 2 0
github.com/lukcba/club-pulse-system-api/backend/internal/modules/user/infrastructure/http/handler.go:125.2,126.13 2 0
github.com/lukcba/club-pulse-system-api/backend/internal/modules/user/infrastructure/http/handler.go:126.13,129.3 2 0
github.com/lukcba/club-pulse-system-api/backend/internal/modules/user/infrastructure/http/handler.go:131.2,132.102 2 0
github.com/lukcba/club-pulse-system-api/backend/internal/modules/user/infrastructure/http/handler.go:132.102,135.3 2 0
github.com/lukcba/club-pulse-system-api/backend/internal/modules/user/infrastructure/http/handler.go:137.2,137.32 1 0
github.com/lukcba/club-pulse-system-api/backend/internal/modules/user/infrastructure/http/handler.go:140.51,142.13 2 1
github.com/lukcba/club-pulse-system-api/backend/internal/modules/user/infrastructure/http/handler.go:142.13,145.3 2 0
github.com/lukcba/club-pulse-system-api/backend/internal/modules/user/infrastructure/http/handler.go:147.2,149.35 3 1
github.com/lukcba/club-pulse-system-api/backend/internal/modules/user/infrastructure/http/handler.go:149.35,151.3 1 0
github.com/lukcba/club-pulse-system-api/backend/internal/modules/user/infrastructure/http/handler.go:153.2,154.16 2 1
github.com/lukcba/club-pulse-system-api/backend/internal/modules/user/infrastructure/http/handler.go:154.16,157.3 2 0
github.com/lukcba/club-pulse-system-api/backend/internal/modules/user/infrastructure/http/handler.go:159.2,159.48 1 1
github.com/lukcba/club-pulse-system-api/backend/internal/modules/user/infrastructure/http/handler.go:162.53,164.13 2 1
github.com/lukcba/club-pulse-system-api/backend/internal/modules/user/infrastructure/http/handler.go:164.13,167.3 2 0
github.com/lukcba/club-pulse-system-api/backend/internal/modules/user/infrastructure/http/handler.go:169.2,170.47 2 1
github.com/lukcba/club-pulse-system-api/backend/internal/modules/user/infrastructure/http/handler.go:170.47,173.3 2 0
github.com/lukcba/club-pulse-system-api/backend/internal/modules/user/infrastructure/http/handler.go:175.2,177.35 3 1
github.com/lukcba/club-pulse-system-api/backend/internal/modules/user/infrastructure/http/handler.go:177.35,179.3 1 0
github.com/lukcba/club-pulse-system-api/backend/internal/modules/user/infrastructure/http/handler.go:181.2,182.16 2 1
github.com/lukcba/club-pulse-system-api/backend/internal/modules/user/infrastructure/http/handler.go:182.16,185.3 2 0
github.com/lukcba/club-pulse-system-api/backend/internal/modules/user/infrastructure/http/handler.go:187.2,187.50 1 1
github.com/lukcba/club-pulse-system-api/backend/internal/modules/user/infrastructure/http/handler.go:190.48,192.14 2 1
github.com/lukcba/club-pulse-system-api/backend/internal/modules/user/infrastructure/http/handler.go:192.14,195.3 2 0
github.com/lukcba/club-pulse-system-api/backend/internal/modules/user/infrastructure/http/handler.go:197.2,198.13 2 1
github.com/lukcba/club-pulse-system-api/backend/internal/modules/user/infrastructure/http/handler.go:198.13,201.3 2 0
github.com/lukcba/club-pulse-system-api/backend/internal/modules/user/infrastructure/http/handler.go:202.2,205.16 2 1
github.com/lukcba/club-pulse-system-api/backend/internal/modules/user/infrastructure/http/handler.go:205.16,207.3 1 1
github.com/lukcba/club-pulse-system-api/backend/internal/modules/user/infrastructure/http/handler.go:207.8,211.87 3 0
github.com/lukcba/club-pulse-system-api/backend/internal/modules/user/infrastructure/http/handler.go:211.87,214.4 2 0
github.com/lukcba/club-pulse-system-api/backend/internal/modules/user/infrastructure/http/handler.go:217.2,221.58 3 1
github.com/lukcba/club-pulse-system-api/backend/internal/modules/user/infrastructure/http/handler.go:221.58,223.3 1 0
github.com/lukcba/club-pulse-system-api/backend/internal/modules/user/infrastructure/http/handler.go:225.2,226.16 2 1
github.com/lukcba/club-pulse-system-api/backend/internal/modules/user/infrastructure/http/handler.go:226.16,229.3 2 0
github.com/lukcba/club-pulse-system-api/backend/internal/modules/user/infrastructure/http/handler.go:231.2,231.18 1 1
github.com/lukcba/club-pulse-system-api/backend/internal/modules/user/infrastructure/http/handler.go:231.18,234.3 2 0
github.com/lukcba/club-pulse-system-api/backend/internal/modules/user/infrastructure/http/handler.go:236.2,236.45 1 1
github.com/lukcba/club-pulse-system-api/backend/internal/modules/user/infrastructure/http/handler.go:239.49,241.14 2 1
github.com/lukcba/club-pulse-system-api/backend/internal/modules/user/infrastructure/http/handler.go:241.14,244.3 2 0
github.com/lukcba/club-pulse-system-api/backend/internal/modules/user/infrastructure/http/handler.go:246.2,247.13 2 1
github.com/lukcba/club-pulse-system-api/backend/internal/modules/user/infrastructure/http/handler.go:247.13,250.3 2 0
github.com/lukcba/club-pulse-system-api/backend/internal/modules/user/infrastructure/http/handler.go:251.2,254.16 2 1
github.com/lukcba/club-pulse-system-api/backend/internal/modules/user/infrastructure/http/handler.go:254.16,256.3 1 1
github.com/lukcba/club-pulse-system-api/backend/internal/modules/user/infrastructure/http/handler.go:256.8,260.87 3 0
github.com/lukcba/club-pulse-system-api/backend/internal/modules/user/infrastructure/http/handler.go:260.87,263.4 2 0
github.com/lukcba/club-pulse-system-api/backend/internal/modules/user/infrastructure/http/handler.go:266.2,268.58 3 1
github.com/lukcba/club-pulse-system-api/backend/internal/modules/user/infrastructure/http/handler.go:268.58,270.3 1 0
github.com/lukcba/club-pulse-system-api/backend/internal/modules/user/infrastructure/http/handler.go:272.2,273.16 2 1
github.com/lukcba/club-pulse-system-api/backend/internal/modules/user/infrastructure/http/handler.go:273.16,276.3 2 0
github.com/lukcba/club-pulse-system-api/backend/internal/modules/user/infrastructure/http/handler.go:278.2,278.19 1 1
github.com/lukcba/club-pulse-system-api/backend/internal/modules/user/infrastructure/http/handler.go:278.19,281.3 2 0
github.com/lukcba/club-pulse-system-api/backend/internal/modules/user/infrastructure/http/handler.go:283.2,283.46 1 1
github.com/lukcba/club-pulse-system-api/backend/internal/modules/user/infrastructure/http/handler.go:293.59,295.47 2 1
github.com/lukcba/club-pulse-system-api/backend/internal/modules/user/infrastructure/http/handler.go:295.47,298.3 2 0
github.com/lukcba/club-pulse-system-api/backend/internal/modules/user/infrastructure/http/handler.go:300.2,301.13 2 1
github.com/lukcba/club-pulse-system-api/backend/internal/modules/user/infrastructure/http/handler.go:301.13,304.3 2 0
github.com/lukcba/club-pulse-system-api/backend/internal/modules/user/infrastructure/http/handler.go:305.2,307.180 2 1
github.com/lukcba/club-pulse-system-api/backend/internal/modules/user/infrastructure/http/handler.go:307.180,310.3 2 0
github.com/lukcba/club-pulse-system-api/backend/internal/modules/user/infrastructure/http/handler.go:312.2,312.25 1 1
github.com/lukcba/club-pulse-system-api/backend/internal/modules/user/infrastructure/http/handler.go:322.51,324.47 2 1
github.com/lukcba/club-pulse-system-api/backend/internal/modules/user/infrastructure/http/handler.go:324.47,327.3 2 0
github.com/lukcba/club-pulse-system-api/backend/internal/modules/user/infrastructure/http/handler.go:330.2,334.16 4 1
github.com/lukcba/club-pulse-system-api/backend/internal/modules/user/infrastructure/http/handler.go:334.16,337.3 2 0
github.com/lukcba/club-pulse-system-api/backend/internal/modules/user/infrastructure/http/handler.go:339.2,339.38 1 1
github.com/lukcba/club-pulse-system-api/backend/internal/modules/user/infrastructure/http/handler.go:342.113,345.2 3 1
github.com/lukcba/club-pulse-system-api/backend/internal/modules/user/infrastructure/http/handler.go:345.2,369.3 16 1
github.com/lukcba/club-pulse-system-api/backend/internal/modules/user/infrastructure/http/handler.go:369.3,371.4 1 1
github.com/lukcba/club-pulse-system-api/backend/internal/modules/user/infrastructure/http/handler.go:374.3,376.3 3 1
github.com/lukcba/club-pulse-system-api/backend/internal/modules/user/infrastructure/http/handler.go:376.3,378.4 1 1
github.com/lukcba/club-pulse-system-api/backend/internal/modules/user/infrastructure/http/handler.go:388.57,390.47 2 1
github.com/lukcba/club-pulse-system-api/backend/internal/modules/user/infrastructure/http/handler.go:390.47,393.3 2 0
github.com/lukcba/club-pulse-system-api/backend/internal/modules/user/infrastructure/http/handler.go:395.2,399.16 4 1
github.com/lukcba/club-pulse-system-api/backend/internal/modules/user/infrastructure/http/handler.go:399.16,402.3 2 0
github.com/lukcba/club-pulse-system-api/backend/internal/modules/user/infrastructure/http/handler.go:404.2,404.50 1 1
github.com/lukcba/club-pulse-system-api/backend/internal/modules/user/infrastructure/http/handler.go:407.56,412.16 4 1
github.com/lukcba/club-pulse-system-api/backend/internal/modules/user/infrastructure/http/handler.go:412.16,415.3 2 0
github.com/lukcba/club-pulse-system-api/backend/internal/modules/user/infrastructure/http/handler.go:417.2,417.45 1 1
github.com/lukcba/club-pulse-system-api/backend/internal/modules/user/infrastructure/http/handler.go:424.55,426.22 2 1
github.com/lukcba/club-pulse-system-api/backend/internal/modules/user/infrastructure/http/handler.go:426.22,429.3 2 0
github.com/lukcba/club-pulse-system-api/backend/internal/modules/user/infrastructure/http/handler.go:432.2,433.13 2 1
github.com/lukcba/club-pulse-system-api/backend/internal/modules/user/infrastructure/http/handler.go:433.13,436.3 2 0
github.com/lukcba/club-pulse-system-api/backend/internal/modules/user/infrastructure/http/handler.go:438.2,439.47 2 1
github.com/lukcba/club-pulse-system-api/backend/internal/modules/user/infrastructure/http/handler.go:439.47,442.3 2 0
github.com/lukcba/club-pulse-system-api/backend/internal/modules/user/infrastructure/http/handler.go:444.2,448.16 3 1
github.com/lukcba/club-pulse-system-api/backend/internal/modules/user/infrastructure/http/handler.go:448.16,451.3 2 0
github.com/lukcba/club-pulse-system-api/backend/internal/modules/user/infrastructure/http/handler.go:454.2,454.131 1 1
github.com/lukcba/club-pulse-system-api/backend/internal/modules/user/infrastructure/http/handler.go:454.131,455.60 1 0
github.com/lukcba/club-pulse-system-api/backend/internal/modules/user/infrastructure/http/handler.go:455.60,458.4 2 0
github.com/lukcba/club-pulse-system-api/backend/internal/modules/user/infrastructure/http/handler.go:459.3,460.9 2 0
github.com/lukcba/club-pulse-system-api/backend/internal/modules/user/infrastructure/http/handler.go:463.2,463.32 1 1
github.com/lukcba/club-pulse-system-api/backend/internal/modules/user/infrastructure/http/handler.go:466.63,468.18 2 1
github.com/lukcba/club-pulse-system-api/backend/internal/modules/user/infrastructure/http/handler.go:468.18,471.3 2 0
github.com/lukcba/club-pulse-system-api/backend/internal/modules/user/infrastructure/http/handler.go:473.2,474.47 2 1
github.com/lukcba/club-pulse-system-api/backend/internal/modules/user/infrastructure/http/handler.go:474.47,477.3 2 0
github.com/lukcba/club-pulse-system-api/backend/internal/modules/user/infrastructure/http/handler.go:479.2,480.16 2 1
github.com/lukcba/club-pulse-system-api/backend/internal/modules/user/infrastructure/http/handler.go:480.16,483.3 2 0
github.com/lukcba/club-pulse-system-api/backend/internal/modules/user/infrastructure/http/handler.go:485.2,485.49 1 1
github.com/lukcba/club-pulse-system-api/backend/internal/modules/user/infrastructure/http/handler.go:488.69,490.2 2 1
github.com/lukcba/club-pulse-system-api/backend/internal/modules/user/infrastructure/http/handler.go:490.2,492.3 1 1
github.com/lukcba/club-pulse-system-api/backend/internal/modules/user/infrastructure/http/handler.go:499.52,501.13 2 1
github.com/lukcba/club-pulse-system-api/backend/internal/modules/user/infrastructure/http/handler.go:501.13,504.3 2 0
github.com/lukcba/club-pulse-system-api/backend/internal/modules/user/infrastructure/http/handler.go:506.2,508.35 3 1
github.com/lukcba/club-pulse-system-api/backend/internal/modules/user/infrastructure/http/handler.go:508.35,510.3 1 0
github.com/lukcba/club-pulse-system-api/backend/internal/modules/user/infrastructure/http/handler.go:512.2,513.16 2 1
github.com/lukcba/club-pulse-system-api/backend/internal/modules/user/infrastructure/http/handler.go:513.16,516.3 2 0
github.com/lukcba/club-pulse-system-api/backend/internal/modules/user/infrastructure/http/handler.go:519.2,521.35 3 1
github.com/lukcba/club-pulse-system-api/backend/internal/modules/user/infrastructure/http/handler.go:527.54,529.13 2 1
github.com/lukcba/club-pulse-system-api/backend/internal/modules/user/infrastructure/http/handler.go:529.13,532.3 2 0
github.com/lukcba/club-pulse-system-api/backend/internal/modules/user/infrastructure/http/handler.go:534.2,536.35 3 1
github.com/lukcba/club-pulse-system-api/backend/internal/modules/user/infrastructure/http/handler.go:536.35,538.3 1 0
github.com/lukcba/club-pulse-system-api/backend/internal/modules/user/infrastructure/http/handler.go:542.2,542.112 1 1
github.com/lukcba/club-pulse-system-api/backend/internal/modules/user/infrastructure/http/handler.go:542.112,545.3 2 0
github.com/lukcba/club-pulse-system-api/backend/internal/modules/user/infrastructure/http/handler.go:547.2,550.4 1 1
github.com/lukcba/club-pulse-system-api/backend/internal/modules/user/infrastructure/http/league_export_handler.go:18.98,22.2 1 0
github.com/lukcba/club-pulse-system-api/backend/internal/modules/user/infrastructure/http/league_export_handler.go:26.66,32.65 4 0
github.com/lukcba/club-pulse-system-api/backend/internal/modules/user/infrastructure/http/league_export_handler.go:32.65,35.3 2 0
github.com/lukcba/club-pulse-system-api/backend/internal/modules/user/infrastructure/http/league_export_handler.go:39.2,44.25 2 0
github.com/lukcba/club-pulse-system-api/backend/internal/modules/user/infrastructure/http/league_export_handler.go:44.25,46.17 2 0
github.com/lukcba/club-pulse-system-api/backend/internal/modules/user/infrastructure/http/league_export_handler.go:46.17,49.4 2 0
github.com/lukcba/club-pulse-system-api/backend/internal/modules/user/infrastructure/http/league_export_handler.go:50.3,50.30 1 0
github.com/lukcba/club-pulse-system-api/backend/internal/modules/user/infrastructure/http/league_export_handler.go:54.2,55.18 2 0
github.com/lukcba/club-pulse-system-api/backend/internal/modules/user/infrastructure/http/league_export_handler.go:55.18,57.3 1 0
github.com/lukcba/club-pulse-system-api/backend/internal/modules/user/infrastructure/http/league_export_handler.go:60.2,68.90 5 0
github.com/lukcba/club-pulse-system-api/backend/internal/modules/user/infrastructure/http/league_export_handler.go:68.90,71.3 2 0
github.com/lukcba/club-pulse-system-api/backend/internal/modules/user/infrastructure/http/league_export_handler.go:75.120,78.2 3 0
github.com/lukcba/club-pulse-system-api/backend/internal/modules/user/infrastructure/http/league_export_handler.go:78.2,80.3 1 0
