mode: set
github.com/lukcba/club-pulse-system-api/backend/internal/modules/user/application/eligibility_service.go:17.87,21.2 1 1
github.com/lukcba/club-pulse-system-api/backend/internal/modules/user/application/eligibility_service.go:35.98,37.16 2 1
github.com/lukcba/club-pulse-system-api/backend/internal/modules/user/application/eligibility_service.go:37.16,39.3 1 0
github.com/lukcba/club-pulse-system-api/backend/internal/modules/user/application/eligibility_service.go:41.2,49.27 2 1
github.com/lukcba/club-pulse-system-api/backend/internal/modules/user/application/eligibility_service.go:49.27,51.45 1 1
github.com/lukcba/club-pulse-system-api/backend/internal/modules/user/application/eligibility_service.go:51.45,53.9 2 1
github.com/lukcba/club-pulse-system-api/backend/internal/modules/user/application/eligibility_service.go:58.2,58.27 1 1
github.com/lukcba/club-pulse-system-api/backend/internal/modules/user/application/eligibility_service.go:58.27,59.50 1 1
github.com/lukcba/club-pulse-system-api/backend/internal/modules/user/application/eligibility_service.go:59.50,60.69 1 1
github.com/lukcba/club-pulse-system-api/backend/internal/modules/user/application/eligibility_service.go:60.69,62.5 1 1
github.com/lukcba/club-pulse-system-api/backend/internal/modules/user/application/eligibility_service.go:62.10,62.55 1 1
github.com/lukcba/club-pulse-system-api/backend/internal/modules/user/application/eligibility_service.go:62.55,64.5 1 1
github.com/lukcba/club-pulse-system-api/backend/internal/modules/user/application/eligibility_service.go:64.10,64.57 1 1
github.com/lukcba/club-pulse-system-api/backend/internal/modules/user/application/eligibility_service.go:64.57,66.5 1 1
github.com/lukcba/club-pulse-system-api/backend/internal/modules/user/application/eligibility_service.go:66.10,66.58 1 0
github.com/lukcba/club-pulse-system-api/backend/internal/modules/user/application/eligibility_service.go:66.58,68.5 1 0
github.com/lukcba/club-pulse-system-api/backend/internal/modules/user/application/eligibility_service.go:69.4,69.9 1 1
github.com/lukcba/club-pulse-system-api/backend/internal/modules/user/application/eligibility_service.go:74.2,74.20 1 1
github.com/lukcba/club-pulse-system-api/backend/internal/modules/user/application/eligibility_service.go:74.20,76.3 1 1
github.com/lukcba/club-pulse-system-api/backend/internal/modules/user/application/eligibility_service.go:77.2,77.22 1 1
github.com/lukcba/club-pulse-system-api/backend/internal/modules/user/application/eligibility_service.go:77.22,80.39 2 1
github.com/lukcba/club-pulse-system-api/backend/internal/modules/user/application/eligibility_service.go:80.39,81.128 1 1
github.com/lukcba/club-pulse-system-api/backend/internal/modules/user/application/eligibility_service.go:81.128,83.10 2 1
github.com/lukcba/club-pulse-system-api/backend/internal/modules/user/application/eligibility_service.go:86.3,86.21 1 1
github.com/lukcba/club-pulse-system-api/backend/internal/modules/user/application/eligibility_service.go:86.21,88.4 1 1
github.com/lukcba/club-pulse-system-api/backend/internal/modules/user/application/eligibility_service.go:92.2,94.20 2 1
github.com/lukcba/club-pulse-system-api/backend/internal/modules/user/application/eligibility_service.go:98.127,100.16 2 0
github.com/lukcba/club-pulse-system-api/backend/internal/modules/user/application/eligibility_service.go:100.16,102.3 1 0
github.com/lukcba/club-pulse-system-api/backend/internal/modules/user/application/eligibility_service.go:104.2,107.27 2 0
github.com/lukcba/club-pulse-system-api/backend/internal/modules/user/application/eligibility_service.go:107.27,109.66 1 0
github.com/lukcba/club-pulse-system-api/backend/internal/modules/user/application/eligibility_service.go:109.66,111.4 1 0
github.com/lukcba/club-pulse-system-api/backend/internal/modules/user/application/eligibility_service.go:111.9,113.47 1 0
github.com/lukcba/club-pulse-system-api/backend/internal/modules/user/application/eligibility_service.go:113.47,115.5 1 0
github.com/lukcba/club-pulse-system-api/backend/internal/modules/user/application/eligibility_service.go:119.2,119.21 1 0
github.com/lukcba/club-pulse-system-api/backend/internal/modules/user/application/eligibility_service.go:123.130,125.16 2 1
github.com/lukcba/club-pulse-system-api/backend/internal/modules/user/application/eligibility_service.go:125.16,127.3 1 0
github.com/lukcba/club-pulse-system-api/backend/internal/modules/user/application/eligibility_service.go:129.2,130.16 2 1
github.com/lukcba/club-pulse-system-api/backend/internal/modules/user/application/eligibility_service.go:130.16,132.3 1 0
github.com/lukcba/club-pulse-system-api/backend/internal/modules/user/application/eligibility_service.go:135.2,135.27 1 1
github.com/lukcba/club-pulse-system-api/backend/internal/modules/user/application/eligibility_service.go:135.27,137.3 1 1
github.com/lukcba/club-pulse-system-api/backend/internal/modules/user/application/eligibility_service.go:140.2,144.13 4 1
github.com/lukcba/club-pulse-system-api/backend/internal/modules/user/application/eligibility_service.go:144.13,147.3 2 1
github.com/lukcba/club-pulse-system-api/backend/internal/modules/user/application/eligibility_service.go:147.8,150.3 2 1
github.com/lukcba/club-pulse-system-api/backend/internal/modules/user/application/eligibility_service.go:152.2,152.30 1 1
github.com/lukcba/club-pulse-system-api/backend/internal/modules/user/application/eligibility_service.go:156.46,158.2 1 1
github.com/lukcba/club-pulse-system-api/backend/internal/modules/user/application/league_export_service.go:27.89,31.2 1 0
github.com/lukcba/club-pulse-system-api/backend/internal/modules/user/application/league_export_service.go:37.115,45.33 4 0
github.com/lukcba/club-pulse-system-api/backend/internal/modules/user/application/league_export_service.go:45.33,47.3 1 0
github.com/lukcba/club-pulse-system-api/backend/internal/modules/user/application/league_export_service.go:50.2,50.27 1 0
github.com/lukcba/club-pulse-system-api/backend/internal/modules/user/application/league_export_service.go:54.103,85.33 19 0
github.com/lukcba/club-pulse-system-api/backend/internal/modules/user/application/league_export_service.go:85.33,95.30 7 0
github.com/lukcba/club-pulse-system-api/backend/internal/modules/user/application/league_export_service.go:95.30,97.4 1 0
github.com/lukcba/club-pulse-system-api/backend/internal/modules/user/application/league_export_service.go:98.3,102.58 3 0
github.com/lukcba/club-pulse-system-api/backend/internal/modules/user/application/league_export_service.go:106.2,108.101 3 0
github.com/lukcba/club-pulse-system-api/backend/internal/modules/user/application/league_export_service.go:112.91,129.39 10 0
github.com/lukcba/club-pulse-system-api/backend/internal/modules/user/application/league_export_service.go:129.39,130.47 1 0
github.com/lukcba/club-pulse-system-api/backend/internal/modules/user/application/league_export_service.go:130.47,131.12 1 0
github.com/lukcba/club-pulse-system-api/backend/internal/modules/user/application/league_export_service.go:134.3,134.19 1 0
github.com/lukcba/club-pulse-system-api/backend/internal/modules/user/application/league_export_service.go:135.64,136.15 1 0
github.com/lukcba/club-pulse-system-api/backend/internal/modules/user/application/league_export_service.go:136.15,146.5 6 0
github.com/lukcba/club-pulse-system-api/backend/internal/modules/user/application/league_export_service.go:148.40,149.17 1 0
github.com/lukcba/club-pulse-system-api/backend/internal/modules/user/application/league_export_service.go:149.17,155.34 5 0
github.com/lukcba/club-pulse-system-api/backend/internal/modules/user/application/league_export_service.go:155.34,157.6 1 0
github.com/lukcba/club-pulse-system-api/backend/internal/modules/user/application/league_export_service.go:158.5,159.20 2 0
github.com/lukcba/club-pulse-system-api/backend/internal/modules/user/application/league_export_service.go:168.2,168.26 1 0
github.com/lukcba/club-pulse-system-api/backend/internal/modules/user/application/league_export_service.go:168.26,176.14 7 0
github.com/lukcba/club-pulse-system-api/backend/internal/modules/user/application/league_export_service.go:176.14,178.4 1 0
github.com/lukcba/club-pulse-system-api/backend/internal/modules/user/application/league_export_service.go:179.3,179.16 1 0
github.com/lukcba/club-pulse-system-api/backend/internal/modules/user/application/league_export_service.go:179.16,181.4 1 0
github.com/lukcba/club-pulse-system-api/backend/internal/modules/user/application/league_export_service.go:186.75,190.39 3 0
github.com/lukcba/club-pulse-system-api/backend/internal/modules/user/application/league_export_service.go:190.39,191.47 1 0
github.com/lukcba/club-pulse-system-api/backend/internal/modules/user/application/league_export_service.go:191.47,192.12 1 0
github.com/lukcba/club-pulse-system-api/backend/internal/modules/user/application/league_export_service.go:195.3,195.88 1 0
github.com/lukcba/club-pulse-system-api/backend/internal/modules/user/application/league_export_service.go:195.88,197.4 1 0
github.com/lukcba/club-pulse-system-api/backend/internal/modules/user/application/league_export_service.go:199.3,199.70 1 0
github.com/lukcba/club-pulse-system-api/backend/internal/modules/user/application/league_export_service.go:199.70,201.4 1 0
github.com/lukcba/club-pulse-system-api/backend/internal/modules/user/application/league_export_service.go:204.2,204.24 1 0
github.com/lukcba/club-pulse-system-api/backend/internal/modules/user/application/league_export_service.go:204.24,206.3 1 0
github.com/lukcba/club-pulse-system-api/backend/internal/modules/user/application/league_export_service.go:206.8,206.31 1 0
github.com/lukcba/club-pulse-system-api/backend/internal/modules/user/application/league_export_service.go:206.31,208.3 1 0
github.com/lukcba/club-pulse-system-api/backend/internal/modules/user/application/league_export_service.go:209.2,209.23 1 0
github.com/lukcba/club-pulse-system-api/backend/internal/modules/user/application/league_export_service.go:213.68,214.16 1 0
github.com/lukcba/club-pulse-system-api/backend/internal/modules/user/application/league_export_service.go:215.22,216.31 1 0
github.com/lukcba/club-pulse-system-api/backend/internal/modules/user/application/league_export_service.go:217.24,218.31 1 0
github.com/lukcba/club-pulse-system-api/backend/internal/modules/user/application/league_export_service.go:219.10,220.31 1 0
github.com/lukcba/club-pulse-system-api/backend/internal/modules/user/application/league_export_service.go:225.88,228.33 2 0
github.com/lukcba/club-pulse-system-api/backend/internal/modules/user/application/league_export_service.go:228.33,230.31 2 0
github.com/lukcba/club-pulse-system-api/backend/internal/modules/user/application/league_export_service.go:230.31,232.4 1 0
github.com/lukcba/club-pulse-system-api/backend/internal/modules/user/application/league_export_service.go:235.2,235.17 1 0
github.com/lukcba/club-pulse-system-api/backend/internal/modules/user/application/league_export_service.go:239.104,241.2 1 0
github.com/lukcba/club-pulse-system-api/backend/internal/modules/user/application/usecases.go:18.110,23.2 1 1
github.com/lukcba/club-pulse-system-api/backend/internal/modules/user/application/usecases.go:25.102,26.18 1 1
github.com/lukcba/club-pulse-system-api/backend/internal/modules/user/application/usecases.go:26.18,28.3 1 1
github.com/lukcba/club-pulse-system-api/backend/internal/modules/user/application/usecases.go:29.2,29.45 1 1
github.com/lukcba/club-pulse-system-api/backend/internal/modules/user/application/usecases.go:38.127,40.16 2 1
github.com/lukcba/club-pulse-system-api/backend/internal/modules/user/application/usecases.go:40.16,42.3 1 0
github.com/lukcba/club-pulse-system-api/backend/internal/modules/user/application/usecases.go:43.2,43.17 1 1
github.com/lukcba/club-pulse-system-api/backend/internal/modules/user/application/usecases.go:43.17,45.3 1 1
github.com/lukcba/club-pulse-system-api/backend/internal/modules/user/application/usecases.go:48.2,48.20 1 1
github.com/lukcba/club-pulse-system-api/backend/internal/modules/user/application/usecases.go:48.20,50.3 1 1
github.com/lukcba/club-pulse-system-api/backend/internal/modules/user/application/usecases.go:51.2,51.28 1 1
github.com/lukcba/club-pulse-system-api/backend/internal/modules/user/application/usecases.go:51.28,53.3 1 0
github.com/lukcba/club-pulse-system-api/backend/internal/modules/user/application/usecases.go:54.2,54.34 1 1
github.com/lukcba/club-pulse-system-api/backend/internal/modules/user/application/usecases.go:54.34,56.3 1 0
github.com/lukcba/club-pulse-system-api/backend/internal/modules/user/application/usecases.go:59.2,61.50 2 1
github.com/lukcba/club-pulse-system-api/backend/internal/modules/user/application/usecases.go:61.50,63.3 1 0
github.com/lukcba/club-pulse-system-api/backend/internal/modules/user/application/usecases.go:65.2,65.18 1 1
github.com/lukcba/club-pulse-system-api/backend/internal/modules/user/application/usecases.go:68.102,69.23 1 1
github.com/lukcba/club-pulse-system-api/backend/internal/modules/user/application/usecases.go:69.23,71.3 1 1
github.com/lukcba/club-pulse-system-api/backend/internal/modules/user/application/usecases.go:72.2,72.40 1 1
github.com/lukcba/club-pulse-system-api/backend/internal/modules/user/application/usecases.go:75.128,76.16 1 1
github.com/lukcba/club-pulse-system-api/backend/internal/modules/user/application/usecases.go:76.16,78.3 1 1
github.com/lukcba/club-pulse-system-api/backend/internal/modules/user/application/usecases.go:79.2,79.16 1 1
github.com/lukcba/club-pulse-system-api/backend/internal/modules/user/application/usecases.go:79.16,81.3 1 1
github.com/lukcba/club-pulse-system-api/backend/internal/modules/user/application/usecases.go:83.2,84.18 2 1
github.com/lukcba/club-pulse-system-api/backend/internal/modules/user/application/usecases.go:84.18,86.3 1 1
github.com/lukcba/club-pulse-system-api/backend/internal/modules/user/application/usecases.go:88.2,88.58 1 1
github.com/lukcba/club-pulse-system-api/backend/internal/modules/user/application/usecases.go:91.107,92.20 1 1
github.com/lukcba/club-pulse-system-api/backend/internal/modules/user/application/usecases.go:92.20,94.3 1 0
github.com/lukcba/club-pulse-system-api/backend/internal/modules/user/application/usecases.go:95.2,95.52 1 1
github.com/lukcba/club-pulse-system-api/backend/internal/modules/user/application/usecases.go:104.129,105.20 1 1
github.com/lukcba/club-pulse-system-api/backend/internal/modules/user/application/usecases.go:105.20,107.3 1 1
github.com/lukcba/club-pulse-system-api/backend/internal/modules/user/application/usecases.go:108.2,108.20 1 1
github.com/lukcba/club-pulse-system-api/backend/internal/modules/user/application/usecases.go:108.20,110.3 1 0
github.com/lukcba/club-pulse-system-api/backend/internal/modules/user/application/usecases.go:116.2,117.17 2 1
github.com/lukcba/club-pulse-system-api/backend/internal/modules/user/application/usecases.go:117.17,119.3 1 1
github.com/lukcba/club-pulse-system-api/backend/internal/modules/user/application/usecases.go:121.2,133.51 2 1
github.com/lukcba/club-pulse-system-api/backend/internal/modules/user/application/usecases.go:133.51,135.3 1 0
github.com/lukcba/club-pulse-system-api/backend/internal/modules/user/application/usecases.go:137.2,137.19 1 1
github.com/lukcba/club-pulse-system-api/backend/internal/modules/user/application/usecases.go:150.127,151.27 1 1
github.com/lukcba/club-pulse-system-api/backend/internal/modules/user/application/usecases.go:151.27,153.3 1 0
github.com/lukcba/club-pulse-system-api/backend/internal/modules/user/application/usecases.go:155.2,156.16 2 1
github.com/lukcba/club-pulse-system-api/backend/internal/modules/user/application/usecases.go:156.16,158.3 1 0
github.com/lukcba/club-pulse-system-api/backend/internal/modules/user/application/usecases.go:160.2,161.19 2 1
github.com/lukcba/club-pulse-system-api/backend/internal/modules/user/application/usecases.go:161.19,173.56 2 1
github.com/lukcba/club-pulse-system-api/backend/internal/modules/user/application/usecases.go:173.56,175.4 1 0
github.com/lukcba/club-pulse-system-api/backend/internal/modules/user/application/usecases.go:176.3,176.26 1 1
github.com/lukcba/club-pulse-system-api/backend/internal/modules/user/application/usecases.go:177.8,179.3 1 0
github.com/lukcba/club-pulse-system-api/backend/internal/modules/user/application/usecases.go:182.2,195.51 2 1
github.com/lukcba/club-pulse-system-api/backend/internal/modules/user/application/usecases.go:195.51,197.3 1 0
github.com/lukcba/club-pulse-system-api/backend/internal/modules/user/application/usecases.go:199.2,199.19 1 1
github.com/lukcba/club-pulse-system-api/backend/internal/modules/user/application/usecases.go:202.105,204.16 2 1
github.com/lukcba/club-pulse-system-api/backend/internal/modules/user/application/usecases.go:204.16,206.3 1 0
github.com/lukcba/club-pulse-system-api/backend/internal/modules/user/application/usecases.go:207.2,207.17 1 1
github.com/lukcba/club-pulse-system-api/backend/internal/modules/user/application/usecases.go:207.17,209.3 1 0
github.com/lukcba/club-pulse-system-api/backend/internal/modules/user/application/usecases.go:210.2,210.24 1 1
github.com/lukcba/club-pulse-system-api/backend/internal/modules/user/application/usecases.go:213.103,215.16 2 1
github.com/lukcba/club-pulse-system-api/backend/internal/modules/user/application/usecases.go:215.16,217.3 1 0
github.com/lukcba/club-pulse-system-api/backend/internal/modules/user/application/usecases.go:218.2,218.17 1 1
github.com/lukcba/club-pulse-system-api/backend/internal/modules/user/application/usecases.go:218.17,220.3 1 0
github.com/lukcba/club-pulse-system-api/backend/internal/modules/user/application/usecases.go:221.2,221.25 1 1
github.com/lukcba/club-pulse-system-api/backend/internal/modules/user/application/usecases.go:224.144,226.16 2 1
github.com/lukcba/club-pulse-system-api/backend/internal/modules/user/application/usecases.go:226.16,228.3 1 0
github.com/lukcba/club-pulse-system-api/backend/internal/modules/user/application/usecases.go:229.2,229.17 1 1
github.com/lukcba/club-pulse-system-api/backend/internal/modules/user/application/usecases.go:229.17,231.3 1 0
github.com/lukcba/club-pulse-system-api/backend/internal/modules/user/application/usecases.go:237.2,237.24 1 1
github.com/lukcba/club-pulse-system-api/backend/internal/modules/user/application/usecases.go:237.24,246.3 1 0
github.com/lukcba/club-pulse-system-api/backend/internal/modules/user/application/usecases.go:251.2,265.34 5 1
github.com/lukcba/club-pulse-system-api/backend/internal/modules/user/application/usecases.go:268.165,270.16 2 1
github.com/lukcba/club-pulse-system-api/backend/internal/modules/user/application/usecases.go:270.16,272.3 1 0
github.com/lukcba/club-pulse-system-api/backend/internal/modules/user/application/usecases.go:273.2,273.17 1 1
github.com/lukcba/club-pulse-system-api/backend/internal/modules/user/application/usecases.go:273.17,275.3 1 0
github.com/lukcba/club-pulse-system-api/backend/internal/modules/user/application/usecases.go:277.2,283.34 6 1
github.com/lukcba/club-pulse-system-api/backend/internal/modules/user/application/usecases.go:286.166,302.25 2 1
github.com/lukcba/club-pulse-system-api/backend/internal/modules/user/application/usecases.go:302.25,304.3 1 1
github.com/lukcba/club-pulse-system-api/backend/internal/modules/user/application/usecases.go:306.2,306.62 1 1
github.com/lukcba/club-pulse-system-api/backend/internal/modules/user/application/usecases.go:306.62,308.3 1 0
github.com/lukcba/club-pulse-system-api/backend/internal/modules/user/application/usecases.go:310.2,310.22 1 1
github.com/lukcba/club-pulse-system-api/backend/internal/modules/user/application/usecases.go:313.116,315.16 2 1
github.com/lukcba/club-pulse-system-api/backend/internal/modules/user/application/usecases.go:315.16,317.3 1 0
github.com/lukcba/club-pulse-system-api/backend/internal/modules/user/application/usecases.go:318.2,318.17 1 1
github.com/lukcba/club-pulse-system-api/backend/internal/modules/user/application/usecases.go:318.17,321.3 1 0
github.com/lukcba/club-pulse-system-api/backend/internal/modules/user/application/usecases.go:323.2,323.23 1 1
github.com/lukcba/club-pulse-system-api/backend/internal/modules/user/application/usecases.go:323.23,340.3 2 0
github.com/lukcba/club-pulse-system-api/backend/internal/modules/user/application/usecases.go:342.2,349.9 5 1
github.com/lukcba/club-pulse-system-api/backend/internal/modules/user/application/usecases.go:349.9,357.3 6 1
github.com/lukcba/club-pulse-system-api/backend/internal/modules/user/application/usecases.go:357.8,359.3 1 1
github.com/lukcba/club-pulse-system-api/backend/internal/modules/user/application/usecases.go:362.2,365.6 2 1
github.com/lukcba/club-pulse-system-api/backend/internal/modules/user/application/usecases.go:365.6,367.42 2 1
github.com/lukcba/club-pulse-system-api/backend/internal/modules/user/application/usecases.go:367.42,371.4 2 1
github.com/lukcba/club-pulse-system-api/backend/internal/modules/user/application/usecases.go:371.9,372.9 1 1
github.com/lukcba/club-pulse-system-api/backend/internal/modules/user/application/usecases.go:376.2,378.34 2 1
github.com/lukcba/club-pulse-system-api/backend/internal/modules/user/application/usecases.go:383.41,385.2 1 1
github.com/lukcba/club-pulse-system-api/backend/internal/modules/user/application/usecases.go:388.63,391.35 2 1
github.com/lukcba/club-pulse-system-api/backend/internal/modules/user/application/usecases.go:391.35,397.3 4 0
github.com/lukcba/club-pulse-system-api/backend/internal/modules/user/application/usecases.go:399.2,402.31 3 1
github.com/lukcba/club-pulse-system-api/backend/internal/modules/user/application/usecases.go:403.9,405.9 1 0
github.com/lukcba/club-pulse-system-api/backend/internal/modules/user/application/usecases.go:406.9,409.48 2 1
github.com/lukcba/club-pulse-system-api/backend/internal/modules/user/application/usecases.go:409.48,411.4 1 1
github.com/lukcba/club-pulse-system-api/backend/internal/modules/user/application/usecases.go:412.10,414.26 1 1
github.com/lukcba/club-pulse-system-api/backend/internal/modules/user/application/usecases.go:417.2,417.33 1 1
github.com/lukcba/club-pulse-system-api/backend/internal/modules/user/application/usecases.go:422.126,423.31 1 1
github.com/lukcba/club-pulse-system-api/backend/internal/modules/user/application/usecases.go:423.31,425.3 1 0
github.com/lukcba/club-pulse-system-api/backend/internal/modules/user/application/usecases.go:426.2,426.16 1 1
github.com/lukcba/club-pulse-system-api/backend/internal/modules/user/application/usecases.go:426.16,428.3 1 0
github.com/lukcba/club-pulse-system-api/backend/internal/modules/user/application/usecases.go:431.2,432.21 2 1
github.com/lukcba/club-pulse-system-api/backend/internal/modules/user/application/usecases.go:432.21,434.3 1 0
github.com/lukcba/club-pulse-system-api/backend/internal/modules/user/application/usecases.go:436.2,442.62 2 1
github.com/lukcba/club-pulse-system-api/backend/internal/modules/user/application/usecases.go:442.62,444.3 1 0
github.com/lukcba/club-pulse-system-api/backend/internal/modules/user/application/usecases.go:447.2,449.19 2 1
github.com/lukcba/club-pulse-system-api/backend/internal/modules/user/application/usecases.go:452.115,453.31 1 1
github.com/lukcba/club-pulse-system-api/backend/internal/modules/user/application/usecases.go:453.31,455.3 1 0
github.com/lukcba/club-pulse-system-api/backend/internal/modules/user/application/usecases.go:456.2,456.62 1 1
github.com/lukcba/club-pulse-system-api/backend/internal/modules/user/application/usecases.go:459.123,460.31 1 1
github.com/lukcba/club-pulse-system-api/backend/internal/modules/user/application/usecases.go:460.31,462.3 1 0
github.com/lukcba/club-pulse-system-api/backend/internal/modules/user/application/usecases.go:463.2,463.73 1 1
github.com/lukcba/club-pulse-system-api/backend/internal/modules/user/application/usecases.go:468.147,469.31 1 1
github.com/lukcba/club-pulse-system-api/backend/internal/modules/user/application/usecases.go:469.31,471.3 1 0
github.com/lukcba/club-pulse-system-api/backend/internal/modules/user/application/usecases.go:474.2,475.16 2 1
github.com/lukcba/club-pulse-system-api/backend/internal/modules/user/application/usecases.go:475.16,477.3 1 0
github.com/lukcba/club-pulse-system-api/backend/internal/modules/user/application/usecases.go:478.2,478.18 1 1
github.com/lukcba/club-pulse-system-api/backend/internal/modules/user/application/usecases.go:478.18,480.3 1 0
github.com/lukcba/club-pulse-system-api/backend/internal/modules/user/application/usecases.go:482.2,482.42 1 1
github.com/lukcba/club-pulse-system-api/backend/internal/modules/user/application/usecases.go:482.42,484.3 1 0
github.com/lukcba/club-pulse-system-api/backend/internal/modules/user/application/usecases.go:486.2,486.73 1 1
github.com/lukcba/club-pulse-system-api/backend/internal/modules/user/application/usecases.go:489.126,490.31 1 1
github.com/lukcba/club-pulse-system-api/backend/internal/modules/user/application/usecases.go:490.31,492.3 1 0
github.com/lukcba/club-pulse-system-api/backend/internal/modules/user/application/usecases.go:493.2,493.76 1 1
github.com/lukcba/club-pulse-system-api/backend/internal/modules/user/application/usecases.go:508.109,510.16 2 1
github.com/lukcba/club-pulse-system-api/backend/internal/modules/user/application/usecases.go:510.16,512.3 1 0
github.com/lukcba/club-pulse-system-api/backend/internal/modules/user/application/usecases.go:513.2,513.17 1 1
github.com/lukcba/club-pulse-system-api/backend/internal/modules/user/application/usecases.go:513.17,515.3 1 0
github.com/lukcba/club-pulse-system-api/backend/internal/modules/user/application/usecases.go:518.2,532.29 2 1
github.com/lukcba/club-pulse-system-api/backend/internal/modules/user/application/usecases.go:532.29,534.3 1 1
github.com/lukcba/club-pulse-system-api/backend/internal/modules/user/application/usecases.go:535.2,535.35 1 1
github.com/lukcba/club-pulse-system-api/backend/internal/modules/user/application/usecases.go:535.35,537.3 1 1
github.com/lukcba/club-pulse-system-api/backend/internal/modules/user/application/usecases.go:538.2,538.35 1 1
github.com/lukcba/club-pulse-system-api/backend/internal/modules/user/application/usecases.go:538.35,540.3 1 1
github.com/lukcba/club-pulse-system-api/backend/internal/modules/user/application/usecases.go:541.2,541.35 1 1
github.com/lukcba/club-pulse-system-api/backend/internal/modules/user/application/usecases.go:541.35,543.3 1 1
github.com/lukcba/club-pulse-system-api/backend/internal/modules/user/application/usecases.go:544.2,544.33 1 1
github.com/lukcba/club-pulse-system-api/backend/internal/modules/user/application/usecases.go:544.33,546.3 1 1
github.com/lukcba/club-pulse-system-api/backend/internal/modules/user/application/usecases.go:547.2,547.37 1 1
github.com/lukcba/club-pulse-system-api/backend/internal/modules/user/application/usecases.go:547.37,549.3 1 1
github.com/lukcba/club-pulse-system-api/backend/internal/modules/user/application/usecases.go:551.2,558.37 3 1
github.com/lukcba/club-pulse-system-api/backend/internal/modules/user/application/usecases.go:558.37,560.34 2 1
github.com/lukcba/club-pulse-system-api/backend/internal/modules/user/application/usecases.go:560.34,566.32 2 1
github.com/lukcba/club-pulse-system-api/backend/internal/modules/user/application/usecases.go:566.32,568.5 1 0
github.com/lukcba/club-pulse-system-api/backend/internal/modules/user/application/usecases.go:570.3,570.33 1 1
github.com/lukcba/club-pulse-system-api/backend/internal/modules/user/application/usecases.go:574.2,574.31 1 1
github.com/lukcba/club-pulse-system-api/backend/internal/modules/user/application/usecases.go:574.31,576.33 2 1
github.com/lukcba/club-pulse-system-api/backend/internal/modules/user/application/usecases.go:576.33,583.4 2 1
github.com/lukcba/club-pulse-system-api/backend/internal/modules/user/application/usecases.go:586.2,586.20 1 1
github.com/lukcba/club-pulse-system-api/backend/internal/modules/user/application/usecases.go:591.106,592.23 1 1
github.com/lukcba/club-pulse-system-api/backend/internal/modules/user/application/usecases.go:592.23,594.3 1 0
github.com/lukcba/club-pulse-system-api/backend/internal/modules/user/application/usecases.go:595.2,595.50 1 1
